<?xml version="1.0" ?>
<coverage branch-rate="0" line-rate="0.4318" timestamp="1469217611826" version="4.0.3">
	<!-- Generated by coverage.py: https://coverage.readthedocs.org -->
	<!-- Based on https://raw.githubusercontent.com/cobertura/web/f0366e5e2cf18f111cbd61fc34ef720a6584ba02/htdocs/xml/coverage-03.dtd -->
	<sources>
		<source>/Users/azotov/OpenEmory</source>
		<source>/Users/azotov/OpenEmory/openemory</source>
	</sources>
	<packages>
		<package branch-rate="0" complexity="0" line-rate="0.1667" name=".">
			<classes>
				<class branch-rate="0" complexity="0" filename="openemory.py" line-rate="0.1667" name="openemory.py">
					<methods/>
					<lines>
						<line hits="0" number="18"/>
						<line hits="0" number="21"/>
						<line hits="0" number="22"/>
						<line hits="0" number="23"/>
						<line hits="0" number="27"/>
						<line hits="1" number="28"/>
					</lines>
				</class>
			</classes>
		</package>
		<package branch-rate="0" complexity="0" line-rate="0.4459" name="openemory">
			<classes>
				<class branch-rate="0" complexity="0" filename="openemory/accounts.py" line-rate="0" name="accounts.py">
					<methods/>
					<lines>
						<line hits="0" number="17"/>
					</lines>
				</class>
				<class branch-rate="0" complexity="0" filename="openemory/common.py" line-rate="0" name="common.py">
					<methods/>
					<lines>
						<line hits="0" number="17"/>
					</lines>
				</class>
				<class branch-rate="0" complexity="0" filename="openemory/context_processors.py" line-rate="0.76" name="context_processors.py">
					<methods/>
					<lines>
						<line hits="1" number="17"/>
						<line hits="1" number="18"/>
						<line hits="1" number="19"/>
						<line hits="1" number="21"/>
						<line hits="1" number="31"/>
						<line hits="1" number="32"/>
						<line hits="1" number="33"/>
						<line hits="0" number="35"/>
						<line hits="0" number="36"/>
						<line hits="0" number="37"/>
						<line hits="0" number="38"/>
						<line hits="0" number="39"/>
						<line hits="1" number="40"/>
						<line hits="1" number="43"/>
						<line hits="1" number="52"/>
						<line hits="1" number="53"/>
						<line hits="1" number="56"/>
						<line hits="1" number="76"/>
						<line hits="1" number="77"/>
						<line hits="1" number="78"/>
						<line hits="0" number="79"/>
						<line hits="1" number="81"/>
						<line hits="1" number="84"/>
						<line hits="1" number="92"/>
						<line hits="1" number="96"/>
					</lines>
				</class>
				<class branch-rate="0" complexity="0" filename="openemory/harvest.py" line-rate="0" name="harvest.py">
					<methods/>
					<lines>
						<line hits="0" number="17"/>
					</lines>
				</class>
				<class branch-rate="0" complexity="0" filename="openemory/inlinemodelformsets.py" line-rate="0.875" name="inlinemodelformsets.py">
					<methods/>
					<lines>
						<line hits="1" number="26"/>
						<line hits="1" number="27"/>
						<line hits="1" number="30"/>
						<line hits="1" number="31"/>
						<line hits="1" number="32"/>
						<line hits="1" number="34"/>
						<line hits="1" number="35"/>
						<line hits="1" number="36"/>
						<line hits="1" number="37"/>
						<line hits="1" number="38"/>
						<line hits="1" number="40"/>
						<line hits="1" number="93"/>
						<line hits="1" number="95"/>
						<line hits="1" number="96"/>
						<line hits="1" number="97"/>
						<line hits="1" number="98"/>
						<line hits="1" number="99"/>
						<line hits="1" number="100"/>
						<line hits="1" number="101"/>
						<line hits="0" number="104"/>
						<line hits="0" number="105"/>
						<line hits="1" number="107"/>
						<line hits="1" number="108"/>
						<line hits="1" number="109"/>
						<line hits="1" number="110"/>
						<line hits="1" number="111"/>
						<line hits="1" number="113"/>
						<line hits="1" number="114"/>
						<line hits="1" number="115"/>
						<line hits="1" number="117"/>
						<line hits="1" number="118"/>
						<line hits="1" number="119"/>
						<line hits="1" number="120"/>
						<line hits="1" number="122"/>
						<line hits="0" number="123"/>
						<line hits="0" number="124"/>
						<line hits="0" number="125"/>
						<line hits="0" number="126"/>
						<line hits="1" number="127"/>
						<line hits="1" number="129"/>
						<line hits="1" number="130"/>
						<line hits="1" number="132"/>
						<line hits="1" number="133"/>
						<line hits="1" number="134"/>
						<line hits="1" number="135"/>
						<line hits="1" number="136"/>
						<line hits="1" number="137"/>
						<line hits="1" number="138"/>
					</lines>
				</class>
				<class branch-rate="0" complexity="0" filename="openemory/localsettings.py" line-rate="0" name="localsettings.py">
					<methods/>
					<lines>
						<line hits="0" number="3"/>
						<line hits="0" number="7"/>
						<line hits="0" number="8"/>
						<line hits="0" number="9"/>
						<line hits="0" number="12"/>
						<line hits="0" number="14"/>
						<line hits="0" number="18"/>
						<line hits="0" number="23"/>
						<line hits="0" number="67"/>
						<line hits="0" number="71"/>
						<line hits="0" number="73"/>
						<line hits="0" number="78"/>
						<line hits="0" number="81"/>
						<line hits="0" number="84"/>
						<line hits="0" number="85"/>
						<line hits="0" number="86"/>
						<line hits="0" number="87"/>
						<line hits="0" number="88"/>
						<line hits="0" number="89"/>
						<line hits="0" number="90"/>
						<line hits="0" number="122"/>
						<line hits="0" number="126"/>
						<line hits="0" number="130"/>
						<line hits="0" number="131"/>
						<line hits="0" number="142"/>
						<line hits="0" number="143"/>
						<line hits="0" number="146"/>
						<line hits="0" number="147"/>
						<line hits="0" number="149"/>
						<line hits="0" number="150"/>
						<line hits="0" number="155"/>
						<line hits="0" number="158"/>
						<line hits="0" number="160"/>
						<line hits="0" number="161"/>
						<line hits="0" number="163"/>
						<line hits="0" number="168"/>
						<line hits="0" number="169"/>
						<line hits="0" number="170"/>
						<line hits="0" number="171"/>
						<line hits="0" number="174"/>
						<line hits="0" number="176"/>
						<line hits="0" number="182"/>
						<line hits="0" number="184"/>
						<line hits="0" number="187"/>
						<line hits="0" number="188"/>
						<line hits="0" number="189"/>
						<line hits="0" number="190"/>
						<line hits="0" number="191"/>
						<line hits="0" number="192"/>
						<line hits="0" number="195"/>
						<line hits="0" number="198"/>
						<line hits="0" number="199"/>
						<line hits="0" number="200"/>
						<line hits="0" number="202"/>
						<line hits="0" number="203"/>
						<line hits="0" number="207"/>
						<line hits="0" number="209"/>
						<line hits="0" number="211"/>
						<line hits="0" number="232"/>
					</lines>
				</class>
				<class branch-rate="0" complexity="0" filename="openemory/mx.py" line-rate="1" name="mx.py">
					<methods/>
					<lines/>
				</class>
				<class branch-rate="0" complexity="0" filename="openemory/publication.py" line-rate="0" name="publication.py">
					<methods/>
					<lines>
						<line hits="0" number="17"/>
					</lines>
				</class>
				<class branch-rate="0" complexity="0" filename="openemory/rdfns.py" line-rate="0" name="rdfns.py">
					<methods/>
					<lines>
						<line hits="0" number="17"/>
						<line hits="0" number="23"/>
						<line hits="0" number="24"/>
						<line hits="0" number="26"/>
						<line hits="0" number="29"/>
						<line hits="0" number="32"/>
						<line hits="0" number="35"/>
						<line hits="0" number="38"/>
						<line hits="0" number="44"/>
					</lines>
				</class>
				<class branch-rate="0" complexity="0" filename="openemory/settings.py" line-rate="0" name="settings.py">
					<methods/>
					<lines>
						<line hits="0" number="19"/>
						<line hits="0" number="20"/>
						<line hits="0" number="21"/>
						<line hits="0" number="24"/>
						<line hits="0" number="28"/>
						<line hits="0" number="33"/>
						<line hits="0" number="39"/>
						<line hits="0" number="43"/>
						<line hits="0" number="48"/>
						<line hits="0" number="49"/>
						<line hits="0" number="51"/>
						<line hits="0" number="60"/>
						<line hits="0" number="67"/>
						<line hits="0" number="73"/>
						<line hits="0" number="96"/>
						<line hits="0" number="108"/>
						<line hits="0" number="112"/>
						<line hits="0" number="119"/>
						<line hits="0" number="143"/>
						<line hits="0" number="144"/>
						<line hits="0" number="150"/>
						<line hits="0" number="154"/>
						<line hits="0" number="157"/>
						<line hits="0" number="159"/>
						<line hits="0" number="166"/>
						<line hits="0" number="167"/>
						<line hits="0" number="168"/>
						<line hits="0" number="169"/>
						<line hits="0" number="170"/>
						<line hits="0" number="174"/>
						<line hits="0" number="181"/>
						<line hits="0" number="183"/>
						<line hits="0" number="184"/>
						<line hits="0" number="185"/>
						<line hits="0" number="186"/>
						<line hits="0" number="187"/>
						<line hits="0" number="190"/>
						<line hits="0" number="193"/>
						<line hits="0" number="197"/>
						<line hits="0" number="198"/>
						<line hits="0" number="201"/>
						<line hits="0" number="202"/>
						<line hits="0" number="203"/>
						<line hits="0" number="206"/>
						<line hits="0" number="207"/>
						<line hits="0" number="208"/>
						<line hits="0" number="209"/>
						<line hits="0" number="214"/>
						<line hits="0" number="215"/>
						<line hits="0" number="225"/>
						<line hits="0" number="227"/>
						<line hits="0" number="228"/>
						<line hits="0" number="229"/>
						<line hits="0" number="231"/>
					</lines>
				</class>
				<class branch-rate="0" complexity="0" filename="openemory/urls.py" line-rate="0.9231" name="urls.py">
					<methods/>
					<lines>
						<line hits="1" number="17"/>
						<line hits="1" number="18"/>
						<line hits="1" number="19"/>
						<line hits="1" number="20"/>
						<line hits="1" number="21"/>
						<line hits="1" number="23"/>
						<line hits="1" number="24"/>
						<line hits="1" number="26"/>
						<line hits="1" number="29"/>
						<line hits="1" number="45"/>
						<line hits="1" number="50"/>
						<line hits="1" number="55"/>
						<line hits="0" number="56"/>
					</lines>
				</class>
				<class branch-rate="0" complexity="0" filename="openemory/util.py" line-rate="0.7024" name="util.py">
					<methods/>
					<lines>
						<line hits="0" number="17"/>
						<line hits="0" number="22"/>
						<line hits="0" number="23"/>
						<line hits="0" number="24"/>
						<line hits="0" number="25"/>
						<line hits="0" number="26"/>
						<line hits="0" number="27"/>
						<line hits="0" number="29"/>
						<line hits="0" number="30"/>
						<line hits="0" number="31"/>
						<line hits="0" number="32"/>
						<line hits="0" number="33"/>
						<line hits="0" number="34"/>
						<line hits="0" number="35"/>
						<line hits="0" number="36"/>
						<line hits="0" number="38"/>
						<line hits="0" number="40"/>
						<line hits="0" number="42"/>
						<line hits="1" number="51"/>
						<line hits="1" number="52"/>
						<line hits="1" number="53"/>
						<line hits="1" number="54"/>
						<line hits="1" number="55"/>
						<line hits="1" number="58"/>
						<line hits="1" number="60"/>
						<line hits="1" number="63"/>
						<line hits="1" number="70"/>
						<line hits="1" number="71"/>
						<line hits="1" number="72"/>
						<line hits="1" number="73"/>
						<line hits="0" number="74"/>
						<line hits="1" number="77"/>
						<line hits="1" number="78"/>
						<line hits="1" number="81"/>
						<line hits="0" number="82"/>
						<line hits="1" number="83"/>
						<line hits="0" number="86"/>
						<line hits="1" number="87"/>
						<line hits="1" number="89"/>
						<line hits="1" number="92"/>
						<line hits="1" number="93"/>
						<line hits="1" number="95"/>
						<line hits="1" number="97"/>
						<line hits="0" number="101"/>
						<line hits="1" number="109"/>
						<line hits="1" number="111"/>
						<line hits="1" number="112"/>
						<line hits="0" number="113"/>
						<line hits="1" number="114"/>
						<line hits="1" number="116"/>
						<line hits="1" number="117"/>
						<line hits="1" number="118"/>
						<line hits="1" number="119"/>
						<line hits="1" number="122"/>
						<line hits="1" number="123"/>
						<line hits="1" number="125"/>
						<line hits="1" number="127"/>
						<line hits="1" number="128"/>
						<line hits="1" number="129"/>
						<line hits="1" number="130"/>
						<line hits="1" number="131"/>
						<line hits="1" number="133"/>
						<line hits="1" number="134"/>
						<line hits="1" number="135"/>
						<line hits="1" number="136"/>
						<line hits="1" number="138"/>
						<line hits="1" number="139"/>
						<line hits="1" number="141"/>
						<line hits="1" number="142"/>
						<line hits="1" number="143"/>
						<line hits="1" number="145"/>
						<line hits="0" number="148"/>
						<line hits="1" number="149"/>
						<line hits="1" number="150"/>
						<line hits="1" number="152"/>
						<line hits="1" number="153"/>
						<line hits="1" number="155"/>
						<line hits="1" number="156"/>
						<line hits="0" number="158"/>
						<line hits="1" number="160"/>
						<line hits="1" number="162"/>
						<line hits="1" number="163"/>
						<line hits="1" number="164"/>
						<line hits="1" number="166"/>
					</lines>
				</class>
			</classes>
		</package>
		<package branch-rate="0" complexity="0" line-rate="0.6151" name="openemory.accounts">
			<classes>
				<class branch-rate="0" complexity="0" filename="openemory/accounts/admin.py" line-rate="0" name="admin.py">
					<methods/>
					<lines>
						<line hits="0" number="17"/>
						<line hits="0" number="18"/>
						<line hits="0" number="19"/>
						<line hits="0" number="20"/>
						<line hits="0" number="21"/>
						<line hits="0" number="22"/>
						<line hits="0" number="23"/>
						<line hits="0" number="27"/>
						<line hits="0" number="28"/>
						<line hits="0" number="30"/>
						<line hits="0" number="32"/>
						<line hits="0" number="34"/>
						<line hits="0" number="36"/>
						<line hits="0" number="38"/>
						<line hits="0" number="40"/>
						<line hits="0" number="42"/>
						<line hits="0" number="45"/>
						<line hits="0" number="50"/>
						<line hits="0" number="52"/>
						<line hits="0" number="53"/>
						<line hits="0" number="54"/>
						<line hits="0" number="57"/>
						<line hits="0" number="58"/>
						<line hits="0" number="61"/>
						<line hits="0" number="62"/>
						<line hits="0" number="64"/>
						<line hits="0" number="67"/>
						<line hits="0" number="68"/>
						<line hits="0" number="69"/>
						<line hits="0" number="70"/>
						<line hits="0" number="71"/>
						<line hits="0" number="72"/>
						<line hits="0" number="73"/>
						<line hits="0" number="77"/>
						<line hits="0" number="78"/>
						<line hits="0" number="81"/>
						<line hits="0" number="86"/>
						<line hits="0" number="87"/>
						<line hits="0" number="88"/>
						<line hits="0" number="89"/>
						<line hits="0" number="90"/>
						<line hits="0" number="94"/>
					</lines>
				</class>
				<class branch-rate="0" complexity="0" filename="openemory/accounts/auth.py" line-rate="0.725" name="auth.py">
					<methods/>
					<lines>
						<line hits="0" number="17"/>
						<line hits="0" number="29"/>
						<line hits="0" number="31"/>
						<line hits="0" number="32"/>
						<line hits="0" number="33"/>
						<line hits="0" number="34"/>
						<line hits="0" number="37"/>
						<line hits="1" number="48"/>
						<line hits="1" number="49"/>
						<line hits="1" number="51"/>
						<line hits="1" number="52"/>
						<line hits="1" number="53"/>
						<line hits="1" number="56"/>
						<line hits="1" number="58"/>
						<line hits="1" number="60"/>
						<line hits="1" number="62"/>
						<line hits="1" number="64"/>
						<line hits="1" number="65"/>
						<line hits="1" number="68"/>
						<line hits="1" number="69"/>
						<line hits="1" number="72"/>
						<line hits="1" number="73"/>
						<line hits="1" number="76"/>
						<line hits="1" number="77"/>
						<line hits="1" number="79"/>
						<line hits="1" number="80"/>
						<line hits="0" number="82"/>
						<line hits="1" number="91"/>
						<line hits="0" number="94"/>
						<line hits="1" number="100"/>
						<line hits="1" number="101"/>
						<line hits="1" number="102"/>
						<line hits="1" number="103"/>
						<line hits="0" number="106"/>
						<line hits="1" number="120"/>
						<line hits="1" number="121"/>
						<line hits="1" number="125"/>
						<line hits="1" number="126"/>
						<line hits="1" number="127"/>
						<line hits="0" number="128"/>
					</lines>
				</class>
				<class branch-rate="0" complexity="0" filename="openemory/accounts/backends.py" line-rate="0.875" name="backends.py">
					<methods/>
					<lines>
						<line hits="1" number="17"/>
						<line hits="1" number="18"/>
						<line hits="1" number="19"/>
						<line hits="1" number="21"/>
						<line hits="1" number="23"/>
						<line hits="1" number="31"/>
						<line hits="1" number="35"/>
						<line hits="0" number="41"/>
					</lines>
				</class>
				<class branch-rate="0" complexity="0" filename="openemory/accounts/context_processors.py" line-rate="0.8667" name="context_processors.py">
					<methods/>
					<lines>
						<line hits="1" number="17"/>
						<line hits="1" number="18"/>
						<line hits="1" number="19"/>
						<line hits="1" number="20"/>
						<line hits="1" number="21"/>
						<line hits="1" number="22"/>
						<line hits="1" number="23"/>
						<line hits="1" number="24"/>
						<line hits="1" number="25"/>
						<line hits="1" number="26"/>
						<line hits="1" number="31"/>
						<line hits="1" number="36"/>
						<line hits="1" number="37"/>
						<line hits="1" number="39"/>
						<line hits="1" number="42"/>
						<line hits="1" number="46"/>
						<line hits="1" number="48"/>
						<line hits="1" number="49"/>
						<line hits="1" number="53"/>
						<line hits="1" number="56"/>
						<line hits="1" number="58"/>
						<line hits="1" number="63"/>
						<line hits="1" number="64"/>
						<line hits="1" number="67"/>
						<line hits="1" number="69"/>
						<line hits="1" number="72"/>
						<line hits="0" number="79"/>
						<line hits="0" number="82"/>
						<line hits="0" number="83"/>
						<line hits="0" number="85"/>
					</lines>
				</class>
				<class branch-rate="0" complexity="0" filename="openemory/accounts/db.py" line-rate="1" name="db.py">
					<methods/>
					<lines>
						<line hits="1" number="17"/>
						<line hits="1" number="22"/>
						<line hits="1" number="23"/>
						<line hits="1" number="26"/>
						<line hits="1" number="29"/>
						<line hits="1" number="30"/>
						<line hits="1" number="33"/>
						<line hits="1" number="36"/>
						<line hits="1" number="37"/>
						<line hits="1" number="39"/>
						<line hits="1" number="43"/>
						<line hits="1" number="44"/>
						<line hits="1" number="46"/>
						<line hits="1" number="47"/>
					</lines>
				</class>
				<class branch-rate="0" complexity="0" filename="openemory/accounts/fields.py" line-rate="0.4615" name="fields.py">
					<methods/>
					<lines>
						<line hits="0" number="17"/>
						<line hits="0" number="19"/>
						<line hits="0" number="25"/>
						<line hits="0" number="27"/>
						<line hits="1" number="28"/>
						<line hits="0" number="30"/>
						<line hits="1" number="31"/>
						<line hits="1" number="32"/>
						<line hits="1" number="33"/>
						<line hits="0" number="35"/>
						<line hits="1" number="36"/>
						<line hits="0" number="37"/>
						<line hits="1" number="38"/>
					</lines>
				</class>
				<class branch-rate="0" complexity="0" filename="openemory/accounts/forms.py" line-rate="0.9846" name="forms.py">
					<methods/>
					<lines>
						<line hits="1" number="17"/>
						<line hits="1" number="18"/>
						<line hits="1" number="19"/>
						<line hits="1" number="20"/>
						<line hits="1" number="21"/>
						<line hits="1" number="22"/>
						<line hits="1" number="24"/>
						<line hits="1" number="26"/>
						<line hits="1" number="27"/>
						<line hits="1" number="28"/>
						<line hits="1" number="30"/>
						<line hits="1" number="32"/>
						<line hits="1" number="33"/>
						<line hits="1" number="34"/>
						<line hits="1" number="35"/>
						<line hits="1" number="37"/>
						<line hits="1" number="42"/>
						<line hits="1" number="49"/>
						<line hits="1" number="50"/>
						<line hits="1" number="51"/>
						<line hits="1" number="52"/>
						<line hits="1" number="58"/>
						<line hits="1" number="59"/>
						<line hits="1" number="60"/>
						<line hits="1" number="62"/>
						<line hits="1" number="63"/>
						<line hits="1" number="65"/>
						<line hits="1" number="66"/>
						<line hits="1" number="67"/>
						<line hits="1" number="69"/>
						<line hits="1" number="70"/>
						<line hits="1" number="71"/>
						<line hits="1" number="73"/>
						<line hits="1" number="74"/>
						<line hits="1" number="75"/>
						<line hits="1" number="78"/>
						<line hits="1" number="79"/>
						<line hits="1" number="82"/>
						<line hits="1" number="83"/>
						<line hits="1" number="84"/>
						<line hits="1" number="85"/>
						<line hits="1" number="86"/>
						<line hits="1" number="88"/>
						<line hits="1" number="89"/>
						<line hits="1" number="90"/>
						<line hits="1" number="93"/>
						<line hits="1" number="96"/>
						<line hits="1" number="97"/>
						<line hits="1" number="98"/>
						<line hits="1" number="102"/>
						<line hits="1" number="104"/>
						<line hits="1" number="105"/>
						<line hits="1" number="113"/>
						<line hits="1" number="114"/>
						<line hits="0" number="118"/>
						<line hits="1" number="120"/>
						<line hits="1" number="123"/>
						<line hits="1" number="124"/>
						<line hits="1" number="125"/>
						<line hits="1" number="127"/>
						<line hits="1" number="129"/>
						<line hits="1" number="131"/>
						<line hits="1" number="133"/>
						<line hits="1" number="135"/>
						<line hits="1" number="137"/>
					</lines>
				</class>
				<class branch-rate="0" complexity="0" filename="openemory/accounts/management.py" line-rate="1" name="management.py">
					<methods/>
					<lines/>
				</class>
				<class branch-rate="0" complexity="0" filename="openemory/accounts/migrations.py" line-rate="1" name="migrations.py">
					<methods/>
					<lines/>
				</class>
				<class branch-rate="0" complexity="0" filename="openemory/accounts/models.py" line-rate="0.2727" name="models.py">
					<methods/>
					<lines>
						<line hits="0" number="17"/>
						<line hits="0" number="18"/>
						<line hits="0" number="19"/>
						<line hits="0" number="20"/>
						<line hits="0" number="21"/>
						<line hits="0" number="22"/>
						<line hits="0" number="23"/>
						<line hits="0" number="24"/>
						<line hits="0" number="25"/>
						<line hits="0" number="26"/>
						<line hits="0" number="27"/>
						<line hits="0" number="28"/>
						<line hits="0" number="29"/>
						<line hits="0" number="30"/>
						<line hits="0" number="31"/>
						<line hits="0" number="34"/>
						<line hits="0" number="35"/>
						<line hits="0" number="36"/>
						<line hits="0" number="37"/>
						<line hits="0" number="39"/>
						<line hits="0" number="43"/>
						<line hits="0" number="44"/>
						<line hits="0" number="45"/>
						<line hits="0" number="48"/>
						<line hits="0" number="50"/>
						<line hits="0" number="52"/>
						<line hits="0" number="55"/>
						<line hits="0" number="58"/>
						<line hits="0" number="59"/>
						<line hits="0" number="62"/>
						<line hits="1" number="71"/>
						<line hits="1" number="72"/>
						<line hits="0" number="76"/>
						<line hits="1" number="81"/>
						<line hits="1" number="82"/>
						<line hits="1" number="84"/>
						<line hits="0" number="86"/>
						<line hits="1" number="91"/>
						<line hits="1" number="92"/>
						<line hits="1" number="93"/>
						<line hits="1" number="94"/>
						<line hits="0" number="96"/>
						<line hits="1" number="99"/>
						<line hits="1" number="100"/>
						<line hits="1" number="102"/>
						<line hits="0" number="104"/>
						<line hits="1" number="106"/>
						<line hits="0" number="108"/>
						<line hits="1" number="114"/>
						<line hits="1" number="115"/>
						<line hits="0" number="117"/>
						<line hits="1" number="128"/>
						<line hits="1" number="129"/>
						<line hits="0" number="133"/>
						<line hits="1" number="140"/>
						<line hits="1" number="141"/>
						<line hits="1" number="142"/>
						<line hits="1" number="143"/>
						<line hits="1" number="144"/>
						<line hits="1" number="146"/>
						<line hits="1" number="147"/>
						<line hits="1" number="148"/>
						<line hits="1" number="150"/>
						<line hits="1" number="153"/>
						<line hits="0" number="156"/>
						<line hits="0" number="158"/>
						<line hits="0" number="164"/>
						<line hits="0" number="166"/>
						<line hits="0" number="167"/>
						<line hits="0" number="170"/>
						<line hits="0" number="173"/>
						<line hits="0" number="174"/>
						<line hits="0" number="175"/>
						<line hits="0" number="179"/>
						<line hits="0" number="180"/>
						<line hits="0" number="181"/>
						<line hits="0" number="183"/>
						<line hits="0" number="185"/>
						<line hits="0" number="186"/>
						<line hits="0" number="188"/>
						<line hits="0" number="190"/>
						<line hits="0" number="192"/>
						<line hits="0" number="193"/>
						<line hits="0" number="196"/>
						<line hits="0" number="198"/>
						<line hits="0" number="199"/>
						<line hits="0" number="201"/>
						<line hits="0" number="203"/>
						<line hits="0" number="205"/>
						<line hits="0" number="206"/>
						<line hits="0" number="207"/>
						<line hits="0" number="208"/>
						<line hits="0" number="209"/>
						<line hits="0" number="212"/>
						<line hits="0" number="215"/>
						<line hits="0" number="216"/>
						<line hits="0" number="218"/>
						<line hits="0" number="219"/>
						<line hits="0" number="222"/>
						<line hits="0" number="225"/>
						<line hits="0" number="226"/>
						<line hits="0" number="227"/>
						<line hits="0" number="228"/>
						<line hits="0" number="229"/>
						<line hits="0" number="231"/>
						<line hits="0" number="235"/>
						<line hits="0" number="236"/>
						<line hits="0" number="237"/>
						<line hits="0" number="238"/>
						<line hits="0" number="239"/>
						<line hits="0" number="240"/>
						<line hits="0" number="242"/>
						<line hits="0" number="243"/>
						<line hits="0" number="244"/>
						<line hits="0" number="245"/>
						<line hits="0" number="248"/>
						<line hits="0" number="250"/>
						<line hits="0" number="251"/>
						<line hits="0" number="252"/>
						<line hits="0" number="254"/>
						<line hits="0" number="255"/>
						<line hits="0" number="257"/>
						<line hits="1" number="269"/>
						<line hits="1" number="270"/>
						<line hits="1" number="271"/>
						<line hits="1" number="272"/>
						<line hits="1" number="273"/>
						<line hits="0" number="275"/>
						<line hits="1" number="276"/>
						<line hits="0" number="279"/>
						<line hits="0" number="284"/>
						<line hits="0" number="287"/>
						<line hits="0" number="290"/>
						<line hits="0" number="293"/>
						<line hits="0" number="295"/>
						<line hits="0" number="298"/>
						<line hits="0" number="301"/>
						<line hits="1" number="313"/>
						<line hits="0" number="316"/>
						<line hits="1" number="325"/>
						<line hits="1" number="326"/>
						<line hits="1" number="329"/>
						<line hits="1" number="331"/>
						<line hits="1" number="332"/>
						<line hits="1" number="333"/>
						<line hits="1" number="334"/>
						<line hits="1" number="335"/>
						<line hits="1" number="337"/>
						<line hits="1" number="338"/>
						<line hits="1" number="344"/>
						<line hits="0" number="347"/>
						<line hits="0" number="348"/>
						<line hits="0" number="349"/>
						<line hits="0" number="351"/>
						<line hits="0" number="355"/>
						<line hits="0" number="356"/>
						<line hits="0" number="358"/>
						<line hits="0" number="360"/>
						<line hits="0" number="362"/>
						<line hits="0" number="364"/>
						<line hits="0" number="366"/>
						<line hits="0" number="368"/>
						<line hits="0" number="370"/>
						<line hits="0" number="372"/>
						<line hits="0" number="374"/>
						<line hits="0" number="376"/>
						<line hits="0" number="378"/>
						<line hits="0" number="380"/>
						<line hits="0" number="382"/>
						<line hits="0" number="384"/>
						<line hits="0" number="387"/>
						<line hits="0" number="389"/>
						<line hits="0" number="391"/>
						<line hits="0" number="393"/>
						<line hits="0" number="395"/>
						<line hits="0" number="397"/>
						<line hits="0" number="399"/>
						<line hits="0" number="403"/>
						<line hits="0" number="404"/>
						<line hits="0" number="408"/>
						<line hits="0" number="416"/>
						<line hits="0" number="420"/>
						<line hits="0" number="434"/>
						<line hits="0" number="437"/>
						<line hits="0" number="438"/>
						<line hits="0" number="442"/>
						<line hits="0" number="443"/>
						<line hits="0" number="445"/>
						<line hits="0" number="446"/>
						<line hits="0" number="448"/>
						<line hits="1" number="450"/>
						<line hits="1" number="451"/>
						<line hits="0" number="452"/>
						<line hits="0" number="454"/>
						<line hits="1" number="458"/>
						<line hits="0" number="460"/>
						<line hits="1" number="465"/>
						<line hits="0" number="468"/>
						<line hits="1" number="471"/>
						<line hits="0" number="473"/>
						<line hits="0" number="475"/>
						<line hits="1" number="483"/>
						<line hits="1" number="485"/>
						<line hits="1" number="486"/>
						<line hits="1" number="490"/>
						<line hits="1" number="491"/>
						<line hits="1" number="493"/>
						<line hits="0" number="495"/>
						<line hits="1" number="498"/>
						<line hits="0" number="499"/>
						<line hits="0" number="503"/>
						<line hits="0" number="509"/>
						<line hits="0" number="512"/>
						<line hits="0" number="514"/>
						<line hits="0" number="515"/>
						<line hits="0" number="522"/>
						<line hits="0" number="524"/>
						<line hits="0" number="525"/>
						<line hits="0" number="526"/>
						<line hits="0" number="527"/>
						<line hits="0" number="528"/>
						<line hits="0" number="530"/>
						<line hits="1" number="542"/>
						<line hits="1" number="543"/>
						<line hits="1" number="544"/>
						<line hits="0" number="545"/>
						<line hits="0" number="546"/>
						<line hits="1" number="550"/>
						<line hits="1" number="551"/>
						<line hits="1" number="563"/>
						<line hits="0" number="566"/>
						<line hits="0" number="571"/>
						<line hits="0" number="572"/>
						<line hits="0" number="573"/>
						<line hits="0" number="574"/>
						<line hits="0" number="575"/>
						<line hits="0" number="577"/>
						<line hits="0" number="578"/>
						<line hits="0" number="580"/>
						<line hits="1" number="586"/>
						<line hits="1" number="587"/>
						<line hits="1" number="589"/>
					</lines>
				</class>
				<class branch-rate="0" complexity="0" filename="openemory/accounts/sitemaps.py" line-rate="0.75" name="sitemaps.py">
					<methods/>
					<lines>
						<line hits="1" number="17"/>
						<line hits="1" number="18"/>
						<line hits="1" number="19"/>
						<line hits="1" number="21"/>
						<line hits="1" number="25"/>
						<line hits="0" number="27"/>
						<line hits="1" number="29"/>
						<line hits="0" number="30"/>
					</lines>
				</class>
				<class branch-rate="0" complexity="0" filename="openemory/accounts/templatetags.py" line-rate="1" name="templatetags.py">
					<methods/>
					<lines/>
				</class>
				<class branch-rate="0" complexity="0" filename="openemory/accounts/urls.py" line-rate="1" name="urls.py">
					<methods/>
					<lines>
						<line hits="1" number="17"/>
						<line hits="1" number="18"/>
						<line hits="1" number="20"/>
					</lines>
				</class>
				<class branch-rate="0" complexity="0" filename="openemory/accounts/views.py" line-rate="0.7978" name="views.py">
					<methods/>
					<lines>
						<line hits="1" number="17"/>
						<line hits="1" number="18"/>
						<line hits="1" number="19"/>
						<line hits="1" number="20"/>
						<line hits="1" number="21"/>
						<line hits="1" number="22"/>
						<line hits="1" number="23"/>
						<line hits="1" number="24"/>
						<line hits="1" number="25"/>
						<line hits="1" number="26"/>
						<line hits="1" number="27"/>
						<line hits="1" number="28"/>
						<line hits="1" number="29"/>
						<line hits="1" number="30"/>
						<line hits="1" number="31"/>
						<line hits="1" number="32"/>
						<line hits="1" number="33"/>
						<line hits="1" number="35"/>
						<line hits="1" number="36"/>
						<line hits="1" number="37"/>
						<line hits="1" number="38"/>
						<line hits="1" number="39"/>
						<line hits="1" number="40"/>
						<line hits="1" number="41"/>
						<line hits="1" number="42"/>
						<line hits="1" number="43"/>
						<line hits="1" number="44"/>
						<line hits="1" number="45"/>
						<line hits="1" number="47"/>
						<line hits="1" number="48"/>
						<line hits="1" number="49"/>
						<line hits="1" number="50"/>
						<line hits="1" number="51"/>
						<line hits="1" number="53"/>
						<line hits="1" number="55"/>
						<line hits="1" number="57"/>
						<line hits="1" number="59"/>
						<line hits="1" number="70"/>
						<line hits="1" number="76"/>
						<line hits="1" number="77"/>
						<line hits="1" number="78"/>
						<line hits="1" number="81"/>
						<line hits="1" number="82"/>
						<line hits="1" number="85"/>
						<line hits="0" number="86"/>
						<line hits="1" number="89"/>
						<line hits="1" number="90"/>
						<line hits="1" number="92"/>
						<line hits="0" number="95"/>
						<line hits="0" number="97"/>
						<line hits="0" number="98"/>
						<line hits="0" number="99"/>
						<line hits="0" number="100"/>
						<line hits="0" number="102"/>
						<line hits="1" number="104"/>
						<line hits="0" number="106"/>
						<line hits="1" number="109"/>
						<line hits="1" number="130"/>
						<line hits="1" number="132"/>
						<line hits="1" number="133"/>
						<line hits="1" number="134"/>
						<line hits="1" number="137"/>
						<line hits="1" number="138"/>
						<line hits="1" number="139"/>
						<line hits="1" number="142"/>
						<line hits="1" number="143"/>
						<line hits="1" number="148"/>
						<line hits="1" number="149"/>
						<line hits="1" number="150"/>
						<line hits="1" number="151"/>
						<line hits="1" number="152"/>
						<line hits="1" number="154"/>
						<line hits="1" number="158"/>
						<line hits="1" number="163"/>
						<line hits="1" number="164"/>
						<line hits="1" number="167"/>
						<line hits="1" number="168"/>
						<line hits="1" number="169"/>
						<line hits="1" number="170"/>
						<line hits="1" number="171"/>
						<line hits="1" number="173"/>
						<line hits="1" number="177"/>
						<line hits="1" number="178"/>
						<line hits="1" number="179"/>
						<line hits="1" number="180"/>
						<line hits="1" number="182"/>
						<line hits="1" number="183"/>
						<line hits="0" number="184"/>
						<line hits="0" number="185"/>
						<line hits="1" number="187"/>
						<line hits="1" number="188"/>
						<line hits="0" number="190"/>
						<line hits="1" number="192"/>
						<line hits="1" number="193"/>
						<line hits="1" number="194"/>
						<line hits="1" number="195"/>
						<line hits="1" number="196"/>
						<line hits="1" number="202"/>
						<line hits="1" number="203"/>
						<line hits="1" number="204"/>
						<line hits="1" number="205"/>
						<line hits="1" number="208"/>
						<line hits="1" number="209"/>
						<line hits="1" number="211"/>
						<line hits="1" number="213"/>
						<line hits="1" number="214"/>
						<line hits="1" number="215"/>
						<line hits="1" number="220"/>
						<line hits="1" number="230"/>
						<line hits="1" number="234"/>
						<line hits="0" number="236"/>
						<line hits="1" number="240"/>
						<line hits="1" number="243"/>
						<line hits="1" number="250"/>
						<line hits="1" number="252"/>
						<line hits="1" number="254"/>
						<line hits="1" number="255"/>
						<line hits="1" number="256"/>
						<line hits="1" number="257"/>
						<line hits="1" number="258"/>
						<line hits="1" number="260"/>
						<line hits="1" number="261"/>
						<line hits="1" number="265"/>
						<line hits="1" number="267"/>
						<line hits="0" number="268"/>
						<line hits="1" number="269"/>
						<line hits="1" number="271"/>
						<line hits="1" number="273"/>
						<line hits="1" number="276"/>
						<line hits="1" number="278"/>
						<line hits="1" number="279"/>
						<line hits="1" number="280"/>
						<line hits="1" number="281"/>
						<line hits="1" number="283"/>
						<line hits="1" number="285"/>
						<line hits="1" number="291"/>
						<line hits="0" number="293"/>
						<line hits="1" number="298"/>
						<line hits="1" number="299"/>
						<line hits="1" number="301"/>
						<line hits="1" number="302"/>
						<line hits="1" number="303"/>
						<line hits="1" number="308"/>
						<line hits="1" number="310"/>
						<line hits="1" number="313"/>
						<line hits="0" number="324"/>
						<line hits="0" number="325"/>
						<line hits="0" number="326"/>
						<line hits="0" number="327"/>
						<line hits="0" number="328"/>
						<line hits="0" number="330"/>
						<line hits="0" number="332"/>
						<line hits="0" number="333"/>
						<line hits="0" number="334"/>
						<line hits="0" number="335"/>
						<line hits="0" number="337"/>
						<line hits="0" number="338"/>
						<line hits="0" number="342"/>
						<line hits="0" number="344"/>
						<line hits="0" number="345"/>
						<line hits="0" number="346"/>
						<line hits="0" number="349"/>
						<line hits="0" number="352"/>
						<line hits="0" number="354"/>
						<line hits="0" number="355"/>
						<line hits="0" number="358"/>
						<line hits="0" number="361"/>
						<line hits="0" number="362"/>
						<line hits="0" number="363"/>
						<line hits="0" number="366"/>
						<line hits="1" number="370"/>
						<line hits="1" number="379"/>
						<line hits="1" number="381"/>
						<line hits="1" number="382"/>
						<line hits="1" number="385"/>
						<line hits="1" number="386"/>
						<line hits="1" number="388"/>
						<line hits="1" number="389"/>
						<line hits="1" number="392"/>
						<line hits="1" number="393"/>
						<line hits="1" number="394"/>
						<line hits="1" number="396"/>
						<line hits="1" number="398"/>
						<line hits="1" number="406"/>
						<line hits="1" number="409"/>
						<line hits="1" number="410"/>
						<line hits="1" number="411"/>
						<line hits="1" number="413"/>
						<line hits="1" number="415"/>
						<line hits="0" number="424"/>
						<line hits="0" number="426"/>
						<line hits="0" number="427"/>
						<line hits="0" number="429"/>
						<line hits="0" number="430"/>
						<line hits="0" number="432"/>
						<line hits="0" number="441"/>
						<line hits="0" number="444"/>
						<line hits="0" number="445"/>
						<line hits="0" number="446"/>
						<line hits="0" number="448"/>
						<line hits="1" number="451"/>
						<line hits="1" number="471"/>
						<line hits="1" number="473"/>
						<line hits="1" number="474"/>
						<line hits="1" number="475"/>
						<line hits="1" number="477"/>
						<line hits="1" number="480"/>
						<line hits="1" number="481"/>
						<line hits="1" number="484"/>
						<line hits="1" number="485"/>
						<line hits="1" number="486"/>
						<line hits="1" number="487"/>
						<line hits="1" number="488"/>
						<line hits="1" number="493"/>
						<line hits="1" number="495"/>
						<line hits="1" number="498"/>
						<line hits="1" number="503"/>
						<line hits="1" number="504"/>
						<line hits="1" number="505"/>
						<line hits="1" number="507"/>
						<line hits="1" number="514"/>
						<line hits="1" number="517"/>
						<line hits="1" number="520"/>
						<line hits="1" number="529"/>
						<line hits="0" number="530"/>
						<line hits="1" number="532"/>
						<line hits="1" number="534"/>
						<line hits="1" number="536"/>
						<line hits="1" number="539"/>
						<line hits="1" number="542"/>
						<line hits="1" number="546"/>
						<line hits="1" number="552"/>
						<line hits="1" number="554"/>
						<line hits="1" number="557"/>
						<line hits="1" number="562"/>
						<line hits="1" number="565"/>
						<line hits="1" number="570"/>
						<line hits="1" number="571"/>
						<line hits="1" number="572"/>
						<line hits="1" number="576"/>
						<line hits="1" number="577"/>
						<line hits="1" number="580"/>
						<line hits="1" number="582"/>
						<line hits="1" number="585"/>
						<line hits="1" number="588"/>
						<line hits="1" number="590"/>
						<line hits="1" number="591"/>
						<line hits="1" number="593"/>
						<line hits="1" number="594"/>
						<line hits="1" number="608"/>
						<line hits="1" number="609"/>
						<line hits="1" number="620"/>
						<line hits="1" number="624"/>
						<line hits="1" number="632"/>
						<line hits="1" number="633"/>
						<line hits="1" number="635"/>
						<line hits="1" number="663"/>
						<line hits="1" number="664"/>
						<line hits="1" number="665"/>
						<line hits="1" number="666"/>
						<line hits="1" number="667"/>
						<line hits="1" number="670"/>
						<line hits="1" number="672"/>
						<line hits="1" number="673"/>
						<line hits="1" number="674"/>
						<line hits="1" number="677"/>
						<line hits="1" number="680"/>
						<line hits="1" number="682"/>
						<line hits="1" number="687"/>
						<line hits="1" number="691"/>
						<line hits="1" number="692"/>
						<line hits="1" number="711"/>
						<line hits="1" number="713"/>
						<line hits="1" number="715"/>
						<line hits="1" number="720"/>
						<line hits="1" number="721"/>
						<line hits="1" number="724"/>
						<line hits="1" number="725"/>
						<line hits="1" number="727"/>
						<line hits="1" number="728"/>
						<line hits="1" number="729"/>
						<line hits="1" number="730"/>
						<line hits="1" number="734"/>
						<line hits="1" number="735"/>
						<line hits="1" number="739"/>
						<line hits="1" number="740"/>
						<line hits="1" number="743"/>
						<line hits="1" number="745"/>
						<line hits="1" number="746"/>
						<line hits="1" number="747"/>
						<line hits="1" number="749"/>
						<line hits="1" number="754"/>
						<line hits="1" number="757"/>
						<line hits="1" number="760"/>
						<line hits="1" number="761"/>
						<line hits="1" number="762"/>
						<line hits="1" number="766"/>
						<line hits="0" number="771"/>
						<line hits="0" number="772"/>
						<line hits="0" number="773"/>
						<line hits="0" number="774"/>
						<line hits="0" number="775"/>
						<line hits="0" number="777"/>
						<line hits="1" number="780"/>
						<line hits="1" number="787"/>
						<line hits="1" number="788"/>
						<line hits="1" number="789"/>
						<line hits="1" number="805"/>
						<line hits="1" number="806"/>
						<line hits="1" number="807"/>
						<line hits="1" number="810"/>
						<line hits="1" number="813"/>
						<line hits="1" number="814"/>
						<line hits="1" number="820"/>
						<line hits="1" number="823"/>
						<line hits="1" number="824"/>
						<line hits="0" number="825"/>
						<line hits="0" number="826"/>
						<line hits="0" number="827"/>
						<line hits="1" number="829"/>
						<line hits="1" number="832"/>
						<line hits="0" number="842"/>
						<line hits="1" number="845"/>
						<line hits="1" number="846"/>
						<line hits="1" number="848"/>
						<line hits="1" number="849"/>
						<line hits="1" number="850"/>
						<line hits="1" number="851"/>
						<line hits="1" number="852"/>
						<line hits="1" number="853"/>
						<line hits="1" number="855"/>
						<line hits="1" number="856"/>
						<line hits="1" number="864"/>
						<line hits="1" number="865"/>
						<line hits="1" number="866"/>
						<line hits="1" number="867"/>
						<line hits="1" number="868"/>
						<line hits="1" number="869"/>
						<line hits="1" number="870"/>
						<line hits="0" number="872"/>
						<line hits="0" number="873"/>
						<line hits="1" number="875"/>
						<line hits="1" number="876"/>
						<line hits="1" number="879"/>
						<line hits="1" number="880"/>
						<line hits="0" number="881"/>
						<line hits="0" number="882"/>
						<line hits="0" number="883"/>
						<line hits="0" number="884"/>
						<line hits="0" number="885"/>
						<line hits="0" number="886"/>
						<line hits="0" number="887"/>
						<line hits="0" number="889"/>
						<line hits="0" number="890"/>
						<line hits="1" number="891"/>
						<line hits="1" number="893"/>
					</lines>
				</class>
			</classes>
		</package>
		<package branch-rate="0" complexity="0" line-rate="1" name="openemory.accounts.migrations">
			<classes>
				<class branch-rate="0" complexity="0" filename="openemory/accounts/migrations/0001_initial.py" line-rate="1" name="0001_initial.py">
					<methods/>
					<lines>
						<line hits="1" number="2"/>
						<line hits="1" number="4"/>
						<line hits="1" number="5"/>
						<line hits="1" number="6"/>
						<line hits="1" number="7"/>
						<line hits="1" number="8"/>
						<line hits="1" number="11"/>
						<line hits="1" number="13"/>
						<line hits="1" number="18"/>
					</lines>
				</class>
			</classes>
		</package>
		<package branch-rate="0" complexity="0" line-rate="0.9333" name="openemory.accounts.templatetags">
			<classes>
				<class branch-rate="0" complexity="0" filename="openemory/accounts/templatetags/account_extras.py" line-rate="0.88" name="account_extras.py">
					<methods/>
					<lines>
						<line hits="1" number="17"/>
						<line hits="1" number="18"/>
						<line hits="1" number="20"/>
						<line hits="1" number="22"/>
						<line hits="1" number="24"/>
						<line hits="1" number="25"/>
						<line hits="1" number="26"/>
						<line hits="0" number="27"/>
						<line hits="0" number="28"/>
						<line hits="0" number="29"/>
						<line hits="1" number="32"/>
						<line hits="1" number="35"/>
						<line hits="1" number="36"/>
						<line hits="1" number="37"/>
						<line hits="1" number="38"/>
						<line hits="1" number="40"/>
						<line hits="1" number="41"/>
						<line hits="1" number="42"/>
						<line hits="1" number="43"/>
						<line hits="1" number="44"/>
						<line hits="1" number="46"/>
						<line hits="1" number="47"/>
						<line hits="1" number="48"/>
						<line hits="1" number="49"/>
						<line hits="1" number="50"/>
					</lines>
				</class>
				<class branch-rate="0" complexity="0" filename="openemory/accounts/templatetags/markdown_me.py" line-rate="1" name="markdown_me.py">
					<methods/>
					<lines>
						<line hits="1" number="1"/>
						<line hits="1" number="2"/>
						<line hits="1" number="4"/>
						<line hits="1" number="6"/>
						<line hits="1" number="9"/>
					</lines>
				</class>
				<class branch-rate="0" complexity="0" filename="openemory/accounts/templatetags/tags.py" line-rate="1" name="tags.py">
					<methods/>
					<lines>
						<line hits="1" number="17"/>
						<line hits="1" number="18"/>
						<line hits="1" number="20"/>
						<line hits="1" number="22"/>
						<line hits="1" number="24"/>
						<line hits="1" number="44"/>
						<line hits="1" number="45"/>
						<line hits="1" number="46"/>
						<line hits="1" number="47"/>
						<line hits="1" number="48"/>
						<line hits="1" number="49"/>
						<line hits="1" number="50"/>
						<line hits="1" number="51"/>
						<line hits="1" number="52"/>
						<line hits="1" number="53"/>
					</lines>
				</class>
			</classes>
		</package>
		<package branch-rate="0" complexity="0" line-rate="0.3462" name="openemory.common">
			<classes>
				<class branch-rate="0" complexity="0" filename="openemory/common/fedora.py" line-rate="0.5273" name="fedora.py">
					<methods/>
					<lines>
						<line hits="0" number="17"/>
						<line hits="0" number="19"/>
						<line hits="0" number="20"/>
						<line hits="0" number="21"/>
						<line hits="0" number="22"/>
						<line hits="0" number="25"/>
						<line hits="0" number="26"/>
						<line hits="0" number="27"/>
						<line hits="0" number="30"/>
						<line hits="0" number="33"/>
						<line hits="1" number="43"/>
						<line hits="1" number="44"/>
						<line hits="1" number="48"/>
						<line hits="1" number="51"/>
						<line hits="1" number="52"/>
						<line hits="1" number="53"/>
						<line hits="0" number="57"/>
						<line hits="0" number="58"/>
						<line hits="0" number="59"/>
						<line hits="0" number="62"/>
						<line hits="0" number="63"/>
						<line hits="0" number="64"/>
						<line hits="0" number="66"/>
						<line hits="0" number="69"/>
						<line hits="0" number="75"/>
						<line hits="1" number="76"/>
						<line hits="0" number="81"/>
						<line hits="0" number="84"/>
						<line hits="0" number="93"/>
						<line hits="1" number="94"/>
						<line hits="1" number="95"/>
						<line hits="1" number="96"/>
						<line hits="1" number="97"/>
						<line hits="0" number="99"/>
						<line hits="0" number="100"/>
						<line hits="0" number="101"/>
						<line hits="1" number="108"/>
						<line hits="1" number="113"/>
						<line hits="1" number="114"/>
						<line hits="1" number="116"/>
						<line hits="1" number="118"/>
						<line hits="1" number="120"/>
						<line hits="1" number="122"/>
						<line hits="1" number="125"/>
						<line hits="1" number="126"/>
						<line hits="1" number="127"/>
						<line hits="1" number="128"/>
						<line hits="1" number="131"/>
						<line hits="1" number="132"/>
						<line hits="1" number="133"/>
						<line hits="1" number="136"/>
						<line hits="1" number="139"/>
						<line hits="0" number="141"/>
						<line hits="1" number="143"/>
						<line hits="1" number="144"/>
					</lines>
				</class>
				<class branch-rate="0" complexity="0" filename="openemory/common/models.py" line-rate="1" name="models.py">
					<methods/>
					<lines/>
				</class>
				<class branch-rate="0" complexity="0" filename="openemory/common/romeo.py" line-rate="0.281" name="romeo.py">
					<methods/>
					<lines>
						<line hits="0" number="17"/>
						<line hits="0" number="76"/>
						<line hits="0" number="77"/>
						<line hits="0" number="78"/>
						<line hits="0" number="79"/>
						<line hits="0" number="81"/>
						<line hits="0" number="88"/>
						<line hits="0" number="89"/>
						<line hits="1" number="90"/>
						<line hits="1" number="91"/>
						<line hits="1" number="92"/>
						<line hits="1" number="93"/>
						<line hits="1" number="94"/>
						<line hits="1" number="95"/>
						<line hits="1" number="96"/>
						<line hits="1" number="97"/>
						<line hits="1" number="98"/>
						<line hits="1" number="99"/>
						<line hits="1" number="102"/>
						<line hits="1" number="103"/>
						<line hits="1" number="104"/>
						<line hits="1" number="105"/>
						<line hits="0" number="107"/>
						<line hits="0" number="110"/>
						<line hits="1" number="126"/>
						<line hits="1" number="127"/>
						<line hits="0" number="128"/>
						<line hits="1" number="129"/>
						<line hits="1" number="130"/>
						<line hits="1" number="131"/>
						<line hits="0" number="132"/>
						<line hits="1" number="134"/>
						<line hits="1" number="135"/>
						<line hits="0" number="137"/>
						<line hits="1" number="144"/>
						<line hits="1" number="145"/>
						<line hits="0" number="146"/>
						<line hits="1" number="147"/>
						<line hits="0" number="148"/>
						<line hits="1" number="150"/>
						<line hits="1" number="151"/>
						<line hits="1" number="152"/>
						<line hits="0" number="154"/>
						<line hits="1" number="172"/>
						<line hits="1" number="173"/>
						<line hits="1" number="174"/>
						<line hits="1" number="175"/>
						<line hits="0" number="176"/>
						<line hits="1" number="177"/>
						<line hits="0" number="178"/>
						<line hits="1" number="180"/>
						<line hits="1" number="181"/>
						<line hits="0" number="183"/>
						<line hits="0" number="197"/>
						<line hits="0" number="202"/>
						<line hits="0" number="203"/>
						<line hits="0" number="204"/>
						<line hits="0" number="205"/>
						<line hits="0" number="206"/>
						<line hits="0" number="207"/>
						<line hits="0" number="209"/>
						<line hits="0" number="210"/>
						<line hits="0" number="211"/>
						<line hits="0" number="213"/>
						<line hits="1" number="223"/>
						<line hits="1" number="224"/>
						<line hits="0" number="225"/>
						<line hits="1" number="226"/>
						<line hits="0" number="227"/>
						<line hits="1" number="229"/>
						<line hits="1" number="230"/>
						<line hits="1" number="231"/>
						<line hits="0" number="233"/>
						<line hits="0" number="243"/>
						<line hits="0" number="244"/>
						<line hits="0" number="245"/>
						<line hits="0" number="246"/>
						<line hits="0" number="247"/>
						<line hits="0" number="249"/>
						<line hits="0" number="250"/>
						<line hits="0" number="252"/>
						<line hits="0" number="263"/>
						<line hits="0" number="264"/>
						<line hits="0" number="265"/>
						<line hits="0" number="266"/>
						<line hits="0" number="267"/>
						<line hits="0" number="269"/>
						<line hits="0" number="270"/>
						<line hits="0" number="273"/>
						<line hits="0" number="276"/>
						<line hits="0" number="277"/>
						<line hits="0" number="278"/>
						<line hits="0" number="279"/>
						<line hits="0" number="281"/>
						<line hits="0" number="283"/>
						<line hits="0" number="286"/>
						<line hits="0" number="287"/>
						<line hits="0" number="289"/>
						<line hits="0" number="292"/>
						<line hits="0" number="293"/>
						<line hits="0" number="295"/>
						<line hits="0" number="296"/>
						<line hits="0" number="298"/>
						<line hits="0" number="300"/>
						<line hits="0" number="302"/>
						<line hits="0" number="303"/>
						<line hits="0" number="304"/>
						<line hits="0" number="307"/>
						<line hits="0" number="308"/>
						<line hits="0" number="309"/>
						<line hits="0" number="310"/>
						<line hits="0" number="311"/>
						<line hits="0" number="312"/>
						<line hits="0" number="313"/>
						<line hits="0" number="314"/>
						<line hits="0" number="315"/>
						<line hits="0" number="316"/>
						<line hits="0" number="317"/>
						<line hits="0" number="318"/>
						<line hits="0" number="319"/>
						<line hits="0" number="322"/>
						<line hits="0" number="323"/>
						<line hits="0" number="325"/>
						<line hits="0" number="326"/>
						<line hits="0" number="328"/>
						<line hits="0" number="330"/>
						<line hits="0" number="331"/>
						<line hits="0" number="332"/>
						<line hits="0" number="334"/>
						<line hits="0" number="337"/>
						<line hits="0" number="341"/>
						<line hits="0" number="342"/>
						<line hits="0" number="343"/>
						<line hits="0" number="345"/>
						<line hits="0" number="347"/>
						<line hits="1" number="352"/>
						<line hits="0" number="354"/>
						<line hits="1" number="359"/>
						<line hits="1" number="360"/>
						<line hits="0" number="362"/>
						<line hits="0" number="368"/>
						<line hits="0" number="369"/>
						<line hits="0" number="371"/>
						<line hits="0" number="374"/>
						<line hits="0" number="375"/>
						<line hits="0" number="378"/>
						<line hits="0" number="381"/>
						<line hits="0" number="382"/>
						<line hits="0" number="383"/>
						<line hits="0" number="385"/>
						<line hits="0" number="386"/>
						<line hits="0" number="387"/>
						<line hits="0" number="389"/>
					</lines>
				</class>
			</classes>
		</package>
		<package branch-rate="0" complexity="0" line-rate="0.5708" name="openemory.harvest">
			<classes>
				<class branch-rate="0" complexity="0" filename="openemory/harvest/admin.py" line-rate="0" name="admin.py">
					<methods/>
					<lines>
						<line hits="0" number="17"/>
						<line hits="0" number="18"/>
						<line hits="0" number="20"/>
						<line hits="0" number="21"/>
						<line hits="0" number="22"/>
						<line hits="0" number="23"/>
						<line hits="0" number="24"/>
						<line hits="0" number="25"/>
						<line hits="0" number="27"/>
					</lines>
				</class>
				<class branch-rate="0" complexity="0" filename="openemory/harvest/entrez.py" line-rate="0.5736" name="entrez.py">
					<methods/>
					<lines>
						<line hits="0" number="17"/>
						<line hits="0" number="19"/>
						<line hits="0" number="20"/>
						<line hits="0" number="21"/>
						<line hits="0" number="22"/>
						<line hits="0" number="24"/>
						<line hits="0" number="25"/>
						<line hits="0" number="26"/>
						<line hits="0" number="28"/>
						<line hits="0" number="35"/>
						<line hits="0" number="37"/>
						<line hits="0" number="43"/>
						<line hits="0" number="45"/>
						<line hits="0" number="47"/>
						<line hits="0" number="49"/>
						<line hits="0" number="51"/>
						<line hits="0" number="53"/>
						<line hits="0" number="55"/>
						<line hits="0" number="58"/>
						<line hits="1" number="59"/>
						<line hits="0" number="61"/>
						<line hits="1" number="68"/>
						<line hits="0" number="70"/>
						<line hits="1" number="77"/>
						<line hits="1" number="78"/>
						<line hits="1" number="79"/>
						<line hits="1" number="80"/>
						<line hits="0" number="82"/>
						<line hits="1" number="87"/>
						<line hits="1" number="88"/>
						<line hits="1" number="89"/>
						<line hits="1" number="90"/>
						<line hits="1" number="91"/>
						<line hits="1" number="92"/>
						<line hits="1" number="96"/>
						<line hits="1" number="97"/>
						<line hits="1" number="98"/>
						<line hits="0" number="101"/>
						<line hits="1" number="105"/>
						<line hits="1" number="106"/>
						<line hits="1" number="107"/>
						<line hits="1" number="108"/>
						<line hits="1" number="110"/>
						<line hits="1" number="111"/>
						<line hits="1" number="114"/>
						<line hits="1" number="115"/>
						<line hits="1" number="116"/>
						<line hits="1" number="117"/>
						<line hits="0" number="120"/>
						<line hits="0" number="121"/>
						<line hits="1" number="122"/>
						<line hits="1" number="123"/>
						<line hits="1" number="124"/>
						<line hits="1" number="125"/>
						<line hits="1" number="127"/>
						<line hits="1" number="128"/>
						<line hits="1" number="129"/>
						<line hits="0" number="130"/>
						<line hits="1" number="131"/>
						<line hits="0" number="132"/>
						<line hits="1" number="134"/>
						<line hits="1" number="135"/>
						<line hits="1" number="136"/>
						<line hits="0" number="137"/>
						<line hits="1" number="138"/>
						<line hits="0" number="139"/>
						<line hits="1" number="141"/>
						<line hits="1" number="142"/>
						<line hits="1" number="144"/>
						<line hits="0" number="146"/>
						<line hits="1" number="147"/>
						<line hits="0" number="149"/>
						<line hits="1" number="150"/>
						<line hits="1" number="151"/>
						<line hits="0" number="152"/>
						<line hits="1" number="154"/>
						<line hits="1" number="155"/>
						<line hits="1" number="156"/>
						<line hits="1" number="157"/>
						<line hits="1" number="159"/>
						<line hits="1" number="161"/>
						<line hits="1" number="162"/>
						<line hits="1" number="163"/>
						<line hits="1" number="164"/>
						<line hits="1" number="166"/>
						<line hits="1" number="167"/>
						<line hits="1" number="168"/>
						<line hits="1" number="169"/>
						<line hits="1" number="171"/>
						<line hits="1" number="173"/>
						<line hits="1" number="174"/>
						<line hits="1" number="175"/>
						<line hits="1" number="176"/>
						<line hits="1" number="178"/>
						<line hits="1" number="181"/>
						<line hits="1" number="182"/>
						<line hits="1" number="183"/>
						<line hits="1" number="184"/>
						<line hits="1" number="185"/>
						<line hits="1" number="187"/>
						<line hits="1" number="188"/>
						<line hits="1" number="189"/>
						<line hits="0" number="192"/>
						<line hits="0" number="194"/>
						<line hits="1" number="195"/>
						<line hits="1" number="196"/>
						<line hits="1" number="197"/>
						<line hits="1" number="198"/>
						<line hits="0" number="200"/>
						<line hits="0" number="201"/>
						<line hits="0" number="202"/>
						<line hits="0" number="203"/>
						<line hits="0" number="205"/>
						<line hits="0" number="207"/>
						<line hits="0" number="210"/>
						<line hits="0" number="213"/>
						<line hits="0" number="215"/>
						<line hits="0" number="217"/>
						<line hits="0" number="219"/>
						<line hits="0" number="220"/>
						<line hits="0" number="223"/>
						<line hits="0" number="225"/>
						<line hits="0" number="227"/>
						<line hits="0" number="229"/>
						<line hits="0" number="231"/>
						<line hits="0" number="232"/>
						<line hits="0" number="235"/>
						<line hits="0" number="237"/>
						<line hits="0" number="238"/>
					</lines>
				</class>
				<class branch-rate="0" complexity="0" filename="openemory/harvest/management.py" line-rate="1" name="management.py">
					<methods/>
					<lines/>
				</class>
				<class branch-rate="0" complexity="0" filename="openemory/harvest/migrations.py" line-rate="1" name="migrations.py">
					<methods/>
					<lines/>
				</class>
				<class branch-rate="0" complexity="0" filename="openemory/harvest/models.py" line-rate="0.493" name="models.py">
					<methods/>
					<lines>
						<line hits="0" number="17"/>
						<line hits="0" number="18"/>
						<line hits="0" number="19"/>
						<line hits="0" number="20"/>
						<line hits="0" number="21"/>
						<line hits="0" number="22"/>
						<line hits="0" number="23"/>
						<line hits="0" number="24"/>
						<line hits="0" number="25"/>
						<line hits="0" number="27"/>
						<line hits="0" number="29"/>
						<line hits="0" number="30"/>
						<line hits="0" number="31"/>
						<line hits="0" number="32"/>
						<line hits="0" number="33"/>
						<line hits="0" number="34"/>
						<line hits="0" number="35"/>
						<line hits="0" number="36"/>
						<line hits="0" number="37"/>
						<line hits="0" number="39"/>
						<line hits="0" number="40"/>
						<line hits="0" number="44"/>
						<line hits="0" number="45"/>
						<line hits="0" number="52"/>
						<line hits="0" number="53"/>
						<line hits="0" number="55"/>
						<line hits="1" number="58"/>
						<line hits="0" number="60"/>
						<line hits="0" number="63"/>
						<line hits="0" number="64"/>
						<line hits="0" number="66"/>
						<line hits="1" number="69"/>
						<line hits="1" number="70"/>
						<line hits="1" number="71"/>
						<line hits="1" number="72"/>
						<line hits="0" number="74"/>
						<line hits="1" number="80"/>
						<line hits="0" number="82"/>
						<line hits="1" number="86"/>
						<line hits="1" number="87"/>
						<line hits="1" number="88"/>
						<line hits="1" number="89"/>
						<line hits="0" number="92"/>
						<line hits="1" number="107"/>
						<line hits="1" number="110"/>
						<line hits="1" number="112"/>
						<line hits="1" number="113"/>
						<line hits="1" number="116"/>
						<line hits="1" number="118"/>
						<line hits="1" number="119"/>
						<line hits="0" number="122"/>
						<line hits="1" number="133"/>
						<line hits="1" number="134"/>
						<line hits="1" number="135"/>
						<line hits="1" number="139"/>
						<line hits="1" number="141"/>
						<line hits="1" number="142"/>
						<line hits="1" number="143"/>
						<line hits="1" number="145"/>
						<line hits="1" number="151"/>
						<line hits="1" number="152"/>
						<line hits="1" number="154"/>
						<line hits="1" number="155"/>
						<line hits="1" number="161"/>
						<line hits="0" number="164"/>
						<line hits="0" number="171"/>
						<line hits="1" number="178"/>
						<line hits="1" number="186"/>
						<line hits="1" number="188"/>
						<line hits="1" number="189"/>
						<line hits="1" number="196"/>
					</lines>
				</class>
				<class branch-rate="0" complexity="0" filename="openemory/harvest/urls.py" line-rate="1" name="urls.py">
					<methods/>
					<lines>
						<line hits="1" number="17"/>
						<line hits="1" number="18"/>
						<line hits="1" number="20"/>
					</lines>
				</class>
				<class branch-rate="0" complexity="0" filename="openemory/harvest/views.py" line-rate="1" name="views.py">
					<methods/>
					<lines>
						<line hits="1" number="17"/>
						<line hits="1" number="18"/>
						<line hits="1" number="19"/>
						<line hits="1" number="21"/>
						<line hits="1" number="22"/>
						<line hits="1" number="23"/>
						<line hits="1" number="25"/>
						<line hits="1" number="27"/>
						<line hits="1" number="29"/>
						<line hits="1" number="34"/>
						<line hits="1" number="35"/>
						<line hits="1" number="36"/>
						<line hits="1" number="38"/>
						<line hits="1" number="39"/>
						<line hits="1" number="40"/>
						<line hits="1" number="43"/>
						<line hits="1" number="44"/>
						<line hits="1" number="53"/>
						<line hits="1" number="54"/>
						<line hits="1" number="56"/>
						<line hits="1" number="58"/>
					</lines>
				</class>
			</classes>
		</package>
		<package branch-rate="0" complexity="0" line-rate="1" name="openemory.harvest.management">
			<classes>
				<class branch-rate="0" complexity="0" filename="openemory/harvest/management/commands.py" line-rate="1" name="commands.py">
					<methods/>
					<lines/>
				</class>
			</classes>
		</package>
		<package branch-rate="0" complexity="0" line-rate="0.4381" name="openemory.harvest.management.commands">
			<classes>
				<class branch-rate="0" complexity="0" filename="openemory/harvest/management/commands/fetch_pmc_metadata.py" line-rate="0.4381" name="fetch_pmc_metadata.py">
					<methods/>
					<lines>
						<line hits="1" number="17"/>
						<line hits="1" number="18"/>
						<line hits="1" number="19"/>
						<line hits="1" number="20"/>
						<line hits="1" number="22"/>
						<line hits="1" number="23"/>
						<line hits="1" number="24"/>
						<line hits="1" number="25"/>
						<line hits="1" number="27"/>
						<line hits="1" number="28"/>
						<line hits="1" number="29"/>
						<line hits="1" number="30"/>
						<line hits="1" number="31"/>
						<line hits="1" number="33"/>
						<line hits="1" number="35"/>
						<line hits="1" number="42"/>
						<line hits="1" number="44"/>
						<line hits="1" number="78"/>
						<line hits="0" number="79"/>
						<line hits="0" number="80"/>
						<line hits="0" number="81"/>
						<line hits="0" number="83"/>
						<line hits="0" number="84"/>
						<line hits="0" number="87"/>
						<line hits="0" number="88"/>
						<line hits="0" number="89"/>
						<line hits="0" number="90"/>
						<line hits="0" number="92"/>
						<line hits="0" number="93"/>
						<line hits="0" number="94"/>
						<line hits="0" number="96"/>
						<line hits="0" number="97"/>
						<line hits="0" number="98"/>
						<line hits="0" number="99"/>
						<line hits="0" number="100"/>
						<line hits="0" number="102"/>
						<line hits="0" number="107"/>
						<line hits="0" number="115"/>
						<line hits="0" number="119"/>
						<line hits="0" number="121"/>
						<line hits="0" number="123"/>
						<line hits="0" number="124"/>
						<line hits="0" number="125"/>
						<line hits="0" number="127"/>
						<line hits="0" number="129"/>
						<line hits="0" number="130"/>
						<line hits="0" number="132"/>
						<line hits="0" number="133"/>
						<line hits="0" number="136"/>
						<line hits="0" number="137"/>
						<line hits="0" number="138"/>
						<line hits="0" number="139"/>
						<line hits="0" number="140"/>
						<line hits="0" number="141"/>
						<line hits="0" number="142"/>
						<line hits="0" number="143"/>
						<line hits="0" number="146"/>
						<line hits="0" number="147"/>
						<line hits="0" number="149"/>
						<line hits="0" number="151"/>
						<line hits="0" number="152"/>
						<line hits="0" number="153"/>
						<line hits="0" number="154"/>
						<line hits="0" number="155"/>
						<line hits="0" number="156"/>
						<line hits="0" number="157"/>
						<line hits="0" number="158"/>
						<line hits="0" number="161"/>
						<line hits="0" number="162"/>
						<line hits="0" number="163"/>
						<line hits="0" number="164"/>
						<line hits="0" number="165"/>
						<line hits="0" number="166"/>
						<line hits="1" number="168"/>
						<line hits="0" number="172"/>
						<line hits="0" number="174"/>
						<line hits="0" number="175"/>
						<line hits="0" number="176"/>
						<line hits="1" number="179"/>
						<line hits="1" number="186"/>
						<line hits="1" number="187"/>
						<line hits="1" number="189"/>
						<line hits="1" number="190"/>
						<line hits="1" number="191"/>
						<line hits="1" number="192"/>
						<line hits="1" number="193"/>
						<line hits="1" number="196"/>
						<line hits="1" number="198"/>
						<line hits="1" number="199"/>
						<line hits="1" number="200"/>
						<line hits="1" number="201"/>
						<line hits="1" number="202"/>
						<line hits="1" number="203"/>
						<line hits="1" number="204"/>
						<line hits="1" number="205"/>
						<line hits="1" number="206"/>
						<line hits="1" number="207"/>
						<line hits="1" number="208"/>
						<line hits="1" number="209"/>
						<line hits="1" number="210"/>
						<line hits="1" number="211"/>
						<line hits="1" number="212"/>
						<line hits="1" number="213"/>
						<line hits="1" number="214"/>
						<line hits="1" number="215"/>
					</lines>
				</class>
			</classes>
		</package>
		<package branch-rate="0" complexity="0" line-rate="1" name="openemory.harvest.migrations">
			<classes>
				<class branch-rate="0" complexity="0" filename="openemory/harvest/migrations/0001_initial.py" line-rate="1" name="0001_initial.py">
					<methods/>
					<lines>
						<line hits="1" number="2"/>
						<line hits="1" number="4"/>
						<line hits="1" number="5"/>
						<line hits="1" number="8"/>
						<line hits="1" number="10"/>
						<line hits="1" number="14"/>
					</lines>
				</class>
			</classes>
		</package>
		<package branch-rate="0" complexity="0" line-rate="0.3235" name="openemory.mx">
			<classes>
				<class branch-rate="0" complexity="0" filename="openemory/mx/admin.py" line-rate="0" name="admin.py">
					<methods/>
					<lines>
						<line hits="0" number="1"/>
						<line hits="0" number="2"/>
						<line hits="0" number="4"/>
					</lines>
				</class>
				<class branch-rate="0" complexity="0" filename="openemory/mx/context_processors.py" line-rate="0.8462" name="context_processors.py">
					<methods/>
					<lines>
						<line hits="1" number="1"/>
						<line hits="1" number="2"/>
						<line hits="1" number="3"/>
						<line hits="1" number="4"/>
						<line hits="1" number="8"/>
						<line hits="1" number="10"/>
						<line hits="1" number="11"/>
						<line hits="1" number="12"/>
						<line hits="0" number="13"/>
						<line hits="1" number="15"/>
						<line hits="1" number="16"/>
						<line hits="0" number="17"/>
						<line hits="1" number="18"/>
					</lines>
				</class>
				<class branch-rate="0" complexity="0" filename="openemory/mx/management.py" line-rate="1" name="management.py">
					<methods/>
					<lines/>
				</class>
				<class branch-rate="0" complexity="0" filename="openemory/mx/managers.py" line-rate="0.4138" name="managers.py">
					<methods/>
					<lines>
						<line hits="0" number="1"/>
						<line hits="0" number="2"/>
						<line hits="0" number="3"/>
						<line hits="0" number="4"/>
						<line hits="0" number="5"/>
						<line hits="0" number="8"/>
						<line hits="0" number="10"/>
						<line hits="1" number="17"/>
						<line hits="0" number="19"/>
						<line hits="1" number="24"/>
						<line hits="0" number="25"/>
						<line hits="1" number="27"/>
						<line hits="0" number="29"/>
						<line hits="1" number="34"/>
						<line hits="0" number="35"/>
						<line hits="1" number="37"/>
						<line hits="1" number="38"/>
						<line hits="1" number="40"/>
						<line hits="1" number="49"/>
						<line hits="1" number="51"/>
						<line hits="0" number="52"/>
						<line hits="1" number="58"/>
						<line hits="0" number="61"/>
						<line hits="0" number="63"/>
						<line hits="1" number="64"/>
						<line hits="0" number="66"/>
						<line hits="0" number="67"/>
						<line hits="0" number="69"/>
						<line hits="1" number="70"/>
					</lines>
				</class>
				<class branch-rate="0" complexity="0" filename="openemory/mx/middleware.py" line-rate="0.625" name="middleware.py">
					<methods/>
					<lines>
						<line hits="1" number="1"/>
						<line hits="1" number="2"/>
						<line hits="1" number="3"/>
						<line hits="1" number="6"/>
						<line hits="1" number="8"/>
						<line hits="1" number="9"/>
						<line hits="1" number="10"/>
						<line hits="1" number="11"/>
						<line hits="0" number="12"/>
						<line hits="1" number="14"/>
						<line hits="1" number="16"/>
						<line hits="0" number="21"/>
						<line hits="0" number="22"/>
						<line hits="0" number="23"/>
						<line hits="0" number="25"/>
						<line hits="0" number="26"/>
					</lines>
				</class>
				<class branch-rate="0" complexity="0" filename="openemory/mx/migrations.py" line-rate="1" name="migrations.py">
					<methods/>
					<lines/>
				</class>
				<class branch-rate="0" complexity="0" filename="openemory/mx/models.py" line-rate="0" name="models.py">
					<methods/>
					<lines>
						<line hits="0" number="1"/>
						<line hits="0" number="2"/>
						<line hits="0" number="3"/>
						<line hits="0" number="4"/>
						<line hits="0" number="5"/>
						<line hits="0" number="6"/>
						<line hits="0" number="7"/>
						<line hits="0" number="8"/>
						<line hits="0" number="12"/>
						<line hits="0" number="13"/>
						<line hits="0" number="14"/>
						<line hits="0" number="15"/>
						<line hits="0" number="16"/>
						<line hits="0" number="17"/>
						<line hits="0" number="18"/>
						<line hits="0" number="19"/>
						<line hits="0" number="21"/>
						<line hits="0" number="23"/>
						<line hits="0" number="25"/>
						<line hits="0" number="26"/>
						<line hits="0" number="27"/>
						<line hits="0" number="29"/>
						<line hits="0" number="33"/>
						<line hits="0" number="35"/>
						<line hits="0" number="41"/>
						<line hits="0" number="42"/>
						<line hits="0" number="44"/>
						<line hits="0" number="50"/>
						<line hits="0" number="52"/>
						<line hits="0" number="59"/>
						<line hits="0" number="60"/>
						<line hits="0" number="61"/>
						<line hits="0" number="62"/>
						<line hits="0" number="64"/>
						<line hits="0" number="65"/>
						<line hits="0" number="67"/>
						<line hits="0" number="73"/>
						<line hits="0" number="74"/>
						<line hits="0" number="75"/>
						<line hits="0" number="76"/>
						<line hits="0" number="78"/>
					</lines>
				</class>
			</classes>
		</package>
		<package branch-rate="0" complexity="0" line-rate="1" name="openemory.mx.migrations">
			<classes>
				<class branch-rate="0" complexity="0" filename="openemory/mx/migrations/0001_initial.py" line-rate="1" name="0001_initial.py">
					<methods/>
					<lines>
						<line hits="1" number="2"/>
						<line hits="1" number="4"/>
						<line hits="1" number="7"/>
						<line hits="1" number="9"/>
						<line hits="1" number="13"/>
					</lines>
				</class>
			</classes>
		</package>
		<package branch-rate="0" complexity="0" line-rate="0.3713" name="openemory.publication">
			<classes>
				<class branch-rate="0" complexity="0" filename="openemory/publication/admin.py" line-rate="0" name="admin.py">
					<methods/>
					<lines>
						<line hits="0" number="17"/>
						<line hits="0" number="18"/>
						<line hits="0" number="19"/>
						<line hits="0" number="21"/>
						<line hits="0" number="22"/>
						<line hits="0" number="23"/>
						<line hits="0" number="24"/>
						<line hits="0" number="27"/>
						<line hits="0" number="28"/>
						<line hits="0" number="29"/>
						<line hits="0" number="30"/>
						<line hits="0" number="31"/>
						<line hits="0" number="32"/>
						<line hits="0" number="39"/>
						<line hits="0" number="40"/>
						<line hits="0" number="41"/>
						<line hits="0" number="43"/>
						<line hits="0" number="44"/>
						<line hits="0" number="45"/>
						<line hits="0" number="46"/>
						<line hits="0" number="47"/>
						<line hits="0" number="52"/>
						<line hits="0" number="53"/>
						<line hits="0" number="54"/>
						<line hits="0" number="55"/>
					</lines>
				</class>
				<class branch-rate="0" complexity="0" filename="openemory/publication/context_processors.py" line-rate="0.4444" name="context_processors.py">
					<methods/>
					<lines>
						<line hits="1" number="17"/>
						<line hits="1" number="18"/>
						<line hits="1" number="19"/>
						<line hits="1" number="20"/>
						<line hits="1" number="21"/>
						<line hits="1" number="23"/>
						<line hits="1" number="28"/>
						<line hits="1" number="31"/>
						<line hits="0" number="39"/>
						<line hits="0" number="43"/>
						<line hits="0" number="44"/>
						<line hits="0" number="46"/>
						<line hits="0" number="47"/>
						<line hits="0" number="49"/>
						<line hits="0" number="51"/>
						<line hits="0" number="52"/>
						<line hits="0" number="54"/>
						<line hits="0" number="56"/>
					</lines>
				</class>
				<class branch-rate="0" complexity="0" filename="openemory/publication/forms.py" line-rate="0.2286" name="forms.py">
					<methods/>
					<lines>
						<line hits="0" number="17"/>
						<line hits="0" number="18"/>
						<line hits="0" number="19"/>
						<line hits="0" number="20"/>
						<line hits="0" number="21"/>
						<line hits="0" number="22"/>
						<line hits="0" number="23"/>
						<line hits="0" number="24"/>
						<line hits="0" number="25"/>
						<line hits="0" number="27"/>
						<line hits="0" number="29"/>
						<line hits="0" number="31"/>
						<line hits="0" number="33"/>
						<line hits="0" number="34"/>
						<line hits="0" number="35"/>
						<line hits="0" number="36"/>
						<line hits="0" number="38"/>
						<line hits="0" number="43"/>
						<line hits="0" number="45"/>
						<line hits="0" number="48"/>
						<line hits="0" number="49"/>
						<line hits="0" number="55"/>
						<line hits="0" number="72"/>
						<line hits="0" number="74"/>
						<line hits="1" number="75"/>
						<line hits="1" number="76"/>
						<line hits="1" number="77"/>
						<line hits="1" number="79"/>
						<line hits="0" number="82"/>
						<line hits="1" number="89"/>
						<line hits="1" number="91"/>
						<line hits="1" number="92"/>
						<line hits="1" number="96"/>
						<line hits="1" number="97"/>
						<line hits="1" number="99"/>
						<line hits="1" number="100"/>
						<line hits="1" number="102"/>
						<line hits="1" number="103"/>
						<line hits="1" number="104"/>
						<line hits="0" number="107"/>
						<line hits="0" number="130"/>
						<line hits="1" number="141"/>
						<line hits="1" number="142"/>
						<line hits="1" number="143"/>
						<line hits="1" number="146"/>
						<line hits="1" number="147"/>
						<line hits="1" number="148"/>
[...]
						<line hits="1" number="637"/>
						<line hits="1" number="639"/>
						<line hits="0" number="643"/>
						<line hits="1" number="653"/>
						<line hits="1" number="654"/>
						<line hits="1" number="656"/>
						<line hits="1" number="659"/>
						<line hits="1" number="661"/>
						<line hits="1" number="662"/>
						<line hits="1" number="663"/>
						<line hits="1" number="664"/>
						<line hits="1" number="666"/>
						<line hits="1" number="667"/>
						<line hits="1" number="672"/>
						<line hits="1" number="673"/>
						<line hits="1" number="674"/>
						<line hits="1" number="675"/>
						<line hits="1" number="676"/>
						<line hits="1" number="677"/>
						<line hits="1" number="679"/>
						<line hits="0" number="681"/>
						<line hits="0" number="682"/>
						<line hits="0" number="683"/>
						<line hits="0" number="689"/>
						<line hits="1" number="704"/>
						<line hits="1" number="705"/>
						<line hits="1" number="707"/>
						<line hits="1" number="713"/>
						<line hits="1" number="721"/>
						<line hits="1" number="722"/>
						<line hits="1" number="723"/>
						<line hits="1" number="735"/>
						<line hits="1" number="736"/>
						<line hits="0" number="740"/>
						<line hits="0" number="744"/>
						<line hits="0" number="746"/>
						<line hits="1" number="751"/>
						<line hits="1" number="752"/>
						<line hits="1" number="754"/>
						<line hits="1" number="755"/>
						<line hits="1" number="762"/>
						<line hits="1" number="765"/>
						<line hits="1" number="767"/>
						<line hits="1" number="768"/>
						<line hits="1" number="769"/>
						<line hits="1" number="771"/>
						<line hits="1" number="772"/>
						<line hits="1" number="773"/>
						<line hits="0" number="774"/>
						<line hits="1" number="776"/>
						<line hits="1" number="780"/>
						<line hits="0" number="784"/>
						<line hits="1" number="789"/>
						<line hits="1" number="790"/>
						<line hits="0" number="792"/>
						<line hits="1" number="811"/>
						<line hits="1" number="813"/>
						<line hits="1" number="814"/>
						<line hits="1" number="815"/>
						<line hits="1" number="816"/>
						<line hits="1" number="818"/>
						<line hits="1" number="819"/>
						<line hits="1" number="820"/>
						<line hits="0" number="821"/>
						<line hits="0" number="822"/>
						<line hits="0" number="823"/>
						<line hits="0" number="824"/>
						<line hits="0" number="825"/>
						<line hits="0" number="826"/>
						<line hits="0" number="827"/>
						<line hits="0" number="828"/>
						<line hits="0" number="829"/>
						<line hits="0" number="830"/>
						<line hits="0" number="831"/>
						<line hits="0" number="832"/>
						<line hits="0" number="834"/>
						<line hits="1" number="836"/>
						<line hits="1" number="837"/>
						<line hits="1" number="838"/>
						<line hits="1" number="839"/>
						<line hits="1" number="840"/>
						<line hits="1" number="841"/>
						<line hits="1" number="842"/>
						<line hits="1" number="843"/>
						<line hits="0" number="844"/>
						<line hits="1" number="845"/>
						<line hits="0" number="846"/>
						<line hits="1" number="847"/>
						<line hits="1" number="848"/>
						<line hits="1" number="849"/>
						<line hits="1" number="850"/>
						<line hits="1" number="851"/>
						<line hits="1" number="852"/>
						<line hits="1" number="853"/>
						<line hits="1" number="854"/>
						<line hits="1" number="855"/>
						<line hits="1" number="856"/>
						<line hits="1" number="857"/>
						<line hits="1" number="858"/>
						<line hits="1" number="859"/>
						<line hits="1" number="860"/>
						<line hits="1" number="861"/>
						<line hits="1" number="862"/>
						<line hits="1" number="863"/>
						<line hits="1" number="864"/>
						<line hits="1" number="865"/>
						<line hits="0" number="866"/>
						<line hits="1" number="867"/>
						<line hits="1" number="868"/>
						<line hits="0" number="869"/>
						<line hits="1" number="870"/>
						<line hits="1" number="871"/>
						<line hits="1" number="872"/>
						<line hits="1" number="873"/>
						<line hits="1" number="874"/>
						<line hits="1" number="875"/>
						<line hits="1" number="876"/>
						<line hits="1" number="877"/>
						<line hits="1" number="878"/>
						<line hits="1" number="879"/>
						<line hits="1" number="881"/>
						<line hits="1" number="882"/>
						<line hits="1" number="883"/>
						<line hits="1" number="885"/>
						<line hits="0" number="888"/>
						<line hits="1" number="894"/>
						<line hits="1" number="895"/>
						<line hits="1" number="896"/>
						<line hits="1" number="897"/>
						<line hits="1" number="898"/>
						<line hits="1" number="899"/>
						<line hits="1" number="900"/>
						<line hits="1" number="901"/>
						<line hits="0" number="904"/>
						<line hits="1" number="907"/>
						<line hits="1" number="911"/>
						<line hits="1" number="918"/>
						<line hits="1" number="924"/>
						<line hits="1" number="925"/>
						<line hits="1" number="927"/>
						<line hits="1" number="928"/>
						<line hits="1" number="929"/>
						<line hits="1" number="930"/>
						<line hits="1" number="932"/>
						<line hits="1" number="935"/>
						<line hits="1" number="940"/>
						<line hits="1" number="943"/>
						<line hits="0" number="944"/>
						<line hits="0" number="945"/>
						<line hits="1" number="946"/>
						<line hits="0" number="947"/>
						<line hits="0" number="948"/>
						<line hits="0" number="950"/>
						<line hits="1" number="953"/>
						<line hits="0" number="954"/>
						<line hits="0" number="955"/>
						<line hits="1" number="956"/>
						<line hits="1" number="957"/>
						<line hits="1" number="960"/>
						<line hits="1" number="961"/>
						<line hits="0" number="962"/>
						<line hits="0" number="963"/>
						<line hits="0" number="966"/>
						<line hits="0" number="969"/>
						<line hits="0" number="971"/>
						<line hits="0" number="974"/>
						<line hits="1" number="977"/>
						<line hits="1" number="979"/>
						<line hits="0" number="982"/>
						<line hits="1" number="985"/>
						<line hits="1" number="987"/>
						<line hits="1" number="994"/>
						<line hits="1" number="999"/>
						<line hits="1" number="1009"/>
						<line hits="0" number="1010"/>
						<line hits="1" number="1015"/>
						<line hits="1" number="1017"/>
						<line hits="1" number="1018"/>
						<line hits="1" number="1019"/>
						<line hits="1" number="1020"/>
						<line hits="1" number="1022"/>
						<line hits="1" number="1024"/>
						<line hits="0" number="1028"/>
						<line hits="0" number="1031"/>
						<line hits="0" number="1032"/>
						<line hits="0" number="1036"/>
						<line hits="0" number="1038"/>
						<line hits="0" number="1039"/>
						<line hits="0" number="1040"/>
						<line hits="0" number="1041"/>
						<line hits="0" number="1042"/>
						<line hits="1" number="1044"/>
						<line hits="1" number="1048"/>
						<line hits="1" number="1049"/>
						<line hits="1" number="1050"/>
						<line hits="1" number="1052"/>
						<line hits="1" number="1055"/>
						<line hits="1" number="1057"/>
						<line hits="1" number="1058"/>
						<line hits="1" number="1059"/>
						<line hits="1" number="1060"/>
						<line hits="1" number="1061"/>
						<line hits="1" number="1062"/>
						<line hits="1" number="1063"/>
						<line hits="1" number="1066"/>
						<line hits="1" number="1067"/>
						<line hits="1" number="1068"/>
						<line hits="1" number="1069"/>
						<line hits="1" number="1070"/>
						<line hits="1" number="1071"/>
						<line hits="1" number="1072"/>
						<line hits="1" number="1073"/>
						<line hits="1" number="1074"/>
						<line hits="1" number="1076"/>
						<line hits="1" number="1077"/>
						<line hits="1" number="1078"/>
						<line hits="1" number="1079"/>
						<line hits="1" number="1081"/>
						<line hits="1" number="1082"/>
						<line hits="1" number="1084"/>
						<line hits="1" number="1085"/>
						<line hits="1" number="1086"/>
						<line hits="1" number="1087"/>
						<line hits="1" number="1088"/>
						<line hits="1" number="1091"/>
						<line hits="1" number="1092"/>
						<line hits="1" number="1093"/>
						<line hits="1" number="1094"/>
						<line hits="1" number="1096"/>
						<line hits="1" number="1099"/>
						<line hits="1" number="1102"/>
						<line hits="1" number="1110"/>
						<line hits="1" number="1111"/>
						<line hits="1" number="1113"/>
						<line hits="1" number="1116"/>
						<line hits="1" number="1118"/>
						<line hits="1" number="1119"/>
						<line hits="1" number="1122"/>
						<line hits="1" number="1126"/>
						<line hits="1" number="1127"/>
						<line hits="1" number="1128"/>
						<line hits="1" number="1129"/>
						<line hits="1" number="1131"/>
						<line hits="1" number="1134"/>
						<line hits="1" number="1135"/>
						<line hits="1" number="1140"/>
						<line hits="1" number="1141"/>
						<line hits="1" number="1144"/>
						<line hits="1" number="1145"/>
						<line hits="1" number="1147"/>
						<line hits="1" number="1150"/>
						<line hits="1" number="1151"/>
						<line hits="1" number="1153"/>
						<line hits="1" number="1154"/>
						<line hits="1" number="1155"/>
						<line hits="1" number="1157"/>
						<line hits="1" number="1158"/>
						<line hits="1" number="1159"/>
						<line hits="1" number="1161"/>
						<line hits="1" number="1162"/>
						<line hits="1" number="1167"/>
						<line hits="1" number="1169"/>
						<line hits="1" number="1171"/>
						<line hits="0" number="1185"/>
						<line hits="1" number="1196"/>
						<line hits="1" number="1197"/>
						<line hits="1" number="1202"/>
						<line hits="0" number="1203"/>
						<line hits="1" number="1204"/>
						<line hits="1" number="1206"/>
						<line hits="1" number="1209"/>
						<line hits="1" number="1210"/>
						<line hits="1" number="1212"/>
						<line hits="1" number="1213"/>
						<line hits="1" number="1216"/>
						<line hits="1" number="1217"/>
						<line hits="1" number="1222"/>
						<line hits="1" number="1223"/>
						<line hits="1" number="1225"/>
						<line hits="1" number="1226"/>
						<line hits="1" number="1227"/>
						<line hits="1" number="1228"/>
						<line hits="1" number="1229"/>
						<line hits="0" number="1231"/>
						<line hits="0" number="1233"/>
						<line hits="1" number="1258"/>
						<line hits="1" number="1259"/>
						<line hits="1" number="1261"/>
						<line hits="1" number="1263"/>
						<line hits="1" number="1266"/>
						<line hits="1" number="1269"/>
						<line hits="1" number="1273"/>
						<line hits="1" number="1277"/>
						<line hits="1" number="1280"/>
						<line hits="1" number="1281"/>
						<line hits="1" number="1290"/>
						<line hits="1" number="1291"/>
						<line hits="1" number="1292"/>
						<line hits="1" number="1293"/>
						<line hits="1" number="1294"/>
						<line hits="1" number="1295"/>
						<line hits="0" number="1296"/>
						<line hits="1" number="1298"/>
						<line hits="0" number="1300"/>
						<line hits="1" number="1302"/>
						<line hits="1" number="1303"/>
						<line hits="1" number="1326"/>
						<line hits="1" number="1327"/>
						<line hits="1" number="1328"/>
						<line hits="1" number="1329"/>
						<line hits="1" number="1330"/>
						<line hits="1" number="1331"/>
						<line hits="0" number="1332"/>
						<line hits="1" number="1334"/>
						<line hits="0" number="1336"/>
						<line hits="0" number="1338"/>
						<line hits="0" number="1339"/>
						<line hits="0" number="1340"/>
						<line hits="0" number="1341"/>
						<line hits="0" number="1343"/>
						<line hits="0" number="1344"/>
						<line hits="0" number="1346"/>
						<line hits="0" number="1347"/>
						<line hits="0" number="1349"/>
						<line hits="0" number="1350"/>
						<line hits="0" number="1352"/>
						<line hits="0" number="1353"/>
						<line hits="0" number="1356"/>
						<line hits="1" number="1361"/>
						<line hits="1" number="1362"/>
						<line hits="1" number="1364"/>
						<line hits="1" number="1365"/>
						<line hits="1" number="1368"/>
						<line hits="1" number="1370"/>
						<line hits="1" number="1371"/>
						<line hits="1" number="1374"/>
						<line hits="0" number="1378"/>
						<line hits="0" number="1382"/>
						<line hits="0" number="1384"/>
						<line hits="0" number="1385"/>
						<line hits="0" number="1386"/>
						<line hits="0" number="1388"/>
						<line hits="0" number="1389"/>
						<line hits="0" number="1390"/>
						<line hits="0" number="1393"/>
						<line hits="0" number="1395"/>
						<line hits="0" number="1396"/>
						<line hits="0" number="1400"/>
						<line hits="0" number="1404"/>
						<line hits="0" number="1405"/>
						<line hits="0" number="1413"/>
						<line hits="0" number="1414"/>
						<line hits="0" number="1415"/>
						<line hits="0" number="1416"/>
						<line hits="0" number="1417"/>
						<line hits="0" number="1420"/>
						<line hits="0" number="1421"/>
						<line hits="0" number="1422"/>
						<line hits="0" number="1423"/>
						<line hits="0" number="1424"/>
						<line hits="0" number="1425"/>
						<line hits="0" number="1427"/>
						<line hits="0" number="1431"/>
						<line hits="0" number="1433"/>
						<line hits="0" number="1435"/>
						<line hits="0" number="1436"/>
						<line hits="0" number="1438"/>
					</lines>
				</class>
			</classes>
		</package>
		<package branch-rate="0" complexity="0" line-rate="1" name="openemory.publication.management">
			<classes>
				<class branch-rate="0" complexity="0" filename="openemory/publication/management/commands.py" line-rate="1" name="commands.py">
					<methods/>
					<lines/>
				</class>
			</classes>
		</package>
		<package branch-rate="0" complexity="0" line-rate="0.6087" name="openemory.publication.management.commands">
			<classes>
				<class branch-rate="0" complexity="0" filename="openemory/publication/management/commands/quarterly_stats_by_author.py" line-rate="0.6087" name="quarterly_stats_by_author.py">
					<methods/>
					<lines>
						<line hits="1" number="17"/>
						<line hits="1" number="18"/>
						<line hits="1" number="19"/>
						<line hits="1" number="20"/>
						<line hits="1" number="22"/>
						<line hits="1" number="23"/>
						<line hits="1" number="24"/>
						<line hits="1" number="25"/>
						<line hits="1" number="26"/>
						<line hits="1" number="27"/>
						<line hits="1" number="28"/>
						<line hits="1" number="29"/>
						<line hits="1" number="30"/>
						<line hits="1" number="32"/>
						<line hits="1" number="33"/>
						<line hits="1" number="37"/>
						<line hits="1" number="39"/>
						<line hits="1" number="43"/>
						<line hits="1" number="44"/>
						<line hits="1" number="46"/>
						<line hits="1" number="53"/>
						<line hits="0" number="54"/>
						<line hits="0" number="55"/>
						<line hits="0" number="58"/>
						<line hits="0" number="61"/>
						<line hits="0" number="64"/>
						<line hits="0" number="65"/>
						<line hits="0" number="66"/>
						<line hits="0" number="67"/>
						<line hits="0" number="68"/>
						<line hits="0" number="70"/>
						<line hits="0" number="71"/>
						<line hits="0" number="72"/>
						<line hits="0" number="74"/>
						<line hits="0" number="75"/>
						<line hits="0" number="77"/>
						<line hits="0" number="80"/>
						<line hits="0" number="91"/>
						<line hits="0" number="92"/>
						<line hits="0" number="96"/>
						<line hits="0" number="97"/>
						<line hits="0" number="100"/>
						<line hits="0" number="101"/>
						<line hits="0" number="102"/>
						<line hits="0" number="104"/>
						<line hits="0" number="107"/>
						<line hits="0" number="108"/>
						<line hits="0" number="111"/>
						<line hits="0" number="112"/>
						<line hits="0" number="113"/>
						<line hits="0" number="114"/>
						<line hits="0" number="116"/>
						<line hits="0" number="117"/>
						<line hits="0" number="118"/>
						<line hits="0" number="119"/>
						<line hits="0" number="120"/>
						<line hits="0" number="122"/>
						<line hits="0" number="125"/>
						<line hits="0" number="126"/>
						<line hits="0" number="127"/>
						<line hits="0" number="128"/>
						<line hits="0" number="129"/>
						<line hits="0" number="130"/>
						<line hits="0" number="131"/>
						<line hits="0" number="132"/>
						<line hits="0" number="135"/>
						<line hits="1" number="138"/>
						<line hits="1" number="150"/>
						<line hits="1" number="151"/>
						<line hits="1" number="152"/>
						<line hits="1" number="153"/>
						<line hits="1" number="155"/>
						<line hits="1" number="156"/>
						<line hits="1" number="157"/>
						<line hits="1" number="158"/>
						<line hits="1" number="159"/>
						<line hits="1" number="160"/>
						<line hits="1" number="161"/>
						<line hits="1" number="162"/>
						<line hits="1" number="163"/>
						<line hits="1" number="164"/>
						<line hits="1" number="166"/>
						<line hits="1" number="167"/>
						<line hits="1" number="170"/>
						<line hits="1" number="171"/>
						<line hits="1" number="172"/>
						<line hits="1" number="177"/>
						<line hits="1" number="178"/>
						<line hits="1" number="179"/>
						<line hits="1" number="180"/>
						<line hits="1" number="183"/>
						<line hits="1" number="184"/>
						<line hits="1" number="186"/>
						<line hits="1" number="187"/>
						<line hits="1" number="188"/>
						<line hits="1" number="191"/>
						<line hits="1" number="192"/>
						<line hits="1" number="195"/>
						<line hits="1" number="196"/>
						<line hits="1" number="197"/>
						<line hits="1" number="198"/>
						<line hits="1" number="201"/>
						<line hits="1" number="202"/>
						<line hits="1" number="203"/>
						<line hits="1" number="204"/>
						<line hits="1" number="205"/>
						<line hits="1" number="208"/>
						<line hits="1" number="210"/>
						<line hits="1" number="212"/>
						<line hits="1" number="213"/>
						<line hits="1" number="214"/>
						<line hits="1" number="216"/>
						<line hits="1" number="219"/>
						<line hits="1" number="221"/>
						<line hits="1" number="222"/>
					</lines>
				</class>
			</classes>
		</package>
		<package branch-rate="0" complexity="0" line-rate="1" name="openemory.publication.migrations">
			<classes>
				<class branch-rate="0" complexity="0" filename="openemory/publication/migrations/0001_initial.py" line-rate="1" name="0001_initial.py">
					<methods/>
					<lines>
						<line hits="1" number="2"/>
						<line hits="1" number="4"/>
						<line hits="1" number="7"/>
						<line hits="1" number="9"/>
						<line hits="1" number="12"/>
					</lines>
				</class>
			</classes>
		</package>
		<package branch-rate="0" complexity="0" line-rate="0.9167" name="openemory.publication.templatetags">
			<classes>
				<class branch-rate="0" complexity="0" filename="openemory/publication/templatetags/publication_extras.py" line-rate="0.9167" name="publication_extras.py">
					<methods/>
					<lines>
						<line hits="1" number="17"/>
						<line hits="1" number="21"/>
						<line hits="1" number="22"/>
						<line hits="1" number="23"/>
						<line hits="1" number="24"/>
						<line hits="1" number="25"/>
						<line hits="1" number="26"/>
						<line hits="1" number="28"/>
						<line hits="1" number="30"/>
						<line hits="1" number="33"/>
						<line hits="1" number="34"/>
						<line hits="1" number="38"/>
						<line hits="1" number="39"/>
						<line hits="0" number="40"/>
						<line hits="0" number="41"/>
						<line hits="1" number="42"/>
						<line hits="1" number="45"/>
						<line hits="1" number="46"/>
						<line hits="1" number="49"/>
						<line hits="1" number="50"/>
						<line hits="1" number="51"/>
						<line hits="1" number="52"/>
						<line hits="1" number="53"/>
						<line hits="1" number="55"/>
					</lines>
				</class>
			</classes>
		</package>
	</packages>
</coverage>
