<?xml version="1.0" encoding="UTF-8"?><testsuite name="nosetests" tests="158" errors="25" failures="0" skip="3"><testcase classname="openemory.accounts.tests.AccountViewsTest" name="test_dashboard" time="2.948"><error type="exceptions.AttributeError" message="assert_called_once&#10;-------------------- &gt;&gt; begin captured logging &lt;&lt; --------------------&#10;eulfedora.server: DEBUG: Connecting to fedora at https://libfeddev1.library.emory.edu:8443/fedora/ as testuser&#10;requests.packages.urllib3.connectionpool: INFO: Starting new HTTPS connection (1): libfeddev1.library.emory.edu&#10;py.warnings: WARNING: /Users/azotov/VirtualEnv/open-emory/lib/python2.7/site-packages/requests/packages/urllib3/util/ssl_.py:90: InsecurePlatformWarning: A true SSLContext object is not available. This prevents urllib3 from configuring SSL appropriately and may cause certain SSL connections to fail. For more information, see https://urllib3.readthedocs.org/en/latest/security.html#insecureplatformwarning.&#10;  InsecurePlatformWarning&#10;&#10;requests.packages.urllib3.connectionpool: DEBUG: &quot;GET /fedora/objects?query=pid~oe-zo-test%3A%2A&amp;pid=true&amp;resultFormat=xml HTTP/1.1&quot; 200 None&#10;eulfedora.api: DEBUG: GET objects=&gt;200: 0.729241 sec&#10;requests.packages.urllib3.connectionpool: DEBUG: &quot;DELETE /fedora/objects/oe-zo-test:1?logMessage=removing+test+object HTTP/1.1&quot; 401 0&#10;eulfedora.api: DEBUG: DELETE objects/oe-zo-test:1=&gt;401: 0.025418 sec&#10;eulfedora.testutil: WARNING: Error purging test object oe-zo-test:1&#10;requests.packages.urllib3.connectionpool: DEBUG: &quot;DELETE /fedora/objects/oe-zo-test:10?logMessage=removing+test+object HTTP/1.1&quot; 401 0&#10;eulfedora.api: DEBUG: DELETE objects/oe-zo-test:10=&gt;401: 0.029522 sec&#10;eulfedora.testutil: WARNING: Error purging test object oe-zo-test:10&#10;requests.packages.urllib3.connectionpool: DEBUG: &quot;DELETE /fedora/objects/oe-zo-test:11?logMessage=removing+test+object HTTP/1.1&quot; 401 0&#10;eulfedora.api: DEBUG: DELETE objects/oe-zo-test:11=&gt;401: 0.027161 sec&#10;eulfedora.testutil: WARNING: Error purging test object oe-zo-test:11&#10;requests.packages.urllib3.connectionpool: DEBUG: &quot;DELETE /fedora/objects/oe-zo-test:12?logMessage=removing+test+object HTTP/1.1&quot; 401 0&#10;eulfedora.api: DEBUG: DELETE objects/oe-zo-test:12=&gt;401: 0.027333 sec&#10;eulfedora.testutil: WARNING: Error purging test object oe-zo-test:12&#10;requests.packages.urllib3.connectionpool: DEBUG: &quot;DELETE /fedora/objects/oe-zo-test:13?logMessage=removing+test+object HTTP/1.1&quot; 401 0&#10;eulfedora.api: DEBUG: DELETE objects/oe-zo-test:13=&gt;401: 0.026801 sec&#10;eulfedora.testutil: WARNING: Error purging test object oe-zo-test:13&#10;requests.packages.urllib3.connectionpool: DEBUG: &quot;DELETE /fedora/objects/oe-zo-test:14?logMessage=removing+test+object HTTP/1.1&quot; 401 0&#10;eulfedora.api: DEBUG: DELETE objects/oe-zo-test:14=&gt;401: 0.033524 sec&#10;eulfedora.testutil: WARNING: Error purging test object oe-zo-test:14&#10;requests.packages.urllib3.connectionpool: DEBUG: &quot;DELETE /fedora/objects/oe-zo-test:15?logMessage=removing+test+object HTTP/1.1&quot; 401 0&#10;eulfedora.api: DEBUG: DELETE objects/oe-zo-test:15=&gt;401: 0.027362 sec&#10;eulfedora.testutil: WARNING: Error purging test object oe-zo-test:15&#10;requests.packages.urllib3.connectionpool: DEBUG: &quot;DELETE /fedora/objects/oe-zo-test:16?logMessage=removing+test+object HTTP/1.1&quot; 401 0&#10;eulfedora.api: DEBUG: DELETE objects/oe-zo-test:16=&gt;401: 0.031886 sec&#10;eulfedora.testutil: WARNING: Error purging test object oe-zo-test:16&#10;requests.packages.urllib3.connectionpool: DEBUG: &quot;DELETE /fedora/objects/oe-zo-test:17?logMessage=removing+test+object HTTP/1.1&quot; 401 0&#10;eulfedora.api: DEBUG: DELETE objects/oe-zo-test:17=&gt;401: 0.028580 sec&#10;eulfedora.testutil: WARNING: Error purging test object oe-zo-test:17&#10;requests.packages.urllib3.connectionpool: DEBUG: &quot;DELETE /fedora/objects/oe-zo-test:18?logMessage=removing+test+object HTTP/1.1&quot; 401 0&#10;eulfedora.api: DEBUG: DELETE objects/oe-zo-test:18=&gt;401: 0.026957 sec&#10;eulfedora.testutil: WARNING: Error purging test object oe-zo-test:18&#10;requests.packages.urllib3.connectionpool: DEBUG: &quot;DELETE /fedora/objects/oe-zo-test:19?logMessage=removing+test+object HTTP/1.1&quot; 401 0&#10;eulfedora.api: DEBUG: DELETE objects/oe-zo-test:19=&gt;401: 0.024866 sec&#10;eulfedora.testutil: WARNING: Error purging test object oe-zo-test:19&#10;requests.packages.urllib3.connectionpool: DEBUG: &quot;DELETE /fedora/objects/oe-zo-test:2?logMessage=removing+test+object HTTP/1.1&quot; 401 0&#10;eulfedora.api: DEBUG: DELETE objects/oe-zo-test:2=&gt;401: 0.039974 sec&#10;eulfedora.testutil: WARNING: Error purging test object oe-zo-test:2&#10;requests.packages.urllib3.connectionpool: DEBUG: &quot;DELETE /fedora/objects/oe-zo-test:20?logMessage=removing+test+object HTTP/1.1&quot; 401 0&#10;eulfedora.api: DEBUG: DELETE objects/oe-zo-test:20=&gt;401: 0.025536 sec&#10;eulfedora.testutil: WARNING: Error purging test object oe-zo-test:20&#10;requests.packages.urllib3.connectionpool: DEBUG: &quot;DELETE /fedora/objects/oe-zo-test:21?logMessage=removing+test+object HTTP/1.1&quot; 401 0&#10;eulfedora.api: DEBUG: DELETE objects/oe-zo-test:21=&gt;401: 0.024602 sec&#10;eulfedora.testutil: WARNING: Error purging test object oe-zo-test:21&#10;requests.packages.urllib3.connectionpool: DEBUG: &quot;DELETE /fedora/objects/oe-zo-test:22?logMessage=removing+test+object HTTP/1.1&quot; 401 0&#10;eulfedora.api: DEBUG: DELETE objects/oe-zo-test:22=&gt;401: 0.025703 sec&#10;eulfedora.testutil: WARNING: Error purging test object oe-zo-test:22&#10;requests.packages.urllib3.connectionpool: DEBUG: &quot;DELETE /fedora/objects/oe-zo-test:23?logMessage=removing+test+object HTTP/1.1&quot; 401 0&#10;eulfedora.api: DEBUG: DELETE objects/oe-zo-test:23=&gt;401: 0.025798 sec&#10;eulfedora.testutil: WARNING: Error purging test object oe-zo-test:23&#10;requests.packages.urllib3.connectionpool: DEBUG: &quot;DELETE /fedora/objects/oe-zo-test:24?logMessage=removing+test+object HTTP/1.1&quot; 401 0&#10;eulfedora.api: DEBUG: DELETE objects/oe-zo-test:24=&gt;401: 0.025346 sec&#10;eulfedora.testutil: WARNING: Error purging test object oe-zo-test:24&#10;requests.packages.urllib3.connectionpool: DEBUG: &quot;DELETE /fedora/objects/oe-zo-test:25?logMessage=removing+test+object HTTP/1.1&quot; 401 0&#10;eulfedora.api: DEBUG: DELETE objects/oe-zo-test:25=&gt;401: 0.025176 sec&#10;eulfedora.testutil: WARNING: Error purging test object oe-zo-test:25&#10;requests.packages.urllib3.connectionpool: DEBUG: &quot;DELETE /fedora/objects/oe-zo-test:26?logMessage=removing+test+object HTTP/1.1&quot; 401 0&#10;eulfedora.api: DEBUG: DELETE objects/oe-zo-test:26=&gt;401: 0.027770 sec&#10;eulfedora.testutil: WARNING: Error purging test object oe-zo-test:26&#10;requests.packages.urllib3.connectionpool: DEBUG: &quot;DELETE /fedora/objects/oe-zo-test:27?logMessage=removing+test+object HTTP/1.1&quot; 401 0&#10;eulfedora.api: DEBUG: DELETE objects/oe-zo-test:27=&gt;401: 0.027543 sec&#10;eulfedora.testutil: WARNING: Error purging test object oe-zo-test:27&#10;requests.packages.urllib3.connectionpool: DEBUG: &quot;DELETE /fedora/objects/oe-zo-test:28?logMessage=removing+test+object HTTP/1.1&quot; 401 0&#10;eulfedora.api: DEBUG: DELETE objects/oe-zo-test:28=&gt;401: 0.026092 sec&#10;eulfedora.testutil: WARNING: Error purging test object oe-zo-test:28&#10;requests.packages.urllib3.connectionpool: DEBUG: &quot;DELETE /fedora/objects/oe-zo-test:29?logMessage=removing+test+object HTTP/1.1&quot; 401 0&#10;eulfedora.api: DEBUG: DELETE objects/oe-zo-test:29=&gt;401: 0.013668 sec&#10;eulfedora.testutil: WARNING: Error purging test object oe-zo-test:29&#10;requests.packages.urllib3.connectionpool: DEBUG: &quot;DELETE /fedora/objects/oe-zo-test:3?logMessage=removing+test+object HTTP/1.1&quot; 401 0&#10;eulfedora.api: DEBUG: DELETE objects/oe-zo-test:3=&gt;401: 0.018364 sec&#10;eulfedora.testutil: WARNING: Error purging test object oe-zo-test:3&#10;requests.packages.urllib3.connectionpool: DEBUG: &quot;DELETE /fedora/objects/oe-zo-test:30?logMessage=removing+test+object HTTP/1.1&quot; 401 0&#10;eulfedora.api: DEBUG: DELETE objects/oe-zo-test:30=&gt;401: 0.015884 sec&#10;eulfedora.testutil: WARNING: Error purging test object oe-zo-test:30&#10;requests.packages.urllib3.connectionpool: DEBUG: &quot;DELETE /fedora/objects/oe-zo-test:31?logMessage=removing+test+object HTTP/1.1&quot; 401 0&#10;eulfedora.api: DEBUG: DELETE objects/oe-zo-test:31=&gt;401: 0.015389 sec&#10;eulfedora.testutil: WARNING: Error purging test object oe-zo-test:31&#10;requests.packages.urllib3.connectionpool: DEBUG: &quot;GET /fedora/objects?query=pid~oe-zo-test%3A%2A&amp;pid=true&amp;resultFormat=xml&amp;sessionToken=8d5786c8cd5587a6d3505f28696dd926 HTTP/1.1&quot; 200 None&#10;eulfedora.api: DEBUG: GET objects=&gt;200: 0.591293 sec&#10;requests.packages.urllib3.connectionpool: DEBUG: &quot;DELETE /fedora/objects/oe-zo-test:32?logMessage=removing+test+object HTTP/1.1&quot; 401 0&#10;eulfedora.api: DEBUG: DELETE objects/oe-zo-test:32=&gt;401: 0.024805 sec&#10;eulfedora.testutil: WARNING: Error purging test object oe-zo-test:32&#10;requests.packages.urllib3.connectionpool: DEBUG: &quot;DELETE /fedora/objects/oe-zo-test:33?logMessage=removing+test+object HTTP/1.1&quot; 401 0&#10;eulfedora.api: DEBUG: DELETE objects/oe-zo-test:33=&gt;401: 0.028133 sec&#10;eulfedora.testutil: WARNING: Error purging test object oe-zo-test:33&#10;requests.packages.urllib3.connectionpool: DEBUG: &quot;DELETE /fedora/objects/oe-zo-test:34?logMessage=removing+test+object HTTP/1.1&quot; 401 0&#10;eulfedora.api: DEBUG: DELETE objects/oe-zo-test:34=&gt;401: 0.026522 sec&#10;eulfedora.testutil: WARNING: Error purging test object oe-zo-test:34&#10;requests.packages.urllib3.connectionpool: DEBUG: &quot;DELETE /fedora/objects/oe-zo-test:35?logMessage=removing+test+object HTTP/1.1&quot; 401 0&#10;eulfedora.api: DEBUG: DELETE objects/oe-zo-test:35=&gt;401: 0.031479 sec&#10;eulfedora.testutil: WARNING: Error purging test object oe-zo-test:35&#10;requests.packages.urllib3.connectionpool: DEBUG: &quot;DELETE /fedora/objects/oe-zo-test:36?logMessage=removing+test+object HTTP/1.1&quot; 401 0&#10;eulfedora.api: DEBUG: DELETE objects/oe-zo-test:36=&gt;401: 0.028161 sec&#10;eulfedora.testutil: WARNING: Error purging test object oe-zo-test:36&#10;requests.packages.urllib3.connectionpool: DEBUG: &quot;DELETE /fedora/objects/oe-zo-test:37?logMessage=removing+test+object HTTP/1.1&quot; 401 0&#10;eulfedora.api: DEBUG: DELETE objects/oe-zo-test:37=&gt;401: 0.025868 sec&#10;eulfedora.testutil: WARNING: Error purging test object oe-zo-test:37&#10;requests.packages.urllib3.connectionpool: DEBUG: &quot;DELETE /fedora/objects/oe-zo-test:38?logMessage=removing+test+object HTTP/1.1&quot; 401 0&#10;eulfedora.api: DEBUG: DELETE objects/oe-zo-test:38=&gt;401: 0.024654 sec&#10;eulfedora.testutil: WARNING: Error purging test object oe-zo-test:38&#10;requests.packages.urllib3.connectionpool: DEBUG: &quot;DELETE /fedora/objects/oe-zo-test:39?logMessage=removing+test+object HTTP/1.1&quot; 401 0&#10;eulfedora.api: DEBUG: DELETE objects/oe-zo-test:39=&gt;401: 0.023742 sec&#10;eulfedora.testutil: WARNING: Error purging test object oe-zo-test:39&#10;requests.packages.urllib3.connectionpool: DEBUG: &quot;DELETE /fedora/objects/oe-zo-test:4?logMessage=removing+test+object HTTP/1.1&quot; 401 0&#10;eulfedora.api: DEBUG: DELETE objects/oe-zo-test:4=&gt;401: 0.012979 sec&#10;eulfedora.testutil: WARNING: Error purging test object oe-zo-test:4&#10;requests.packages.urllib3.connectionpool: DEBUG: &quot;DELETE /fedora/objects/oe-zo-test:40?logMessage=removing+test+object HTTP/1.1&quot; 401 0&#10;eulfedora.api: DEBUG: DELETE objects/oe-zo-test:40=&gt;401: 0.015785 sec&#10;eulfedora.testutil: WARNING: Error purging test object oe-zo-test:40&#10;requests.packages.urllib3.connectionpool: DEBUG: &quot;DELETE /fedora/objects/oe-zo-test:41?logMessage=removing+test+object HTTP/1.1&quot; 401 0&#10;eulfedora.api: DEBUG: DELETE objects/oe-zo-test:41=&gt;401: 0.014537 sec&#10;eulfedora.testutil: WARNING: Error purging test object oe-zo-test:41&#10;requests.packages.urllib3.connectionpool: DEBUG: &quot;DELETE /fedora/objects/oe-zo-test:42?logMessage=removing+test+object HTTP/1.1&quot; 401 0&#10;eulfedora.api: DEBUG: DELETE objects/oe-zo-test:42=&gt;401: 0.013735 sec&#10;eulfedora.testutil: WARNING: Error purging test object oe-zo-test:42&#10;requests.packages.urllib3.connectionpool: DEBUG: &quot;DELETE /fedora/objects/oe-zo-test:43?logMessage=removing+test+object HTTP/1.1&quot; 401 0&#10;eulfedora.api: DEBUG: DELETE objects/oe-zo-test:43=&gt;401: 0.014233 sec&#10;eulfedora.testutil: WARNING: Error purging test object oe-zo-test:43&#10;requests.packages.urllib3.connectionpool: DEBUG: &quot;DELETE /fedora/objects/oe-zo-test:44?logMessage=removing+test+object HTTP/1.1&quot; 401 0&#10;eulfedora.api: DEBUG: DELETE objects/oe-zo-test:44=&gt;401: 0.015916 sec&#10;eulfedora.testutil: WARNING: Error purging test object oe-zo-test:44&#10;requests.packages.urllib3.connectionpool: DEBUG: &quot;DELETE /fedora/objects/oe-zo-test:45?logMessage=removing+test+object HTTP/1.1&quot; 401 0&#10;eulfedora.api: DEBUG: DELETE objects/oe-zo-test:45=&gt;401: 0.014208 sec&#10;eulfedora.testutil: WARNING: Error purging test object oe-zo-test:45&#10;requests.packages.urllib3.connectionpool: DEBUG: &quot;DELETE /fedora/objects/oe-zo-test:46?logMessage=removing+test+object HTTP/1.1&quot; 401 0&#10;eulfedora.api: DEBUG: DELETE objects/oe-zo-test:46=&gt;401: 0.015257 sec&#10;eulfedora.testutil: WARNING: Error purging test object oe-zo-test:46&#10;requests.packages.urllib3.connectionpool: DEBUG: &quot;DELETE /fedora/objects/oe-zo-test:47?logMessage=removing+test+object HTTP/1.1&quot; 401 0&#10;eulfedora.api: DEBUG: DELETE objects/oe-zo-test:47=&gt;401: 0.016142 sec&#10;eulfedora.testutil: WARNING: Error purging test object oe-zo-test:47&#10;requests.packages.urllib3.connectionpool: DEBUG: &quot;DELETE /fedora/objects/oe-zo-test:48?logMessage=removing+test+object HTTP/1.1&quot; 401 0&#10;eulfedora.api: DEBUG: DELETE objects/oe-zo-test:48=&gt;401: 0.015049 sec&#10;eulfedora.testutil: WARNING: Error purging test object oe-zo-test:48&#10;requests.packages.urllib3.connectionpool: DEBUG: &quot;DELETE /fedora/objects/oe-zo-test:49?logMessage=removing+test+object HTTP/1.1&quot; 401 0&#10;eulfedora.api: DEBUG: DELETE objects/oe-zo-test:49=&gt;401: 0.012417 sec&#10;eulfedora.testutil: WARNING: Error purging test object oe-zo-test:49&#10;requests.packages.urllib3.connectionpool: DEBUG: &quot;DELETE /fedora/objects/oe-zo-test:5?logMessage=removing+test+object HTTP/1.1&quot; 401 0&#10;eulfedora.api: DEBUG: DELETE objects/oe-zo-test:5=&gt;401: 0.014309 sec&#10;eulfedora.testutil: WARNING: Error purging test object oe-zo-test:5&#10;requests.packages.urllib3.connectionpool: DEBUG: &quot;DELETE /fedora/objects/oe-zo-test:50?logMessage=removing+test+object HTTP/1.1&quot; 401 0&#10;eulfedora.api: DEBUG: DELETE objects/oe-zo-test:50=&gt;401: 0.012639 sec&#10;eulfedora.testutil: WARNING: Error purging test object oe-zo-test:50&#10;requests.packages.urllib3.connectionpool: DEBUG: &quot;DELETE /fedora/objects/oe-zo-test:51?logMessage=removing+test+object HTTP/1.1&quot; 401 0&#10;eulfedora.api: DEBUG: DELETE objects/oe-zo-test:51=&gt;401: 0.013333 sec&#10;eulfedora.testutil: WARNING: Error purging test object oe-zo-test:51&#10;requests.packages.urllib3.connectionpool: DEBUG: &quot;DELETE /fedora/objects/oe-zo-test:52?logMessage=removing+test+object HTTP/1.1&quot; 401 0&#10;eulfedora.api: DEBUG: DELETE objects/oe-zo-test:52=&gt;401: 0.014263 sec&#10;eulfedora.testutil: WARNING: Error purging test object oe-zo-test:52&#10;requests.packages.urllib3.connectionpool: DEBUG: &quot;DELETE /fedora/objects/oe-zo-test:53?logMessage=removing+test+object HTTP/1.1&quot; 401 0&#10;eulfedora.api: DEBUG: DELETE objects/oe-zo-test:53=&gt;401: 0.012269 sec&#10;eulfedora.testutil: WARNING: Error purging test object oe-zo-test:53&#10;requests.packages.urllib3.connectionpool: DEBUG: &quot;DELETE /fedora/objects/oe-zo-test:54?logMessage=removing+test+object HTTP/1.1&quot; 401 0&#10;eulfedora.api: DEBUG: DELETE objects/oe-zo-test:54=&gt;401: 0.017797 sec&#10;eulfedora.testutil: WARNING: Error purging test object oe-zo-test:54&#10;requests.packages.urllib3.connectionpool: DEBUG: &quot;GET /fedora/objects?query=pid~oe-zo-test%3A%2A&amp;pid=true&amp;resultFormat=xml&amp;sessionToken=e0c62d8896b3291a6ea421952dd5782a HTTP/1.1&quot; 200 None&#10;eulfedora.api: DEBUG: GET objects=&gt;200: 0.109076 sec&#10;requests.packages.urllib3.connectionpool: DEBUG: &quot;DELETE /fedora/objects/oe-zo-test:6?logMessage=removing+test+object HTTP/1.1&quot; 401 0&#10;eulfedora.api: DEBUG: DELETE objects/oe-zo-test:6=&gt;401: 0.017546 sec&#10;eulfedora.testutil: WARNING: Error purging test object oe-zo-test:6&#10;requests.packages.urllib3.connectionpool: DEBUG: &quot;DELETE /fedora/objects/oe-zo-test:7?logMessage=removing+test+object HTTP/1.1&quot; 401 0&#10;eulfedora.api: DEBUG: DELETE objects/oe-zo-test:7=&gt;401: 0.017104 sec&#10;eulfedora.testutil: WARNING: Error purging test object oe-zo-test:7&#10;requests.packages.urllib3.connectionpool: DEBUG: &quot;DELETE /fedora/objects/oe-zo-test:8?logMessage=removing+test+object HTTP/1.1&quot; 401 0&#10;eulfedora.api: DEBUG: DELETE objects/oe-zo-test:8=&gt;401: 0.023634 sec&#10;eulfedora.testutil: WARNING: Error purging test object oe-zo-test:8&#10;requests.packages.urllib3.connectionpool: DEBUG: &quot;DELETE /fedora/objects/oe-zo-test:9?logMessage=removing+test+object HTTP/1.1&quot; 401 0&#10;eulfedora.api: DEBUG: DELETE objects/oe-zo-test:9=&gt;401: 0.026580 sec&#10;eulfedora.testutil: WARNING: Error purging test object oe-zo-test:9&#10;eulfedora.server: DEBUG: Connecting to fedora at https://libfeddev1.library.emory.edu:8443/fedora/ as testuser&#10;eulfedora.models: DEBUG: openemory.common.fedora.DigitalObject has no content models&#10;eulfedora.models: DEBUG: cmodel for openemory.publication.models.Chapter is info:fedora/emory-control:PublishedChapter-1.0&#10;requests.packages.urllib3.connectionpool: DEBUG: &quot;GET /fedora/objects/emory-control:PublishedChapter-1.0?format=xml HTTP/1.1&quot; 200 None&#10;eulfedora.api: DEBUG: GET objects/emory-control:PublishedChapter-1.0=&gt;200: 0.023511 sec&#10;eulfedora.models: DEBUG: info:fedora/emory-control:PublishedChapter-1.0 already exists&#10;eulfedora.models: DEBUG: cmodel for eulfedora.models.ContentModel is info:fedora/fedora-system:ContentModel-3.0&#10;requests.packages.urllib3.connectionpool: DEBUG: &quot;GET /fedora/objects/fedora-system:ContentModel-3.0?format=xml HTTP/1.1&quot; 200 None&#10;eulfedora.api: DEBUG: GET objects/fedora-system:ContentModel-3.0=&gt;200: 0.027397 sec&#10;eulfedora.models: DEBUG: info:fedora/fedora-system:ContentModel-3.0 already exists&#10;eulfedora.models: DEBUG: cmodel for openemory.publication.models.Book is info:fedora/emory-control:PublishedBook-1.0&#10;requests.packages.urllib3.connectionpool: DEBUG: &quot;GET /fedora/objects/emory-control:PublishedBook-1.0?format=xml HTTP/1.1&quot; 200 None&#10;eulfedora.api: DEBUG: GET objects/emory-control:PublishedBook-1.0=&gt;200: 0.024543 sec&#10;eulfedora.models: DEBUG: info:fedora/emory-control:PublishedBook-1.0 already exists&#10;eulfedora.models: DEBUG: openemory.publication.models.Publication has no content models&#10;eulfedora.models: DEBUG: cmodel for openemory.publication.models.Article is info:fedora/emory-control:PublishedArticle-1.0&#10;requests.packages.urllib3.connectionpool: DEBUG: &quot;GET /fedora/objects/emory-control:PublishedArticle-1.0?format=xml HTTP/1.1&quot; 200 None&#10;eulfedora.api: DEBUG: GET objects/emory-control:PublishedArticle-1.0=&gt;200: 0.027145 sec&#10;eulfedora.models: DEBUG: info:fedora/emory-control:PublishedArticle-1.0 already exists&#10;eulfedora.models: DEBUG: eulfedora.models.DigitalObject has no content models&#10;requests.packages.urllib3.connectionpool: DEBUG: &quot;POST /fedora/objects/new?logMessage=loaded+from+fixture HTTP/1.1&quot; 500 171&#10;eulfedora.api: DEBUG: POST objects/new=&gt;500: 0.046637 sec&#10;eulfedora.server: DEBUG: Connecting to fedora at https://libfeddev1.library.emory.edu:8443/fedora/ as testuser&#10;py.warnings: WARNING: /Users/azotov/VirtualEnv/open-emory/lib/python2.7/site-packages/django/conf/urls/defaults.py:3: DeprecationWarning: django.conf.urls.defaults is deprecated; use django.conf.urls instead&#10;  DeprecationWarning)&#10;&#10;pidservices.clients: DEBUG: Request: POST https://testpid.library.emory.edu/ark/ {'Content-Length': 3, 'Content-type': 'application/x-www-form-urlencoded', 'Accept': 'text/plain'} &lt;![BODY[{'domain': 'http://testpid.library.emory.edu/domains/34/', 'name': 'A very scholarly article', 'target_uri': u'http://example.com/publications/oe-zo-test:{%PID%}/'}]]&gt;&#10;requests.packages.urllib3.connectionpool: INFO: Starting new HTTPS connection (1): testpid.library.emory.edu&#10;py.warnings: WARNING: /Users/azotov/VirtualEnv/open-emory/lib/python2.7/site-packages/requests/packages/urllib3/util/ssl_.py:90: InsecurePlatformWarning: A true SSLContext object is not available. This prevents urllib3 from configuring SSL appropriately and may cause certain SSL connections to fail. For more information, see https://urllib3.readthedocs.org/en/latest/security.html#insecureplatformwarning.&#10;  InsecurePlatformWarning&#10;&#10;requests.packages.urllib3.connectionpool: DEBUG: &quot;POST /ark/ HTTP/1.1&quot; 201 None&#10;requests.packages.urllib3.connectionpool: INFO: Resetting dropped connection: libfeddev1.library.emory.edu&#10;py.warnings: WARNING: /Users/azotov/VirtualEnv/open-emory/lib/python2.7/site-packages/requests/packages/urllib3/util/ssl_.py:90: InsecurePlatformWarning: A true SSLContext object is not available. This prevents urllib3 from configuring SSL appropriately and may cause certain SSL connections to fail. For more information, see https://urllib3.readthedocs.org/en/latest/security.html#insecureplatformwarning.&#10;  InsecurePlatformWarning&#10;&#10;requests.packages.urllib3.connectionpool: DEBUG: &quot;POST /fedora/upload HTTP/1.1&quot; 202 17&#10;eulfedora.api: DEBUG: POST upload=&gt;202: 0.050844 sec&#10;requests.packages.urllib3.connectionpool: DEBUG: &quot;POST /fedora/upload HTTP/1.1&quot; 202 17&#10;eulfedora.api: DEBUG: POST upload=&gt;202: 0.013813 sec&#10;requests.packages.urllib3.connectionpool: DEBUG: &quot;POST /fedora/upload HTTP/1.1&quot; 202 17&#10;eulfedora.api: DEBUG: POST upload=&gt;202: 0.015562 sec&#10;requests.packages.urllib3.connectionpool: DEBUG: &quot;POST /fedora/upload HTTP/1.1&quot; 202 17&#10;eulfedora.api: DEBUG: POST upload=&gt;202: 0.017500 sec&#10;requests.packages.urllib3.connectionpool: DEBUG: &quot;POST /fedora/objects/new HTTP/1.1&quot; 201 16&#10;eulfedora.api: DEBUG: POST objects/new=&gt;201: 0.603092 sec&#10;tracking.middleware: INFO: Updating untracked user agent cache&#10;tracking.middleware: DEBUG: Created a new visitor: {'session_key': u'127.0.0.1:', 'ip_address': '127.0.0.1'}&#10;tracking.middleware: DEBUG: Using existing visitor for IP 127.0.0.1 / UA : 1&#10;requests.packages.urllib3.connectionpool: DEBUG: &quot;DELETE /fedora/objects/oe-zo-test:r75c8 HTTP/1.1&quot; 401 0&#10;eulfedora.api: DEBUG: DELETE objects/oe-zo-test:r75c8=&gt;401: 0.023404 sec&#10;openemory.accounts.tests: WARNING: Failed to purge test object oe-zo-test:r75c8&#10;--------------------- &gt;&gt; end captured logging &lt;&lt; ---------------------"><![CDATA[  File "/Users/azotov/VirtualEnv/open-emory/lib/python2.7/site-packages/unittest2/case.py", line 67, in testPartExecutor
    yield
  File "/Users/azotov/VirtualEnv/open-emory/lib/python2.7/site-packages/unittest2/case.py", line 625, in run
    testMethod()
  File "/Users/azotov/VirtualEnv/open-emory/lib/python2.7/site-packages/mock/mock.py", line 1305, in patched
    return func(*args, **keywargs)
  File "/Users/azotov/OpenEmory/openemory/accounts/tests.py", line 435, in test_dashboard
    mockprofile.recent_articles.assert_called_once()
  File "/Users/azotov/VirtualEnv/open-emory/lib/python2.7/site-packages/mock/mock.py", line 721, in __getattr__
    raise AttributeError(name)
'assert_called_once\n-------------------- >> begin captured logging << --------------------\neulfedora.server: DEBUG: Connecting to fedora at https://libfeddev1.library.emory.edu:8443/fedora/ as testuser\nrequests.packages.urllib3.connectionpool: INFO: Starting new HTTPS connection (1): libfeddev1.library.emory.edu\npy.warnings: WARNING: /Users/azotov/VirtualEnv/open-emory/lib/python2.7/site-packages/requests/packages/urllib3/util/ssl_.py:90: InsecurePlatformWarning: A true SSLContext object is not available. This prevents urllib3 from configuring SSL appropriately and may cause certain SSL connections to fail. For more information, see https://urllib3.readthedocs.org/en/latest/security.html#insecureplatformwarning.\n  InsecurePlatformWarning\n\nrequests.packages.urllib3.connectionpool: DEBUG: "GET /fedora/objects?query=pid~oe-zo-test%3A%2A&pid=true&resultFormat=xml HTTP/1.1" 200 None\neulfedora.api: DEBUG: GET objects=>200: 0.729241 sec\nrequests.packages.urllib3.connectionpool: DEBUG: "DELETE /fedora/objects/oe-zo-test:1?logMessage=removing+test+object HTTP/1.1" 401 0\neulfedora.api: DEBUG: DELETE objects/oe-zo-test:1=>401: 0.025418 sec\neulfedora.testutil: WARNING: Error purging test object oe-zo-test:1\nrequests.packages.urllib3.connectionpool: DEBUG: "DELETE /fedora/objects/oe-zo-test:10?logMessage=removing+test+object HTTP/1.1" 401 0\neulfedora.api: DEBUG: DELETE objects/oe-zo-test:10=>401: 0.029522 sec\neulfedora.testutil: WARNING: Error purging test object oe-zo-test:10\nrequests.packages.urllib3.connectionpool: DEBUG: "DELETE /fedora/objects/oe-zo-test:11?logMessage=removing+test+object HTTP/1.1" 401 0\neulfedora.api: DEBUG: DELETE objects/oe-zo-test:11=>401: 0.027161 sec\neulfedora.testutil: WARNING: Error purging test object oe-zo-test:11\nrequests.packages.urllib3.connectionpool: DEBUG: "DELETE /fedora/objects/oe-zo-test:12?logMessage=removing+test+object HTTP/1.1" 401 0\neulfedora.api: DEBUG: DELETE objects/oe-zo-test:12=>401: 0.027333 sec\neulfedora.testutil: WARNING: Error purging test object oe-zo-test:12\nrequests.packages.urllib3.connectionpool: DEBUG: "DELETE /fedora/objects/oe-zo-test:13?logMessage=removing+test+object HTTP/1.1" 401 0\neulfedora.api: DEBUG: DELETE objects/oe-zo-test:13=>401: 0.026801 sec\neulfedora.testutil: WARNING: Error purging test object oe-zo-test:13\nrequests.packages.urllib3.connectionpool: DEBUG: "DELETE /fedora/objects/oe-zo-test:14?logMessage=removing+test+object HTTP/1.1" 401 0\neulfedora.api: DEBUG: DELETE objects/oe-zo-test:14=>401: 0.033524 sec\neulfedora.testutil: WARNING: Error purging test object oe-zo-test:14\nrequests.packages.urllib3.connectionpool: DEBUG: "DELETE /fedora/objects/oe-zo-test:15?logMessage=removing+test+object HTTP/1.1" 401 0\neulfedora.api: DEBUG: DELETE objects/oe-zo-test:15=>401: 0.027362 sec\neulfedora.testutil: WARNING: Error purging test object oe-zo-test:15\nrequests.packages.urllib3.connectionpool: DEBUG: "DELETE /fedora/objects/oe-zo-test:16?logMessage=removing+test+object HTTP/1.1" 401 0\neulfedora.api: DEBUG: DELETE objects/oe-zo-test:16=>401: 0.031886 sec\neulfedora.testutil: WARNING: Error purging test object oe-zo-test:16\nrequests.packages.urllib3.connectionpool: DEBUG: "DELETE /fedora/objects/oe-zo-test:17?logMessage=removing+test+object HTTP/1.1" 401 0\neulfedora.api: DEBUG: DELETE objects/oe-zo-test:17=>401: 0.028580 sec\neulfedora.testutil: WARNING: Error purging test object oe-zo-test:17\nrequests.packages.urllib3.connectionpool: DEBUG: "DELETE /fedora/objects/oe-zo-test:18?logMessage=removing+test+object HTTP/1.1" 401 0\neulfedora.api: DEBUG: DELETE objects/oe-zo-test:18=>401: 0.026957 sec\neulfedora.testutil: WARNING: Error purging test object oe-zo-test:18\nrequests.packages.urllib3.connectionpool: DEBUG: "DELETE /fedora/objects/oe-zo-test:19?logMessage=removing+test+object HTTP/1.1" 401 0\neulfedora.api: DEBUG: DELETE objects/oe-zo-test:19=>401: 0.024866 sec\neulfedora.testutil: WARNING: Error purging test object oe-zo-test:19\nrequests.packages.urllib3.connectionpool: DEBUG: "DELETE /fedora/objects/oe-zo-test:2?logMessage=removing+test+object HTTP/1.1" 401 0\neulfedora.api: DEBUG: DELETE objects/oe-zo-test:2=>401: 0.039974 sec\neulfedora.testutil: WARNING: Error purging test object oe-zo-test:2\nrequests.packages.urllib3.connectionpool: DEBUG: "DELETE /fedora/objects/oe-zo-test:20?logMessage=removing+test+object HTTP/1.1" 401 0\neulfedora.api: DEBUG: DELETE objects/oe-zo-test:20=>401: 0.025536 sec\neulfedora.testutil: WARNING: Error purging test object oe-zo-test:20\nrequests.packages.urllib3.connectionpool: DEBUG: "DELETE /fedora/objects/oe-zo-test:21?logMessage=removing+test+object HTTP/1.1" 401 0\neulfedora.api: DEBUG: DELETE objects/oe-zo-test:21=>401: 0.024602 sec\neulfedora.testutil: WARNING: Error purging test object oe-zo-test:21\nrequests.packages.urllib3.connectionpool: DEBUG: "DELETE /fedora/objects/oe-zo-test:22?logMessage=removing+test+object HTTP/1.1" 401 0\neulfedora.api: DEBUG: DELETE objects/oe-zo-test:22=>401: 0.025703 sec\neulfedora.testutil: WARNING: Error purging test object oe-zo-test:22\nrequests.packages.urllib3.connectionpool: DEBUG: "DELETE /fedora/objects/oe-zo-test:23?logMessage=removing+test+object HTTP/1.1" 401 0\neulfedora.api: DEBUG: DELETE objects/oe-zo-test:23=>401: 0.025798 sec\neulfedora.testutil: WARNING: Error purging test object oe-zo-test:23\nrequests.packages.urllib3.connectionpool: DEBUG: "DELETE /fedora/objects/oe-zo-test:24?logMessage=removing+test+object HTTP/1.1" 401 0\neulfedora.api: DEBUG: DELETE objects/oe-zo-test:24=>401: 0.025346 sec\neulfedora.testutil: WARNING: Error purging test object oe-zo-test:24\nrequests.packages.urllib3.connectionpool: DEBUG: "DELETE /fedora/objects/oe-zo-test:25?logMessage=removing+test+object HTTP/1.1" 401 0\neulfedora.api: DEBUG: DELETE objects/oe-zo-test:25=>401: 0.025176 sec\neulfedora.testutil: WARNING: Error purging test object oe-zo-test:25\nrequests.packages.urllib3.connectionpool: DEBUG: "DELETE /fedora/objects/oe-zo-test:26?logMessage=removing+test+object HTTP/1.1" 401 0\neulfedora.api: DEBUG: DELETE objects/oe-zo-test:26=>401: 0.027770 sec\neulfedora.testutil: WARNING: Error purging test object oe-zo-test:26\nrequests.packages.urllib3.connectionpool: DEBUG: "DELETE /fedora/objects/oe-zo-test:27?logMessage=removing+test+object HTTP/1.1" 401 0\neulfedora.api: DEBUG: DELETE objects/oe-zo-test:27=>401: 0.027543 sec\neulfedora.testutil: WARNING: Error purging test object oe-zo-test:27\nrequests.packages.urllib3.connectionpool: DEBUG: "DELETE /fedora/objects/oe-zo-test:28?logMessage=removing+test+object HTTP/1.1" 401 0\neulfedora.api: DEBUG: DELETE objects/oe-zo-test:28=>401: 0.026092 sec\neulfedora.testutil: WARNING: Error purging test object oe-zo-test:28\nrequests.packages.urllib3.connectionpool: DEBUG: "DELETE /fedora/objects/oe-zo-test:29?logMessage=removing+test+object HTTP/1.1" 401 0\neulfedora.api: DEBUG: DELETE objects/oe-zo-test:29=>401: 0.013668 sec\neulfedora.testutil: WARNING: Error purging test object oe-zo-test:29\nrequests.packages.urllib3.connectionpool: DEBUG: "DELETE /fedora/objects/oe-zo-test:3?logMessage=removing+test+object HTTP/1.1" 401 0\neulfedora.api: DEBUG: DELETE objects/oe-zo-test:3=>401: 0.018364 sec\neulfedora.testutil: WARNING: Error purging test object oe-zo-test:3\nrequests.packages.urllib3.connectionpool: DEBUG: "DELETE /fedora/objects/oe-zo-test:30?logMessage=removing+test+object HTTP/1.1" 401 0\neulfedora.api: DEBUG: DELETE objects/oe-zo-test:30=>401: 0.015884 sec\neulfedora.testutil: WARNING: Error purging test object oe-zo-test:30\nrequests.packages.urllib3.connectionpool: DEBUG: "DELETE /fedora/objects/oe-zo-test:31?logMessage=removing+test+object HTTP/1.1" 401 0\neulfedora.api: DEBUG: DELETE objects/oe-zo-test:31=>401: 0.015389 sec\neulfedora.testutil: WARNING: Error purging test object oe-zo-test:31\nrequests.packages.urllib3.connectionpool: DEBUG: "GET /fedora/objects?query=pid~oe-zo-test%3A%2A&pid=true&resultFormat=xml&sessionToken=8d5786c8cd5587a6d3505f28696dd926 HTTP/1.1" 200 None\neulfedora.api: DEBUG: GET objects=>200: 0.591293 sec\nrequests.packages.urllib3.connectionpool: DEBUG: "DELETE /fedora/objects/oe-zo-test:32?logMessage=removing+test+object HTTP/1.1" 401 0\neulfedora.api: DEBUG: DELETE objects/oe-zo-test:32=>401: 0.024805 sec\neulfedora.testutil: WARNING: Error purging test object oe-zo-test:32\nrequests.packages.urllib3.connectionpool: DEBUG: "DELETE /fedora/objects/oe-zo-test:33?logMessage=removing+test+object HTTP/1.1" 401 0\neulfedora.api: DEBUG: DELETE objects/oe-zo-test:33=>401: 0.028133 sec\neulfedora.testutil: WARNING: Error purging test object oe-zo-test:33\nrequests.packages.urllib3.connectionpool: DEBUG: "DELETE /fedora/objects/oe-zo-test:34?logMessage=removing+test+object HTTP/1.1" 401 0\neulfedora.api: DEBUG: DELETE objects/oe-zo-test:34=>401: 0.026522 sec\neulfedora.testutil: WARNING: Error purging test object oe-zo-test:34\nrequests.packages.urllib3.connectionpool: DEBUG: "DELETE /fedora/objects/oe-zo-test:35?logMessage=removing+test+object HTTP/1.1" 401 0\neulfedora.api: DEBUG: DELETE objects/oe-zo-test:35=>401: 0.031479 sec\neulfedora.testutil: WARNING: Error purging test object oe-zo-test:35\nrequests.packages.urllib3.connectionpool: DEBUG: "DELETE /fedora/objects/oe-zo-test:36?logMessage=removing+test+object HTTP/1.1" 401 0\neulfedora.api: DEBUG: DELETE objects/oe-zo-test:36=>401: 0.028161 sec\neulfedora.testutil: WARNING: Error purging test object oe-zo-test:36\nrequests.packages.urllib3.connectionpool: DEBUG: "DELETE /fedora/objects/oe-zo-test:37?logMessage=removing+test+object HTTP/1.1" 401 0\neulfedora.api: DEBUG: DELETE objects/oe-zo-test:37=>401: 0.025868 sec\neulfedora.testutil: WARNING: Error purging test object oe-zo-test:37\nrequests.packages.urllib3.connectionpool: DEBUG: "DELETE /fedora/objects/oe-zo-test:38?logMessage=removing+test+object HTTP/1.1" 401 0\neulfedora.api: DEBUG: DELETE objects/oe-zo-test:38=>401: 0.024654 sec\neulfedora.testutil: WARNING: Error purging test object oe-zo-test:38\nrequests.packages.urllib3.connectionpool: DEBUG: "DELETE /fedora/objects/oe-zo-test:39?logMessage=removing+test+object HTTP/1.1" 401 0\neulfedora.api: DEBUG: DELETE objects/oe-zo-test:39=>401: 0.023742 sec\neulfedora.testutil: WARNING: Error purging test object oe-zo-test:39\nrequests.packages.urllib3.connectionpool: DEBUG: "DELETE /fedora/objects/oe-zo-test:4?logMessage=removing+test+object HTTP/1.1" 401 0\neulfedora.api: DEBUG: DELETE objects/oe-zo-test:4=>401: 0.012979 sec\neulfedora.testutil: WARNING: Error purging test object oe-zo-test:4\nrequests.packages.urllib3.connectionpool: DEBUG: "DELETE /fedora/objects/oe-zo-test:40?logMessage=removing+test+object HTTP/1.1" 401 0\neulfedora.api: DEBUG: DELETE objects/oe-zo-test:40=>401: 0.015785 sec\neulfedora.testutil: WARNING: Error purging test object oe-zo-test:40\nrequests.packages.urllib3.connectionpool: DEBUG: "DELETE /fedora/objects/oe-zo-test:41?logMessage=removing+test+object HTTP/1.1" 401 0\neulfedora.api: DEBUG: DELETE objects/oe-zo-test:41=>401: 0.014537 sec\neulfedora.testutil: WARNING: Error purging test object oe-zo-test:41\nrequests.packages.urllib3.connectionpool: DEBUG: "DELETE /fedora/objects/oe-zo-test:42?logMessage=removing+test+object HTTP/1.1" 401 0\neulfedora.api: DEBUG: DELETE objects/oe-zo-test:42=>401: 0.013735 sec\neulfedora.testutil: WARNING: Error purging test object oe-zo-test:42\nrequests.packages.urllib3.connectionpool: DEBUG: "DELETE /fedora/objects/oe-zo-test:43?logMessage=removing+test+object HTTP/1.1" 401 0\neulfedora.api: DEBUG: DELETE objects/oe-zo-test:43=>401: 0.014233 sec\neulfedora.testutil: WARNING: Error purging test object oe-zo-test:43\nrequests.packages.urllib3.connectionpool: DEBUG: "DELETE /fedora/objects/oe-zo-test:44?logMessage=removing+test+object HTTP/1.1" 401 0\neulfedora.api: DEBUG: DELETE objects/oe-zo-test:44=>401: 0.015916 sec\neulfedora.testutil: WARNING: Error purging test object oe-zo-test:44\nrequests.packages.urllib3.connectionpool: DEBUG: "DELETE /fedora/objects/oe-zo-test:45?logMessage=removing+test+object HTTP/1.1" 401 0\neulfedora.api: DEBUG: DELETE objects/oe-zo-test:45=>401: 0.014208 sec\neulfedora.testutil: WARNING: Error purging test object oe-zo-test:45\nrequests.packages.urllib3.connectionpool: DEBUG: "DELETE /fedora/objects/oe-zo-test:46?logMessage=removing+test+object HTTP/1.1" 401 0\neulfedora.api: DEBUG: DELETE objects/oe-zo-test:46=>401: 0.015257 sec\neulfedora.testutil: WARNING: Error purging test object oe-zo-test:46\nrequests.packages.urllib3.connectionpool: DEBUG: "DELETE /fedora/objects/oe-zo-test:47?logMessage=removing+test+object HTTP/1.1" 401 0\neulfedora.api: DEBUG: DELETE objects/oe-zo-test:47=>401: 0.016142 sec\neulfedora.testutil: WARNING: Error purging test object oe-zo-test:47\nrequests.packages.urllib3.connectionpool: DEBUG: "DELETE /fedora/objects/oe-zo-test:48?logMessage=removing+test+object HTTP/1.1" 401 0\neulfedora.api: DEBUG: DELETE objects/oe-zo-test:48=>401: 0.015049 sec\neulfedora.testutil: WARNING: Error purging test object oe-zo-test:48\nrequests.packages.urllib3.connectionpool: DEBUG: "DELETE /fedora/objects/oe-zo-test:49?logMessage=removing+test+object HTTP/1.1" 401 0\neulfedora.api: DEBUG: DELETE objects/oe-zo-test:49=>401: 0.012417 sec\neulfedora.testutil: WARNING: Error purging test object oe-zo-test:49\nrequests.packages.urllib3.connectionpool: DEBUG: "DELETE /fedora/objects/oe-zo-test:5?logMessage=removing+test+object HTTP/1.1" 401 0\neulfedora.api: DEBUG: DELETE objects/oe-zo-test:5=>401: 0.014309 sec\neulfedora.testutil: WARNING: Error purging test object oe-zo-test:5\nrequests.packages.urllib3.connectionpool: DEBUG: "DELETE /fedora/objects/oe-zo-test:50?logMessage=removing+test+object HTTP/1.1" 401 0\neulfedora.api: DEBUG: DELETE objects/oe-zo-test:50=>401: 0.012639 sec\neulfedora.testutil: WARNING: Error purging test object oe-zo-test:50\nrequests.packages.urllib3.connectionpool: DEBUG: "DELETE /fedora/objects/oe-zo-test:51?logMessage=removing+test+object HTTP/1.1" 401 0\neulfedora.api: DEBUG: DELETE objects/oe-zo-test:51=>401: 0.013333 sec\neulfedora.testutil: WARNING: Error purging test object oe-zo-test:51\nrequests.packages.urllib3.connectionpool: DEBUG: "DELETE /fedora/objects/oe-zo-test:52?logMessage=removing+test+object HTTP/1.1" 401 0\neulfedora.api: DEBUG: DELETE objects/oe-zo-test:52=>401: 0.014263 sec\neulfedora.testutil: WARNING: Error purging test object oe-zo-test:52\nrequests.packages.urllib3.connectionpool: DEBUG: "DELETE /fedora/objects/oe-zo-test:53?logMessage=removing+test+object HTTP/1.1" 401 0\neulfedora.api: DEBUG: DELETE objects/oe-zo-test:53=>401: 0.012269 sec\neulfedora.testutil: WARNING: Error purging test object oe-zo-test:53\nrequests.packages.urllib3.connectionpool: DEBUG: "DELETE /fedora/objects/oe-zo-test:54?logMessage=removing+test+object HTTP/1.1" 401 0\neulfedora.api: DEBUG: DELETE objects/oe-zo-test:54=>401: 0.017797 sec\neulfedora.testutil: WARNING: Error purging test object oe-zo-test:54\nrequests.packages.urllib3.connectionpool: DEBUG: "GET /fedora/objects?query=pid~oe-zo-test%3A%2A&pid=true&resultFormat=xml&sessionToken=e0c62d8896b3291a6ea421952dd5782a HTTP/1.1" 200 None\neulfedora.api: DEBUG: GET objects=>200: 0.109076 sec\nrequests.packages.urllib3.connectionpool: DEBUG: "DELETE /fedora/objects/oe-zo-test:6?logMessage=removing+test+object HTTP/1.1" 401 0\neulfedora.api: DEBUG: DELETE objects/oe-zo-test:6=>401: 0.017546 sec\neulfedora.testutil: WARNING: Error purging test object oe-zo-test:6\nrequests.packages.urllib3.connectionpool: DEBUG: "DELETE /fedora/objects/oe-zo-test:7?logMessage=removing+test+object HTTP/1.1" 401 0\neulfedora.api: DEBUG: DELETE objects/oe-zo-test:7=>401: 0.017104 sec\neulfedora.testutil: WARNING: Error purging test object oe-zo-test:7\nrequests.packages.urllib3.connectionpool: DEBUG: "DELETE /fedora/objects/oe-zo-test:8?logMessage=removing+test+object HTTP/1.1" 401 0\neulfedora.api: DEBUG: DELETE objects/oe-zo-test:8=>401: 0.023634 sec\neulfedora.testutil: WARNING: Error purging test object oe-zo-test:8\nrequests.packages.urllib3.connectionpool: DEBUG: "DELETE /fedora/objects/oe-zo-test:9?logMessage=removing+test+object HTTP/1.1" 401 0\neulfedora.api: DEBUG: DELETE objects/oe-zo-test:9=>401: 0.026580 sec\neulfedora.testutil: WARNING: Error purging test object oe-zo-test:9\neulfedora.server: DEBUG: Connecting to fedora at https://libfeddev1.library.emory.edu:8443/fedora/ as testuser\neulfedora.models: DEBUG: openemory.common.fedora.DigitalObject has no content models\neulfedora.models: DEBUG: cmodel for openemory.publication.models.Chapter is info:fedora/emory-control:PublishedChapter-1.0\nrequests.packages.urllib3.connectionpool: DEBUG: "GET /fedora/objects/emory-control:PublishedChapter-1.0?format=xml HTTP/1.1" 200 None\neulfedora.api: DEBUG: GET objects/emory-control:PublishedChapter-1.0=>200: 0.023511 sec\neulfedora.models: DEBUG: info:fedora/emory-control:PublishedChapter-1.0 already exists\neulfedora.models: DEBUG: cmodel for eulfedora.models.ContentModel is info:fedora/fedora-system:ContentModel-3.0\nrequests.packages.urllib3.connectionpool: DEBUG: "GET /fedora/objects/fedora-system:ContentModel-3.0?format=xml HTTP/1.1" 200 None\neulfedora.api: DEBUG: GET objects/fedora-system:ContentModel-3.0=>200: 0.027397 sec\neulfedora.models: DEBUG: info:fedora/fedora-system:ContentModel-3.0 already exists\neulfedora.models: DEBUG: cmodel for openemory.publication.models.Book is info:fedora/emory-control:PublishedBook-1.0\nrequests.packages.urllib3.connectionpool: DEBUG: "GET /fedora/objects/emory-control:PublishedBook-1.0?format=xml HTTP/1.1" 200 None\neulfedora.api: DEBUG: GET objects/emory-control:PublishedBook-1.0=>200: 0.024543 sec\neulfedora.models: DEBUG: info:fedora/emory-control:PublishedBook-1.0 already exists\neulfedora.models: DEBUG: openemory.publication.models.Publication has no content models\neulfedora.models: DEBUG: cmodel for openemory.publication.models.Article is info:fedora/emory-control:PublishedArticle-1.0\nrequests.packages.urllib3.connectionpool: DEBUG: "GET /fedora/objects/emory-control:PublishedArticle-1.0?format=xml HTTP/1.1" 200 None\neulfedora.api: DEBUG: GET objects/emory-control:PublishedArticle-1.0=>200: 0.027145 sec\neulfedora.models: DEBUG: info:fedora/emory-control:PublishedArticle-1.0 already exists\neulfedora.models: DEBUG: eulfedora.models.DigitalObject has no content models\nrequests.packages.urllib3.connectionpool: DEBUG: "POST /fedora/objects/new?logMessage=loaded+from+fixture HTTP/1.1" 500 171\neulfedora.api: DEBUG: POST objects/new=>500: 0.046637 sec\neulfedora.server: DEBUG: Connecting to fedora at https://libfeddev1.library.emory.edu:8443/fedora/ as testuser\npy.warnings: WARNING: /Users/azotov/VirtualEnv/open-emory/lib/python2.7/site-packages/django/conf/urls/defaults.py:3: DeprecationWarning: django.conf.urls.defaults is deprecated; use django.conf.urls instead\n  DeprecationWarning)\n\npidservices.clients: DEBUG: Request: POST https://testpid.library.emory.edu/ark/ {\'Content-Length\': 3, \'Content-type\': \'application/x-www-form-urlencoded\', \'Accept\': \'text/plain\'} <![BODY[{\'domain\': \'http://testpid.library.emory.edu/domains/34/\', \'name\': \'A very scholarly article\', \'target_uri\': u\'http://example.com/publications/oe-zo-test:{%PID%}/\'}]]>]]&gt;<![CDATA[\nrequests.packages.urllib3.connectionpool: INFO: Starting new HTTPS connection (1): testpid.library.emory.edu\npy.warnings: WARNING: /Users/azotov/VirtualEnv/open-emory/lib/python2.7/site-packages/requests/packages/urllib3/util/ssl_.py:90: InsecurePlatformWarning: A true SSLContext object is not available. This prevents urllib3 from configuring SSL appropriately and may cause certain SSL connections to fail. For more information, see https://urllib3.readthedocs.org/en/latest/security.html#insecureplatformwarning.\n  InsecurePlatformWarning\n\nrequests.packages.urllib3.connectionpool: DEBUG: "POST /ark/ HTTP/1.1" 201 None\nrequests.packages.urllib3.connectionpool: INFO: Resetting dropped connection: libfeddev1.library.emory.edu\npy.warnings: WARNING: /Users/azotov/VirtualEnv/open-emory/lib/python2.7/site-packages/requests/packages/urllib3/util/ssl_.py:90: InsecurePlatformWarning: A true SSLContext object is not available. This prevents urllib3 from configuring SSL appropriately and may cause certain SSL connections to fail. For more information, see https://urllib3.readthedocs.org/en/latest/security.html#insecureplatformwarning.\n  InsecurePlatformWarning\n\nrequests.packages.urllib3.connectionpool: DEBUG: "POST /fedora/upload HTTP/1.1" 202 17\neulfedora.api: DEBUG: POST upload=>202: 0.050844 sec\nrequests.packages.urllib3.connectionpool: DEBUG: "POST /fedora/upload HTTP/1.1" 202 17\neulfedora.api: DEBUG: POST upload=>202: 0.013813 sec\nrequests.packages.urllib3.connectionpool: DEBUG: "POST /fedora/upload HTTP/1.1" 202 17\neulfedora.api: DEBUG: POST upload=>202: 0.015562 sec\nrequests.packages.urllib3.connectionpool: DEBUG: "POST /fedora/upload HTTP/1.1" 202 17\neulfedora.api: DEBUG: POST upload=>202: 0.017500 sec\nrequests.packages.urllib3.connectionpool: DEBUG: "POST /fedora/objects/new HTTP/1.1" 201 16\neulfedora.api: DEBUG: POST objects/new=>201: 0.603092 sec\ntracking.middleware: INFO: Updating untracked user agent cache\ntracking.middleware: DEBUG: Created a new visitor: {\'session_key\': u\'127.0.0.1:\', \'ip_address\': \'127.0.0.1\'}\ntracking.middleware: DEBUG: Using existing visitor for IP 127.0.0.1 / UA : 1\nrequests.packages.urllib3.connectionpool: DEBUG: "DELETE /fedora/objects/oe-zo-test:r75c8 HTTP/1.1" 401 0\neulfedora.api: DEBUG: DELETE objects/oe-zo-test:r75c8=>401: 0.023404 sec\nopenemory.accounts.tests: WARNING: Failed to purge test object oe-zo-test:r75c8\n--------------------- >> end captured logging << ---------------------']]></error></testcase><testcase classname="openemory.accounts.tests.AccountViewsTest" name="test_dashboard_announcements" time="1.150"></testcase><testcase classname="openemory.accounts.tests.AccountViewsTest" name="test_dashboard_stats" time="1.895"></testcase><testcase classname="openemory.accounts.tests.AccountViewsTest" name="test_degree_institutions_autocomplete" time="1.176"></testcase><testcase classname="openemory.accounts.tests.AccountViewsTest" name="test_edit_profile" time="3.114"></testcase><testcase classname="openemory.accounts.tests.AccountViewsTest" name="test_faculty_autocomplete" time="1.266"><system-out><![CDATA[[{'ad_name': 'Kohler, James J', 'username': 'jjkohle', 'first_name': 'James J', 'last_name': 'Kohler', 'department_name': 'SOM: Peds: VA Lab Biochem'}]
[{'ad_name': 'Kohler, James J', 'username': 'jjkohle', 'first_name': 'James J', 'last_name': 'Kohler', 'department_name': 'SOM: Peds: VA Lab Biochem'}]
[{'ad_name': 'Kohler, James J', 'username': 'jjkohle', 'last_name': 'Kohler', 'department_name': 'SOM: Peds: VA Lab Biochem'}]
]]></system-out></testcase><testcase classname="openemory.accounts.tests.AccountViewsTest" name="test_feedback" time="1.406"></testcase><testcase classname="openemory.accounts.tests.AccountViewsTest" name="test_get_profile_user" time="1.230"></testcase><testcase classname="openemory.accounts.tests.AccountViewsTest" name="test_grant_autocomplete" time="1.137"></testcase><testcase classname="openemory.accounts.tests.AccountViewsTest" name="test_interests_autocomplete" time="1.174"></testcase><testcase classname="openemory.accounts.tests.AccountViewsTest" name="test_list_departments" time="1.511"></testcase><testcase classname="openemory.accounts.tests.AccountViewsTest" name="test_login" time="1.574"></testcase><testcase classname="openemory.accounts.tests.AccountViewsTest" name="test_position_autocomplete" time="1.078"></testcase><testcase classname="openemory.accounts.tests.AccountViewsTest" name="test_profile" time="0.000"><skipped type="unittest.case.SkipTest" message="unmigrated remainder from of massive profile test"><![CDATA[SkipTest: unmigrated remainder from of massive profile test
]]></skipped></testcase><testcase classname="openemory.accounts.tests.AccountViewsTest" name="test_profile_rdf" time="1.549"><system-err><![CDATA[PdfReadWarning: Xref table not zero-indexed. ID numbers for objects will be corrected. [pdf.py:1707]
]]></system-err></testcase><testcase classname="openemory.accounts.tests.AccountViewsTest" name="test_profiles_by_interest" time="1.334"></testcase><testcase classname="openemory.accounts.tests.AccountViewsTest" name="test_public_profile_docs" time="1.213"><error type="exceptions.AttributeError" message="assert_called_once&#10;-------------------- &gt;&gt; begin captured logging &lt;&lt; --------------------&#10;eulfedora.server: DEBUG: Connecting to fedora at https://libfeddev1.library.emory.edu:8443/fedora/ as testuser&#10;pidservices.clients: DEBUG: Request: POST https://testpid.library.emory.edu/ark/ {'Content-Length': 3, 'Content-type': 'application/x-www-form-urlencoded', 'Accept': 'text/plain'} &lt;![BODY[{'domain': 'http://testpid.library.emory.edu/domains/34/', 'name': 'A very scholarly article', 'target_uri': u'http://example.com/publications/oe-zo-test:{%PID%}/'}]]&gt;&#10;requests.packages.urllib3.connectionpool: DEBUG: &quot;POST /ark/ HTTP/1.1&quot; 201 None&#10;requests.packages.urllib3.connectionpool: DEBUG: &quot;POST /fedora/upload HTTP/1.1&quot; 202 17&#10;eulfedora.api: DEBUG: POST upload=&gt;202: 0.021423 sec&#10;requests.packages.urllib3.connectionpool: DEBUG: &quot;POST /fedora/upload HTTP/1.1&quot; 202 17&#10;eulfedora.api: DEBUG: POST upload=&gt;202: 0.015498 sec&#10;requests.packages.urllib3.connectionpool: DEBUG: &quot;POST /fedora/upload HTTP/1.1&quot; 202 17&#10;eulfedora.api: DEBUG: POST upload=&gt;202: 0.016798 sec&#10;requests.packages.urllib3.connectionpool: DEBUG: &quot;POST /fedora/upload HTTP/1.1&quot; 202 17&#10;eulfedora.api: DEBUG: POST upload=&gt;202: 0.016322 sec&#10;requests.packages.urllib3.connectionpool: DEBUG: &quot;POST /fedora/objects/new HTTP/1.1&quot; 201 16&#10;eulfedora.api: DEBUG: POST objects/new=&gt;201: 0.657093 sec&#10;tracking.middleware: DEBUG: Created a new visitor: {'session_key': u'127.0.0.1:', 'ip_address': '127.0.0.1'}&#10;requests.packages.urllib3.connectionpool: DEBUG: &quot;DELETE /fedora/objects/oe-zo-test:r75wb HTTP/1.1&quot; 401 0&#10;eulfedora.api: DEBUG: DELETE objects/oe-zo-test:r75wb=&gt;401: 0.023099 sec&#10;openemory.accounts.tests: WARNING: Failed to purge test object oe-zo-test:r75wb&#10;--------------------- &gt;&gt; end captured logging &lt;&lt; ---------------------"><![CDATA[  File "/Users/azotov/VirtualEnv/open-emory/lib/python2.7/site-packages/unittest2/case.py", line 67, in testPartExecutor
    yield
  File "/Users/azotov/VirtualEnv/open-emory/lib/python2.7/site-packages/unittest2/case.py", line 625, in run
    testMethod()
  File "/Users/azotov/VirtualEnv/open-emory/lib/python2.7/site-packages/mock/mock.py", line 1305, in patched
    return func(*args, **keywargs)
  File "/Users/azotov/OpenEmory/openemory/accounts/tests.py", line 601, in test_public_profile_docs
    mockprofile.recent_articles.assert_called_once()
  File "/Users/azotov/VirtualEnv/open-emory/lib/python2.7/site-packages/mock/mock.py", line 721, in __getattr__
    raise AttributeError(name)
'assert_called_once\n-------------------- >> begin captured logging << --------------------\neulfedora.server: DEBUG: Connecting to fedora at https://libfeddev1.library.emory.edu:8443/fedora/ as testuser\npidservices.clients: DEBUG: Request: POST https://testpid.library.emory.edu/ark/ {\'Content-Length\': 3, \'Content-type\': \'application/x-www-form-urlencoded\', \'Accept\': \'text/plain\'} <![BODY[{\'domain\': \'http://testpid.library.emory.edu/domains/34/\', \'name\': \'A very scholarly article\', \'target_uri\': u\'http://example.com/publications/oe-zo-test:{%PID%}/\'}]]>]]&gt;<![CDATA[\nrequests.packages.urllib3.connectionpool: DEBUG: "POST /ark/ HTTP/1.1" 201 None\nrequests.packages.urllib3.connectionpool: DEBUG: "POST /fedora/upload HTTP/1.1" 202 17\neulfedora.api: DEBUG: POST upload=>202: 0.021423 sec\nrequests.packages.urllib3.connectionpool: DEBUG: "POST /fedora/upload HTTP/1.1" 202 17\neulfedora.api: DEBUG: POST upload=>202: 0.015498 sec\nrequests.packages.urllib3.connectionpool: DEBUG: "POST /fedora/upload HTTP/1.1" 202 17\neulfedora.api: DEBUG: POST upload=>202: 0.016798 sec\nrequests.packages.urllib3.connectionpool: DEBUG: "POST /fedora/upload HTTP/1.1" 202 17\neulfedora.api: DEBUG: POST upload=>202: 0.016322 sec\nrequests.packages.urllib3.connectionpool: DEBUG: "POST /fedora/objects/new HTTP/1.1" 201 16\neulfedora.api: DEBUG: POST objects/new=>201: 0.657093 sec\ntracking.middleware: DEBUG: Created a new visitor: {\'session_key\': u\'127.0.0.1:\', \'ip_address\': \'127.0.0.1\'}\nrequests.packages.urllib3.connectionpool: DEBUG: "DELETE /fedora/objects/oe-zo-test:r75wb HTTP/1.1" 401 0\neulfedora.api: DEBUG: DELETE objects/oe-zo-test:r75wb=>401: 0.023099 sec\nopenemory.accounts.tests: WARNING: Failed to purge test object oe-zo-test:r75wb\n--------------------- >> end captured logging << ---------------------']]></error></testcase><testcase classname="openemory.accounts.tests.AccountViewsTest" name="test_public_profile_info" time="1.435"></testcase><testcase classname="openemory.accounts.tests.AccountViewsTest" name="test_statistics_processor" time="1.200"></testcase><testcase classname="openemory.accounts.tests.AccountViewsTest" name="test_tag_autocomplete" time="1.313"></testcase><testcase classname="openemory.accounts.tests.AccountViewsTest" name="test_tag_object_GET" time="1.495"></testcase><testcase classname="openemory.accounts.tests.AccountViewsTest" name="test_tag_object_PUT" time="2.561"></testcase><testcase classname="openemory.accounts.tests.AccountViewsTest" name="test_tag_profile_GET" time="1.293"></testcase><testcase classname="openemory.accounts.tests.AccountViewsTest" name="test_tag_profile_POST" time="2.357"></testcase><testcase classname="openemory.accounts.tests.AccountViewsTest" name="test_tag_profile_PUT" time="2.474"></testcase><testcase classname="openemory.accounts.tests.AccountViewsTest" name="test_tagged_items" time="2.268"></testcase><testcase classname="openemory.accounts.tests.AccountViewsTest" name="test_tags_in_sidebar" time="0.000"><skipped type="unittest.case.SkipTest" message="tags do not appear in contracted design"><![CDATA[SkipTest: tags do not appear in contracted design
]]></skipped></testcase><testcase classname="openemory.accounts.tests.AccountViewsTest" name="test_view_department" time="2.135"></testcase><testcase classname="openemory.accounts.tests.ArticlesByTagTest" name="test_articles_by_tag" time="0.029"></testcase><testcase classname="openemory.accounts.tests.ArticlesByTagTest" name="test_pids_by_tag" time="0.026"></testcase><testcase classname="openemory.accounts.tests.EsdPersonTest" name="test_first_name" time="0.206"></testcase><testcase classname="openemory.accounts.tests.EsdPersonTest" name="test_index_data" time="0.205"></testcase><testcase classname="openemory.accounts.tests.FacultyOrLocalAdminBackendTest" name="test_authenticate_esd_faculty" time="0.207"></testcase><testcase classname="openemory.accounts.tests.FacultyOrLocalAdminBackendTest" name="test_authenticate_local" time="0.202"></testcase><testcase classname="openemory.accounts.tests.LoginRequiredTest" name="test_anonymous" time="0.162"></testcase><testcase classname="openemory.accounts.tests.LoginRequiredTest" name="test_logged_in" time="0.134"></testcase><testcase classname="openemory.accounts.tests.LoginRequiredTest" name="test_wraps" time="0.131"></testcase><testcase classname="openemory.accounts.tests.PermissionRequiredTest" name="test_anonymous" time="0.162"></testcase><testcase classname="openemory.accounts.tests.PermissionRequiredTest" name="test_logged_in_allowed" time="0.135"></testcase><testcase classname="openemory.accounts.tests.PermissionRequiredTest" name="test_logged_in_notallowed" time="0.169"></testcase><testcase classname="openemory.accounts.tests.PermissionRequiredTest" name="test_wraps" time="0.127"></testcase><testcase classname="openemory.accounts.tests.ResarchersByInterestTestCase" name="test_researchers_by_interest" time="0.045"></testcase><testcase classname="openemory.accounts.tests.TagsTemplateFilterTest" name="test_anonymous" time="0.134"></testcase><testcase classname="openemory.accounts.tests.TagsTemplateFilterTest" name="test_bookmark" time="0.148"></testcase><testcase classname="openemory.accounts.tests.TagsTemplateFilterTest" name="test_no_bookmark" time="0.134"></testcase><testcase classname="openemory.accounts.tests.TagsTemplateFilterTest" name="test_no_pid" time="0.134"></testcase><testcase classname="openemory.accounts.tests.UserProfileTest" name="test_esd_data" time="0.204"></testcase><testcase classname="openemory.accounts.tests.UserProfileTest" name="test_find_articles" time="0.197"></testcase><testcase classname="openemory.accounts.tests.UserProfileTest" name="test_has_profile_page" time="0.207"><system-err><![CDATA[DeprecationWarning: BaseException.message has been deprecated as of Python 2.6 [models.py:147]
DeprecationWarning: BaseException.message has been deprecated as of Python 2.6 [tests.py:2122]
]]></system-err></testcase><testcase classname="openemory.accounts.tests.UserProfileTest" name="test_recent_articles" time="0.198"><error type="exceptions.AttributeError" message="assert_called_once"><![CDATA[Traceback (most recent call last):
  File "/Users/azotov/VirtualEnv/open-emory/lib/python2.7/site-packages/unittest2/case.py", line 67, in testPartExecutor
    yield
  File "/Users/azotov/VirtualEnv/open-emory/lib/python2.7/site-packages/unittest2/case.py", line 625, in run
    testMethod()
  File "/Users/azotov/VirtualEnv/open-emory/lib/python2.7/site-packages/mock/mock.py", line 1305, in patched
    return func(*args, **keywargs)
  File "/Users/azotov/OpenEmory/openemory/accounts/tests.py", line 2093, in test_recent_articles
    self.mocksolr.query.execute.assert_called_once()
  File "/Users/azotov/VirtualEnv/open-emory/lib/python2.7/site-packages/mock/mock.py", line 721, in __getattr__
    raise AttributeError(name)
AttributeError: assert_called_once
]]></error></testcase><testcase classname="openemory.accounts.tests.UserProfileTest" name="test_suppress_esd_data" time="0.213"></testcase><testcase classname="openemory.accounts.tests.UserProfileTest" name="test_unpublished_articles" time="0.201"><error type="exceptions.AttributeError" message="assert_called_once"><![CDATA[Traceback (most recent call last):
  File "/Users/azotov/VirtualEnv/open-emory/lib/python2.7/site-packages/unittest2/case.py", line 67, in testPartExecutor
    yield
  File "/Users/azotov/VirtualEnv/open-emory/lib/python2.7/site-packages/unittest2/case.py", line 625, in run
    testMethod()
  File "/Users/azotov/VirtualEnv/open-emory/lib/python2.7/site-packages/mock/mock.py", line 1305, in patched
    return func(*args, **keywargs)
  File "/Users/azotov/OpenEmory/openemory/accounts/tests.py", line 2100, in test_unpublished_articles
    self.mocksolr.query.execute.assert_called_once()
  File "/Users/azotov/VirtualEnv/open-emory/lib/python2.7/site-packages/mock/mock.py", line 721, in __getattr__
    raise AttributeError(name)
AttributeError: assert_called_once
]]></error></testcase><testcase classname="openemory.common.tests.DigitalObjectTests" name="test_absolutize_url" time="0.002"></testcase><testcase classname="openemory.common.tests.DigitalObjectTests" name="test_get_default_pid" time="0.004"></testcase><testcase classname="openemory.common.tests.DigitalObjectTests" name="test_noid" time="0.000"></testcase><testcase classname="openemory.common.tests.RomeoTests" name="test_search_journal_issn_no_publisher" time="0.001"><error type="exceptions.AttributeError" message="assert_called_once"><![CDATA[Traceback (most recent call last):
  File "/Users/azotov/VirtualEnv/open-emory/lib/python2.7/site-packages/unittest2/case.py", line 67, in testPartExecutor
    yield
  File "/Users/azotov/VirtualEnv/open-emory/lib/python2.7/site-packages/unittest2/case.py", line 625, in run
    testMethod()
  File "/Users/azotov/VirtualEnv/open-emory/lib/python2.7/site-packages/mock/mock.py", line 1305, in patched
    return func(*args, **keywargs)
  File "/Users/azotov/OpenEmory/openemory/common/tests.py", line 228, in test_search_journal_issn_no_publisher
    mock_urlopen.assert_called_once()
  File "/Users/azotov/VirtualEnv/open-emory/lib/python2.7/site-packages/mock/mock.py", line 721, in __getattr__
    raise AttributeError(name)
AttributeError: assert_called_once
]]></error></testcase><testcase classname="openemory.common.tests.RomeoTests" name="test_search_journal_issn_with_journal" time="0.002"><error type="exceptions.AttributeError" message="assert_called_once"><![CDATA[Traceback (most recent call last):
  File "/Users/azotov/VirtualEnv/open-emory/lib/python2.7/site-packages/unittest2/case.py", line 67, in testPartExecutor
    yield
  File "/Users/azotov/VirtualEnv/open-emory/lib/python2.7/site-packages/unittest2/case.py", line 625, in run
    testMethod()
  File "/Users/azotov/VirtualEnv/open-emory/lib/python2.7/site-packages/mock/mock.py", line 1305, in patched
    return func(*args, **keywargs)
  File "/Users/azotov/OpenEmory/openemory/common/tests.py", line 203, in test_search_journal_issn_with_journal
    mock_urlopen.assert_called_once()
  File "/Users/azotov/VirtualEnv/open-emory/lib/python2.7/site-packages/mock/mock.py", line 721, in __getattr__
    raise AttributeError(name)
AttributeError: assert_called_once
]]></error></testcase><testcase classname="openemory.common.tests.RomeoTests" name="test_search_journal_title_multiple_example" time="0.001"><error type="exceptions.AttributeError" message="assert_called_once"><![CDATA[Traceback (most recent call last):
  File "/Users/azotov/VirtualEnv/open-emory/lib/python2.7/site-packages/unittest2/case.py", line 67, in testPartExecutor
    yield
  File "/Users/azotov/VirtualEnv/open-emory/lib/python2.7/site-packages/unittest2/case.py", line 625, in run
    testMethod()
  File "/Users/azotov/VirtualEnv/open-emory/lib/python2.7/site-packages/mock/mock.py", line 1305, in patched
    return func(*args, **keywargs)
  File "/Users/azotov/OpenEmory/openemory/common/tests.py", line 155, in test_search_journal_title_multiple_example
    mock_urlopen.assert_called_once()
  File "/Users/azotov/VirtualEnv/open-emory/lib/python2.7/site-packages/mock/mock.py", line 721, in __getattr__
    raise AttributeError(name)
AttributeError: assert_called_once
]]></error></testcase><testcase classname="openemory.common.tests.RomeoTests" name="test_search_journal_title_no_match" time="0.001"><error type="exceptions.AttributeError" message="assert_called_once"><![CDATA[Traceback (most recent call last):
  File "/Users/azotov/VirtualEnv/open-emory/lib/python2.7/site-packages/unittest2/case.py", line 67, in testPartExecutor
    yield
  File "/Users/azotov/VirtualEnv/open-emory/lib/python2.7/site-packages/unittest2/case.py", line 625, in run
    testMethod()
  File "/Users/azotov/VirtualEnv/open-emory/lib/python2.7/site-packages/mock/mock.py", line 1305, in patched
    return func(*args, **keywargs)
  File "/Users/azotov/OpenEmory/openemory/common/tests.py", line 248, in test_search_journal_title_no_match
    mock_urlopen.assert_called_once()
  File "/Users/azotov/VirtualEnv/open-emory/lib/python2.7/site-packages/mock/mock.py", line 721, in __getattr__
    raise AttributeError(name)
AttributeError: assert_called_once
]]></error></testcase><testcase classname="openemory.common.tests.RomeoTests" name="test_search_journal_title_single_example" time="0.001"><error type="exceptions.AttributeError" message="assert_called_once"><![CDATA[Traceback (most recent call last):
  File "/Users/azotov/VirtualEnv/open-emory/lib/python2.7/site-packages/unittest2/case.py", line 67, in testPartExecutor
    yield
  File "/Users/azotov/VirtualEnv/open-emory/lib/python2.7/site-packages/unittest2/case.py", line 625, in run
    testMethod()
  File "/Users/azotov/VirtualEnv/open-emory/lib/python2.7/site-packages/mock/mock.py", line 1305, in patched
    return func(*args, **keywargs)
  File "/Users/azotov/OpenEmory/openemory/common/tests.py", line 180, in test_search_journal_title_single_example
    mock_urlopen.assert_called_once()
  File "/Users/azotov/VirtualEnv/open-emory/lib/python2.7/site-packages/mock/mock.py", line 721, in __getattr__
    raise AttributeError(name)
AttributeError: assert_called_once
]]></error></testcase><testcase classname="openemory.common.tests.RomeoTests" name="test_search_publisher_id_example" time="0.001"><error type="exceptions.AttributeError" message="assert_called_once"><![CDATA[Traceback (most recent call last):
  File "/Users/azotov/VirtualEnv/open-emory/lib/python2.7/site-packages/unittest2/case.py", line 67, in testPartExecutor
    yield
  File "/Users/azotov/VirtualEnv/open-emory/lib/python2.7/site-packages/unittest2/case.py", line 625, in run
    testMethod()
  File "/Users/azotov/VirtualEnv/open-emory/lib/python2.7/site-packages/mock/mock.py", line 1305, in patched
    return func(*args, **keywargs)
  File "/Users/azotov/OpenEmory/openemory/common/tests.py", line 134, in test_search_publisher_id_example
    mock_urlopen.assert_called_once()
  File "/Users/azotov/VirtualEnv/open-emory/lib/python2.7/site-packages/mock/mock.py", line 721, in __getattr__
    raise AttributeError(name)
AttributeError: assert_called_once
]]></error></testcase><testcase classname="openemory.common.tests.RomeoTests" name="test_search_publisher_name_example" time="0.001"><error type="exceptions.AttributeError" message="assert_called_once"><![CDATA[Traceback (most recent call last):
  File "/Users/azotov/VirtualEnv/open-emory/lib/python2.7/site-packages/unittest2/case.py", line 67, in testPartExecutor
    yield
  File "/Users/azotov/VirtualEnv/open-emory/lib/python2.7/site-packages/unittest2/case.py", line 625, in run
    testMethod()
  File "/Users/azotov/VirtualEnv/open-emory/lib/python2.7/site-packages/mock/mock.py", line 1305, in patched
    return func(*args, **keywargs)
  File "/Users/azotov/OpenEmory/openemory/common/tests.py", line 94, in test_search_publisher_name_example
    mock_urlopen.assert_called_once()
  File "/Users/azotov/VirtualEnv/open-emory/lib/python2.7/site-packages/mock/mock.py", line 721, in __getattr__
    raise AttributeError(name)
AttributeError: assert_called_once
]]></error></testcase><testcase classname="openemory.publication.tests.ArticleModsForm" name="test__license_desc" time="3.864"><system-out><![CDATA[This is an Open Access work distributed under the terms of the Creative Commons Attribution 3.0 Unported License (http://creativecommons.org/licenses/by/3.0/).
]]></system-out><system-err><![CDATA[UserWarning: Loading schema http://www.loc.gov/standards/mods/v3/mods-3-4.xsd without a web proxy may introduce significant network resource usage as well as instability if that server becomes inaccessible. The HTTP_PROXY environment variable is required for loading schemas.  Schema validation will be disabled. [core.py:98]
]]></system-err></testcase><testcase classname="openemory.publication.tests.ArticleModsTest" name="test_access_fields" time="0.002"></testcase><testcase classname="openemory.publication.tests.ArticleModsTest" name="test_author_name" time="0.002"></testcase><testcase classname="openemory.publication.tests.ArticleModsTest" name="test_author_note" time="0.001"></testcase><testcase classname="openemory.publication.tests.ArticleModsTest" name="test_calculate_embargo_end" time="0.010"></testcase><testcase classname="openemory.publication.tests.ArticleModsTest" name="test_create_mods_from_scratch" time="0.010"></testcase><testcase classname="openemory.publication.tests.ArticleModsTest" name="test_embargo" time="0.001"></testcase><testcase classname="openemory.publication.tests.ArticleModsTest" name="test_final_version" time="0.002"></testcase><testcase classname="openemory.publication.tests.ArticleModsTest" name="test_funding_group" time="0.002"></testcase><testcase classname="openemory.publication.tests.ArticleModsTest" name="test_keyword" time="0.001"></testcase><testcase classname="openemory.publication.tests.ArticleModsTest" name="test_publication_date" time="0.001"></testcase><testcase classname="openemory.publication.tests.ArticleModsTest" name="test_relateditem_isempty" time="0.004"></testcase><testcase classname="openemory.publication.tests.ArticleModsTest" name="test_researchfield" time="0.001"></testcase><testcase classname="openemory.publication.tests.ArticleModsTest" name="test_supplementalMaterial" time="0.001"></testcase><testcase classname="openemory.publication.tests.ArticlePremisTest" name="test_init_object" time="0.001"></testcase><testcase classname="openemory.publication.tests.ArticlePremisTest" name="test_premis_event" time="0.002"><error type="exceptions.Exception" message="No XSD schema is defined, cannot validate document"><![CDATA[Traceback (most recent call last):
  File "/Users/azotov/VirtualEnv/open-emory/lib/python2.7/site-packages/unittest2/case.py", line 67, in testPartExecutor
    yield
  File "/Users/azotov/VirtualEnv/open-emory/lib/python2.7/site-packages/unittest2/case.py", line 625, in run
    testMethod()
  File "/Users/azotov/OpenEmory/openemory/publication/tests.py", line 3670, in test_premis_event
    self.assertTrue(pr.schema_valid())
  File "/Users/azotov/VirtualEnv/open-emory/lib/python2.7/site-packages/eulxml/xmlmap/core.py", line 549, in schema_valid
    raise Exception('No XSD schema is defined, cannot validate document')
Exception: No XSD schema is defined, cannot validate document
]]></error><system-err><![CDATA[UserWarning: Loading schema http://www.loc.gov/standards/premis/v2/premis-v2-1.xsd without a web proxy may introduce significant network resource usage as well as instability if that server becomes inaccessible. The HTTP_PROXY environment variable is required for loading schemas.  Schema validation will be disabled. [core.py:98]
]]></system-err></testcase><testcase classname="openemory.publication.tests.ArticlePremisTest" name="test_review_event" time="0.002"></testcase><testcase classname="openemory.publication.tests.ArticleTest" name="test__mods_to_dc" time="3.258"><system-err><![CDATA[InsecurePlatformWarning: A true SSLContext object is not available. This prevents urllib3 from configuring SSL appropriately and may cause certain SSL connections to fail. For more information, see https://urllib3.readthedocs.org/en/latest/security.html#insecureplatformwarning. [ssl_.py:90]
]]></system-err></testcase><testcase classname="openemory.publication.tests.ArticleTest" name="test__prep_dc_for_oai" time="1.869"></testcase><testcase classname="openemory.publication.tests.ArticleTest" name="test_as_rdf" time="1.969"></testcase><testcase classname="openemory.publication.tests.ArticleTest" name="test_as_symp" time="1.913"><system-out><![CDATA[Clearing House
]]></system-out></testcase><testcase classname="openemory.publication.tests.ArticleTest" name="test_embargo_end_date" time="2.017"></testcase><testcase classname="openemory.publication.tests.ArticleTest" name="test_from_symp" time="1.901"><error type="eulfedora.util.PermissionDenied" message="401 &#10;-------------------- &gt;&gt; begin captured stdout &lt;&lt; ---------------------&#10;emory-control:OpenEmory-collection&#10;info:fedora/emory-control:OpenEmory-collection&#10;&lt;?xml version=&quot;1.0&quot; encoding=&quot;UTF-8&quot;?&gt;&#10;&lt;rdf:RDF&#10;   xmlns:fedora-rels-ext=&quot;info:fedora/fedora-system:def/relations-external#&quot;&#10;   xmlns:rdf=&quot;http://www.w3.org/1999/02/22-rdf-syntax-ns#&quot;&#10;&gt;&#10;  &lt;rdf:Description rdf:about=&quot;info:fedora/oe-zo-test:r76mb&quot;&gt;&#10;    &lt;fedora-rels-ext:isMemberOfCollection rdf:resource=&quot;info:fedora/emory-control:OpenEmory-collection&quot;/&gt;&#10;  &lt;/rdf:Description&gt;&#10;&lt;/rdf:RDF&gt;&#10;&#10;&#10;--------------------- &gt;&gt; end captured stdout &lt;&lt; ----------------------&#10;-------------------- &gt;&gt; begin captured logging &lt;&lt; --------------------&#10;eulfedora.server: DEBUG: Connecting to fedora at https://libfeddev1.library.emory.edu:8443/fedora/ as testuser&#10;pidservices.clients: DEBUG: Request: POST https://testpid.library.emory.edu/ark/ {'Content-Length': 3, 'Content-type': 'application/x-www-form-urlencoded', 'Accept': 'text/plain'} &lt;![BODY[{'domain': 'http://testpid.library.emory.edu/domains/34/', 'name': 'A very scholarly article', 'target_uri': u'http://example.com/publications/oe-zo-test:{%PID%}/'}]]&gt;&#10;requests.packages.urllib3.connectionpool: DEBUG: &quot;POST /ark/ HTTP/1.1&quot; 201 None&#10;requests.packages.urllib3.connectionpool: DEBUG: &quot;POST /fedora/upload HTTP/1.1&quot; 202 17&#10;eulfedora.api: DEBUG: POST upload=&gt;202: 0.016123 sec&#10;requests.packages.urllib3.connectionpool: DEBUG: &quot;POST /fedora/upload HTTP/1.1&quot; 202 17&#10;eulfedora.api: DEBUG: POST upload=&gt;202: 0.015889 sec&#10;requests.packages.urllib3.connectionpool: DEBUG: &quot;POST /fedora/upload HTTP/1.1&quot; 202 17&#10;eulfedora.api: DEBUG: POST upload=&gt;202: 0.015600 sec&#10;requests.packages.urllib3.connectionpool: DEBUG: &quot;POST /fedora/upload HTTP/1.1&quot; 202 17&#10;eulfedora.api: DEBUG: POST upload=&gt;202: 0.016276 sec&#10;requests.packages.urllib3.connectionpool: DEBUG: &quot;POST /fedora/objects/new HTTP/1.1&quot; 201 16&#10;eulfedora.api: DEBUG: POST objects/new=&gt;201: 0.611161 sec&#10;pidservices.clients: DEBUG: Request: POST https://testpid.library.emory.edu/ark/ {'Content-Length': 3, 'Content-type': 'application/x-www-form-urlencoded', 'Accept': 'text/plain'} &lt;![BODY[{'domain': 'http://testpid.library.emory.edu/domains/34/', 'name': 'A snazzy article from PubMed', 'target_uri': u'http://example.com/publications/oe-zo-test:{%PID%}/'}]]&gt;&#10;requests.packages.urllib3.connectionpool: DEBUG: &quot;POST /ark/ HTTP/1.1&quot; 201 None&#10;requests.packages.urllib3.connectionpool: DEBUG: &quot;POST /fedora/upload HTTP/1.1&quot; 202 17&#10;eulfedora.api: DEBUG: POST upload=&gt;202: 0.014592 sec&#10;requests.packages.urllib3.connectionpool: DEBUG: &quot;POST /fedora/upload HTTP/1.1&quot; 202 17&#10;eulfedora.api: DEBUG: POST upload=&gt;202: 0.013807 sec&#10;requests.packages.urllib3.connectionpool: DEBUG: &quot;POST /fedora/upload HTTP/1.1&quot; 202 17&#10;eulfedora.api: DEBUG: POST upload=&gt;202: 0.014124 sec&#10;requests.packages.urllib3.connectionpool: DEBUG: &quot;POST /fedora/upload HTTP/1.1&quot; 202 17&#10;eulfedora.api: DEBUG: POST upload=&gt;202: 0.033008 sec&#10;requests.packages.urllib3.connectionpool: DEBUG: &quot;POST /fedora/objects/new HTTP/1.1&quot; 201 16&#10;eulfedora.api: DEBUG: POST objects/new=&gt;201: 0.610851 sec&#10;requests.packages.urllib3.connectionpool: DEBUG: &quot;GET /fedora/objects/oe-zo-test:r76mb/datastreams?format=xml HTTP/1.1&quot; 200 None&#10;eulfedora.api: DEBUG: GET objects/oe-zo-test:r76mb/datastreams=&gt;200: 0.022069 sec&#10;eulfedora.server: DEBUG: Connecting to fedora at https://libfeddev1.library.emory.edu:8443/fedora/ as fedoraAdmin&#10;requests.packages.urllib3.connectionpool: DEBUG: &quot;GET /fedora/objects/oe-zo-test:r76mb/datastreams/descMetadata/content HTTP/1.1&quot; 200 302&#10;eulfedora.api: DEBUG: GET objects/oe-zo-test:r76mb/datastreams/descMetadata/content=&gt;200: 0.019055 sec&#10;requests.packages.urllib3.connectionpool: DEBUG: &quot;GET /fedora/objects/oe-zo-test:r76mb?format=xml HTTP/1.1&quot; 200 None&#10;eulfedora.api: DEBUG: GET objects/oe-zo-test:r76mb=&gt;200: 0.010056 sec&#10;requests.packages.urllib3.connectionpool: DEBUG: &quot;GET /fedora/objects/oe-zo-test:r76mb/datastreams/RELS-EXT/content HTTP/1.1&quot; 200 78&#10;eulfedora.api: DEBUG: GET objects/oe-zo-test:r76mb/datastreams/RELS-EXT/content=&gt;200: 0.011295 sec&#10;requests.packages.urllib3.connectionpool: DEBUG: &quot;GET /fedora/objects/oe-zo-test:r76mb/datastreams/descMetadata?format=xml HTTP/1.1&quot; 401 0&#10;eulfedora.api: DEBUG: GET objects/oe-zo-test:r76mb/datastreams/descMetadata=&gt;401: 0.014002 sec&#10;requests.packages.urllib3.connectionpool: DEBUG: &quot;DELETE /fedora/objects/oe-zo-test:r76mb HTTP/1.1&quot; 401 0&#10;eulfedora.api: DEBUG: DELETE objects/oe-zo-test:r76mb=&gt;401: 0.014873 sec&#10;openemory.publication.tests: WARNING: Failed to purge test object oe-zo-test:r76mb&#10;requests.packages.urllib3.connectionpool: DEBUG: &quot;DELETE /fedora/objects/oe-zo-test:r76ng HTTP/1.1&quot; 401 0&#10;eulfedora.api: DEBUG: DELETE objects/oe-zo-test:r76ng=&gt;401: 0.023822 sec&#10;openemory.publication.tests: WARNING: Failed to purge test object oe-zo-test:r76ng&#10;--------------------- &gt;&gt; end captured logging &lt;&lt; ---------------------"><![CDATA[  File "/Users/azotov/VirtualEnv/open-emory/lib/python2.7/site-packages/unittest2/case.py", line 67, in testPartExecutor
    yield
  File "/Users/azotov/VirtualEnv/open-emory/lib/python2.7/site-packages/unittest2/case.py", line 625, in run
    testMethod()
  File "/Users/azotov/OpenEmory/openemory/publication/tests.py", line 890, in test_from_symp
    self.article.from_symp()
  File "/Users/azotov/OpenEmory/openemory/publication/models.py", line 2150, in from_symp
    self.descMetadata.label='descMetadata(MODS)'
  File "/Users/azotov/VirtualEnv/open-emory/lib/python2.7/site-packages/eulfedora/models.py", line 233, in _set_label
    self.info.label = val
  File "/Users/azotov/VirtualEnv/open-emory/lib/python2.7/site-packages/eulfedora/models.py", line 128, in info
    date=self.as_of_date)
  File "/Users/azotov/VirtualEnv/open-emory/lib/python2.7/site-packages/eulfedora/models.py", line 1408, in getDatastreamProfile
    r = self.api.getDatastream(self.pid, dsid, asOfDateTime=date)
  File "/Users/azotov/VirtualEnv/open-emory/lib/python2.7/site-packages/eulfedora/api.py", line 400, in getDatastream
    return self.get(uri, params=http_args)
  File "/Users/azotov/VirtualEnv/open-emory/lib/python2.7/site-packages/eulfedora/api.py", line 134, in get
    return self._make_request(self.session.get, *args, **kwargs)
  File "/Users/azotov/VirtualEnv/open-emory/lib/python2.7/site-packages/eulfedora/api.py", line 120, in _make_request
    raise PermissionDenied(response)
[...]
ng << --------------------\neulfedora.server: DEBUG: Connecting to fedora at https://libfeddev1.library.emory.edu:8443/fedora/ as testuser\neulfedora.server: DEBUG: Connecting to fedora at https://libfeddev1.library.emory.edu:8443/fedora/ as fedoraAdmin\npidservices.clients: DEBUG: Request: POST https://testpid.library.emory.edu/ark/ {\'Content-Length\': 3, \'Content-type\': \'application/x-www-form-urlencoded\', \'Accept\': \'text/plain\'} <![BODY[{\'domain\': \'http://testpid.library.emory.edu/domains/34/\', \'name\': \'A very scholarly article\', \'target_uri\': u\'http://example.com/publications/oe-zo-test:{%PID%}/\'}]]>]]&gt;<![CDATA[\nrequests.packages.urllib3.connectionpool: DEBUG: "POST /ark/ HTTP/1.1" 201 None\nrequests.packages.urllib3.connectionpool: DEBUG: "POST /fedora/upload HTTP/1.1" 202 17\neulfedora.api: DEBUG: POST upload=>202: 0.014922 sec\nrequests.packages.urllib3.connectionpool: DEBUG: "POST /fedora/upload HTTP/1.1" 202 17\neulfedora.api: DEBUG: POST upload=>202: 0.022518 sec\nrequests.packages.urllib3.connectionpool: DEBUG: "POST /fedora/upload HTTP/1.1" 202 17\neulfedora.api: DEBUG: POST upload=>202: 0.015119 sec\nrequests.packages.urllib3.connectionpool: DEBUG: "POST /fedora/upload HTTP/1.1" 202 17\neulfedora.api: DEBUG: POST upload=>202: 0.022137 sec\nrequests.packages.urllib3.connectionpool: DEBUG: "POST /fedora/objects/new HTTP/1.1" 201 16\neulfedora.api: DEBUG: POST objects/new=>201: 0.877906 sec\nrequests.packages.urllib3.connectionpool: DEBUG: "GET /fedora/objects/oe-zo-test:r77xp/datastreams?format=xml HTTP/1.1" 200 None\neulfedora.api: DEBUG: GET objects/oe-zo-test:r77xp/datastreams=>200: 0.022510 sec\nrequests.packages.urllib3.connectionpool: DEBUG: "GET /fedora/objects/oe-zo-test:r77xp/datastreams/RELS-EXT/content HTTP/1.1" 200 332\neulfedora.api: DEBUG: GET objects/oe-zo-test:r77xp/datastreams/RELS-EXT/content=>200: 0.011741 sec\ntracking.middleware: DEBUG: Created a new visitor: {\'session_key\': u\'127.0.0.1:\', \'ip_address\': \'127.0.0.1\'}\nrequests.packages.urllib3.connectionpool: DEBUG: "DELETE /fedora/objects/oe-zo-test:r77xp HTTP/1.1" 200 24\neulfedora.api: DEBUG: DELETE objects/oe-zo-test:r77xp=>200: 0.340985 sec\n--------------------- >> end captured logging << ---------------------']]></error><system-out><![CDATA[<?xml version="1.0" encoding="UTF-8"?>
<rdf:RDF
   xmlns:fedora-model="info:fedora/fedora-system:def/model#"
   xmlns:rdf="http://www.w3.org/1999/02/22-rdf-syntax-ns#"
>
  <rdf:Description rdf:about="info:fedora/TEMP:DUMMY_PID">
    <fedora-model:hasModel rdf:resource="info:fedora/emory-control:PublishedArticle-1.0"/>
  </rdf:Description>
</rdf:RDF>

<?xml version="1.0" encoding="UTF-8"?>
<rdf:RDF
   xmlns:fedora-model="info:fedora/fedora-system:def/model#"
   xmlns:rdf="http://www.w3.org/1999/02/22-rdf-syntax-ns#"
>
  <rdf:Description rdf:about="info:fedora/oe-zo-test:r77xp">
    <fedora-model:hasModel rdf:resource="info:fedora/emory-control:PublishedArticle-1.0"/>
  </rdf:Description>
</rdf:RDF>

]]></system-out></testcase><testcase classname="openemory.publication.tests.PublicationViewsTest" name="test_suggest_journal_publisher" time="1.316"><system-out><![CDATA[<?xml version="1.0" encoding="UTF-8"?>
<rdf:RDF
   xmlns:fedora-model="info:fedora/fedora-system:def/model#"
   xmlns:rdf="http://www.w3.org/1999/02/22-rdf-syntax-ns#"
>
  <rdf:Description rdf:about="info:fedora/TEMP:DUMMY_PID">
    <fedora-model:hasModel rdf:resource="info:fedora/emory-control:PublishedArticle-1.0"/>
  </rdf:Description>
</rdf:RDF>

<?xml version="1.0" encoding="UTF-8"?>
<rdf:RDF
   xmlns:fedora-model="info:fedora/fedora-system:def/model#"
   xmlns:rdf="http://www.w3.org/1999/02/22-rdf-syntax-ns#"
>
  <rdf:Description rdf:about="info:fedora/oe-zo-test:r77zt">
    <fedora-model:hasModel rdf:resource="info:fedora/emory-control:PublishedArticle-1.0"/>
  </rdf:Description>
</rdf:RDF>

]]></system-out></testcase><testcase classname="openemory.publication.tests.PublicationViewsTest" name="test_suggest_journal_title" time="1.447"><system-out><![CDATA[<?xml version="1.0" encoding="UTF-8"?>
<rdf:RDF
   xmlns:fedora-model="info:fedora/fedora-system:def/model#"
   xmlns:rdf="http://www.w3.org/1999/02/22-rdf-syntax-ns#"
>
  <rdf:Description rdf:about="info:fedora/TEMP:DUMMY_PID">
    <fedora-model:hasModel rdf:resource="info:fedora/emory-control:PublishedArticle-1.0"/>
  </rdf:Description>
</rdf:RDF>

<?xml version="1.0" encoding="UTF-8"?>
<rdf:RDF
   xmlns:fedora-model="info:fedora/fedora-system:def/model#"
   xmlns:rdf="http://www.w3.org/1999/02/22-rdf-syntax-ns#"
>
  <rdf:Description rdf:about="info:fedora/oe-zo-test:r7802">
    <fedora-model:hasModel rdf:resource="info:fedora/emory-control:PublishedArticle-1.0"/>
  </rdf:Description>
</rdf:RDF>

]]></system-out></testcase><testcase classname="openemory.publication.tests.PublicationViewsTest" name="test_summary" time="1.335"><error type="exceptions.AttributeError" message="assert_called&#10;-------------------- &gt;&gt; begin captured stdout &lt;&lt; ---------------------&#10;&lt;?xml version=&quot;1.0&quot; encoding=&quot;UTF-8&quot;?&gt;&#10;&lt;rdf:RDF&#10;   xmlns:fedora-model=&quot;info:fedora/fedora-system:def/model#&quot;&#10;   xmlns:rdf=&quot;http://www.w3.org/1999/02/22-rdf-syntax-ns#&quot;&#10;&gt;&#10;  &lt;rdf:Description rdf:about=&quot;info:fedora/TEMP:DUMMY_PID&quot;&gt;&#10;    &lt;fedora-model:hasModel rdf:resource=&quot;info:fedora/emory-control:PublishedArticle-1.0&quot;/&gt;&#10;  &lt;/rdf:Description&gt;&#10;&lt;/rdf:RDF&gt;&#10;&#10;&lt;?xml version=&quot;1.0&quot; encoding=&quot;UTF-8&quot;?&gt;&#10;&lt;rdf:RDF&#10;   xmlns:fedora-model=&quot;info:fedora/fedora-system:def/model#&quot;&#10;   xmlns:rdf=&quot;http://www.w3.org/1999/02/22-rdf-syntax-ns#&quot;&#10;&gt;&#10;  &lt;rdf:Description rdf:about=&quot;info:fedora/oe-zo-test:r7816&quot;&gt;&#10;    &lt;fedora-model:hasModel rdf:resource=&quot;info:fedora/emory-control:PublishedArticle-1.0&quot;/&gt;&#10;  &lt;/rdf:Description&gt;&#10;&lt;/rdf:RDF&gt;&#10;&#10;&#10;--------------------- &gt;&gt; end captured stdout &lt;&lt; ----------------------&#10;-------------------- &gt;&gt; begin captured logging &lt;&lt; --------------------&#10;eulfedora.server: DEBUG: Connecting to fedora at https://libfeddev1.library.emory.edu:8443/fedora/ as testuser&#10;eulfedora.server: DEBUG: Connecting to fedora at https://libfeddev1.library.emory.edu:8443/fedora/ as fedoraAdmin&#10;pidservices.clients: DEBUG: Request: POST https://testpid.library.emory.edu/ark/ {'Content-Length': 3, 'Content-type': 'application/x-www-form-urlencoded', 'Accept': 'text/plain'} &lt;![BODY[{'domain': 'http://testpid.library.emory.edu/domains/34/', 'name': 'A very scholarly article', 'target_uri': u'http://example.com/publications/oe-zo-test:{%PID%}/'}]]&gt;&#10;requests.packages.urllib3.connectionpool: DEBUG: &quot;POST /ark/ HTTP/1.1&quot; 201 None&#10;requests.packages.urllib3.connectionpool: DEBUG: &quot;POST /fedora/upload HTTP/1.1&quot; 202 17&#10;eulfedora.api: DEBUG: POST upload=&gt;202: 0.015784 sec&#10;requests.packages.urllib3.connectionpool: DEBUG: &quot;POST /fedora/upload HTTP/1.1&quot; 202 17&#10;eulfedora.api: DEBUG: POST upload=&gt;202: 0.013641 sec&#10;requests.packages.urllib3.connectionpool: DEBUG: &quot;POST /fedora/upload HTTP/1.1&quot; 202 17&#10;eulfedora.api: DEBUG: POST upload=&gt;202: 0.015318 sec&#10;requests.packages.urllib3.connectionpool: DEBUG: &quot;POST /fedora/upload HTTP/1.1&quot; 202 17&#10;eulfedora.api: DEBUG: POST upload=&gt;202: 0.017758 sec&#10;requests.packages.urllib3.connectionpool: DEBUG: &quot;POST /fedora/objects/new HTTP/1.1&quot; 201 16&#10;eulfedora.api: DEBUG: POST objects/new=&gt;201: 0.558095 sec&#10;requests.packages.urllib3.connectionpool: DEBUG: &quot;GET /fedora/objects/oe-zo-test:r7816/datastreams?format=xml HTTP/1.1&quot; 200 None&#10;eulfedora.api: DEBUG: GET objects/oe-zo-test:r7816/datastreams=&gt;200: 0.022587 sec&#10;requests.packages.urllib3.connectionpool: DEBUG: &quot;GET /fedora/objects/oe-zo-test:r7816/datastreams/RELS-EXT/content HTTP/1.1&quot; 200 332&#10;eulfedora.api: DEBUG: GET objects/oe-zo-test:r7816/datastreams/RELS-EXT/content=&gt;200: 0.010810 sec&#10;tracking.middleware: DEBUG: Created a new visitor: {'session_key': u'127.0.0.1:', 'ip_address': '127.0.0.1'}&#10;requests.packages.urllib3.connectionpool: DEBUG: &quot;DELETE /fedora/objects/oe-zo-test:r7816 HTTP/1.1&quot; 200 24&#10;eulfedora.api: DEBUG: DELETE objects/oe-zo-test:r7816=&gt;200: 0.186843 sec&#10;--------------------- &gt;&gt; end captured logging &lt;&lt; ---------------------"><![CDATA[  File "/Users/azotov/VirtualEnv/open-emory/lib/python2.7/site-packages/unittest2/case.py", line 67, in testPartExecutor
    yield
  File "/Users/azotov/VirtualEnv/open-emory/lib/python2.7/site-packages/unittest2/case.py", line 625, in run
    testMethod()
  File "/Users/azotov/VirtualEnv/open-emory/lib/python2.7/site-packages/mock/mock.py", line 1305, in patched
    return func(*args, **keywargs)
  File "/Users/azotov/OpenEmory/openemory/publication/tests.py", line 2887, in test_summary
    mocksolr.field_limit.assert_called()
  File "/Users/azotov/VirtualEnv/open-emory/lib/python2.7/site-packages/mock/mock.py", line 721, in __getattr__
    raise AttributeError(name)
'assert_called\n-------------------- >> begin captured stdout << ---------------------\n<?xml version="1.0" encoding="UTF-8"?>\n<rdf:RDF\n   xmlns:fedora-model="info:fedora/fedora-system:def/model#"\n   xmlns:rdf="http://www.w3.org/1999/02/22-rdf-syntax-ns#"\n>\n  <rdf:Description rdf:about="info:fedora/TEMP:DUMMY_PID">\n    <fedora-model:hasModel rdf:resource="info:fedora/emory-control:PublishedArticle-1.0"/>\n  </rdf:Description>\n</rdf:RDF>\n\n<?xml version="1.0" encoding="UTF-8"?>\n<rdf:RDF\n   xmlns:fedora-model="info:fedora/fedora-system:def/model#"\n   xmlns:rdf="http://www.w3.org/1999/02/22-rdf-syntax-ns#"\n>\n  <rdf:Description rdf:about="info:fedora/oe-zo-test:r7816">\n    <fedora-model:hasModel rdf:resource="info:fedora/emory-control:PublishedArticle-1.0"/>\n  </rdf:Description>\n</rdf:RDF>\n\n\n--------------------- >> end captured stdout << ----------------------\n-------------------- >> begin captured logging << --------------------\neulfedora.server: DEBUG: Connecting to fedora at https://libfeddev1.library.emory.edu:8443/fedora/ as testuser\neulfedora.server: DEBUG: Connecting to fedora at https://libfeddev1.library.emory.edu:8443/fedora/ as fedoraAdmin\npidservices.clients: DEBUG: Request: POST https://testpid.library.emory.edu/ark/ {\'Content-Length\': 3, \'Content-type\': \'application/x-www-form-urlencoded\', \'Accept\': \'text/plain\'} <![BODY[{\'domain\': \'http://testpid.library.emory.edu/domains/34/\', \'name\': \'A very scholarly article\', \'target_uri\': u\'http://example.com/publications/oe-zo-test:{%PID%}/\'}]]>]]&gt;<![CDATA[\nrequests.packages.urllib3.connectionpool: DEBUG: "POST /ark/ HTTP/1.1" 201 None\nrequests.packages.urllib3.connectionpool: DEBUG: "POST /fedora/upload HTTP/1.1" 202 17\neulfedora.api: DEBUG: POST upload=>202: 0.015784 sec\nrequests.packages.urllib3.connectionpool: DEBUG: "POST /fedora/upload HTTP/1.1" 202 17\neulfedora.api: DEBUG: POST upload=>202: 0.013641 sec\nrequests.packages.urllib3.connectionpool: DEBUG: "POST /fedora/upload HTTP/1.1" 202 17\neulfedora.api: DEBUG: POST upload=>202: 0.015318 sec\nrequests.packages.urllib3.connectionpool: DEBUG: "POST /fedora/upload HTTP/1.1" 202 17\neulfedora.api: DEBUG: POST upload=>202: 0.017758 sec\nrequests.packages.urllib3.connectionpool: DEBUG: "POST /fedora/objects/new HTTP/1.1" 201 16\neulfedora.api: DEBUG: POST objects/new=>201: 0.558095 sec\nrequests.packages.urllib3.connectionpool: DEBUG: "GET /fedora/objects/oe-zo-test:r7816/datastreams?format=xml HTTP/1.1" 200 None\neulfedora.api: DEBUG: GET objects/oe-zo-test:r7816/datastreams=>200: 0.022587 sec\nrequests.packages.urllib3.connectionpool: DEBUG: "GET /fedora/objects/oe-zo-test:r7816/datastreams/RELS-EXT/content HTTP/1.1" 200 332\neulfedora.api: DEBUG: GET objects/oe-zo-test:r7816/datastreams/RELS-EXT/content=>200: 0.010810 sec\ntracking.middleware: DEBUG: Created a new visitor: {\'session_key\': u\'127.0.0.1:\', \'ip_address\': \'127.0.0.1\'}\nrequests.packages.urllib3.connectionpool: DEBUG: "DELETE /fedora/objects/oe-zo-test:r7816 HTTP/1.1" 200 24\neulfedora.api: DEBUG: DELETE objects/oe-zo-test:r7816=>200: 0.186843 sec\n--------------------- >> end captured logging << ---------------------']]></error><system-out><![CDATA[<?xml version="1.0" encoding="UTF-8"?>
<rdf:RDF
   xmlns:fedora-model="info:fedora/fedora-system:def/model#"
   xmlns:rdf="http://www.w3.org/1999/02/22-rdf-syntax-ns#"
>
  <rdf:Description rdf:about="info:fedora/TEMP:DUMMY_PID">
    <fedora-model:hasModel rdf:resource="info:fedora/emory-control:PublishedArticle-1.0"/>
  </rdf:Description>
</rdf:RDF>

<?xml version="1.0" encoding="UTF-8"?>
<rdf:RDF
   xmlns:fedora-model="info:fedora/fedora-system:def/model#"
   xmlns:rdf="http://www.w3.org/1999/02/22-rdf-syntax-ns#"
>
  <rdf:Description rdf:about="info:fedora/oe-zo-test:r7816">
    <fedora-model:hasModel rdf:resource="info:fedora/emory-control:PublishedArticle-1.0"/>
  </rdf:Description>
</rdf:RDF>

]]></system-out></testcase><testcase classname="openemory.publication.tests.PublicationViewsTest" name="test_view_article" time="4.685"><system-out><![CDATA[<?xml version="1.0" encoding="UTF-8"?>
<rdf:RDF
   xmlns:fedora-model="info:fedora/fedora-system:def/model#"
   xmlns:rdf="http://www.w3.org/1999/02/22-rdf-syntax-ns#"
>
  <rdf:Description rdf:about="info:fedora/TEMP:DUMMY_PID">
    <fedora-model:hasModel rdf:resource="info:fedora/emory-control:PublishedArticle-1.0"/>
  </rdf:Description>
</rdf:RDF>

<?xml version="1.0" encoding="UTF-8"?>
<rdf:RDF
   xmlns:fedora-model="info:fedora/fedora-system:def/model#"
   xmlns:rdf="http://www.w3.org/1999/02/22-rdf-syntax-ns#"
>
  <rdf:Description rdf:about="info:fedora/oe-zo-test:r782b">
    <fedora-model:hasModel rdf:resource="info:fedora/emory-control:PublishedArticle-1.0"/>
  </rdf:Description>
</rdf:RDF>

]]></system-out></testcase><testcase classname="openemory.publication.tests.PublicationViewsTest" name="test_view_article_biblio" time="2.106"><system-out><![CDATA[<?xml version="1.0" encoding="UTF-8"?>
<rdf:RDF
   xmlns:fedora-model="info:fedora/fedora-system:def/model#"
   xmlns:rdf="http://www.w3.org/1999/02/22-rdf-syntax-ns#"
>
  <rdf:Description rdf:about="info:fedora/TEMP:DUMMY_PID">
    <fedora-model:hasModel rdf:resource="info:fedora/emory-control:PublishedArticle-1.0"/>
  </rdf:Description>
</rdf:RDF>

<?xml version="1.0" encoding="UTF-8"?>
<rdf:RDF
   xmlns:fedora-model="info:fedora/fedora-system:def/model#"
   xmlns:rdf="http://www.w3.org/1999/02/22-rdf-syntax-ns#"
>
  <rdf:Description rdf:about="info:fedora/oe-zo-test:r783g">
    <fedora-model:hasModel rdf:resource="info:fedora/emory-control:PublishedArticle-1.0"/>
  </rdf:Description>
</rdf:RDF>

]]></system-out></testcase><testcase classname="openemory.publication.tests.PublicationViewsTest" name="test_view_article_license" time="3.200"><system-out><![CDATA[<?xml version="1.0" encoding="UTF-8"?>
<rdf:RDF
   xmlns:fedora-model="info:fedora/fedora-system:def/model#"
   xmlns:rdf="http://www.w3.org/1999/02/22-rdf-syntax-ns#"
>
  <rdf:Description rdf:about="info:fedora/TEMP:DUMMY_PID">
    <fedora-model:hasModel rdf:resource="info:fedora/emory-control:PublishedArticle-1.0"/>
  </rdf:Description>
</rdf:RDF>

<?xml version="1.0" encoding="UTF-8"?>
<rdf:RDF
   xmlns:fedora-model="info:fedora/fedora-system:def/model#"
   xmlns:rdf="http://www.w3.org/1999/02/22-rdf-syntax-ns#"
>
  <rdf:Description rdf:about="info:fedora/oe-zo-test:r784m">
    <fedora-model:hasModel rdf:resource="info:fedora/emory-control:PublishedArticle-1.0"/>
  </rdf:Description>
</rdf:RDF>

]]></system-out></testcase><testcase classname="openemory.publication.tests.QuarterlyCommandTest" name="test_get_article_data" time="0.008"></testcase><testcase classname="openemory.publication.tests.QuarterlyCommandTest" name="test_send_mail" time="0.009"><system-out><![CDATA[No Mail Sent
Mail Sent
]]></system-out></testcase><testcase classname="openemory.publication.tests.ResearchFieldsTest" name="test_choices" time="0.010"></testcase><testcase classname="openemory.publication.tests.ResearchFieldsTest" name="test_get_choices" time="0.011"></testcase><testcase classname="openemory.publication.tests.ResearchFieldsTest" name="test_init" time="0.000"></testcase><testcase classname="openemory.publication.tests.ResearchFieldsTest" name="test_label" time="0.000"></testcase><testcase classname="openemory.publication.tests.TestExpireEmbargoCommand" name="test_expire_embargo" time="0.000"><skipped type="unittest.case.SkipTest" message="acting differently on local and jenkins"><![CDATA[SkipTest: acting differently on local and jenkins
]]></skipped></testcase><testcase classname="openemory.publication.tests.TestFileTypeValidator" name="test_memory_file" time="0.022"></testcase><testcase classname="openemory.publication.tests.TestFileTypeValidator" name="test_temporary_file" time="0.002"></testcase><testcase classname="openemory.publication.tests.TestSympDS" name="test_basic_fields" time="0.003"></testcase><testcase classname="openemory.publication.tests.TestSympDS" name="test_properties" time="0.366"></testcase><testcase classname="openemory.publication.tests.TestUtil" name="test_percent_match" time="0.001"></testcase><testcase classname="openemory.publication.tests.ValidateNetidTest" name="test_validate_netid" time="0.016"><error type="exceptions.AttributeError" message="assert_called"><![CDATA[Traceback (most recent call last):
  File "/Users/azotov/VirtualEnv/open-emory/lib/python2.7/site-packages/unittest2/case.py", line 67, in testPartExecutor
    yield
  File "/Users/azotov/VirtualEnv/open-emory/lib/python2.7/site-packages/unittest2/case.py", line 625, in run
    testMethod()
  File "/Users/azotov/VirtualEnv/open-emory/lib/python2.7/site-packages/mock/mock.py", line 1305, in patched
    return func(*args, **keywargs)
  File "/Users/azotov/OpenEmory/openemory/publication/tests.py", line 932, in test_validate_netid
    mockldap.return_value.find_user.assert_called
  File "/Users/azotov/VirtualEnv/open-emory/lib/python2.7/site-packages/mock/mock.py", line 721, in __getattr__
    raise AttributeError(name)
AttributeError: assert_called
]]></error></testcase><testcase classname="openemory.harvest.tests.ArticleQuerySetTest" name="test_query_set_requests" time="0.010"></testcase><testcase classname="openemory.harvest.tests.ArticleQuerySetTest" name="test_slicing" time="0.010"></testcase><testcase classname="openemory.harvest.tests.EntrezTest" name="test_get_emory_articles" time="0.011"></testcase><testcase classname="openemory.harvest.tests.FetchPMCMetadataTest" name="test_date_opts" time="0.190"><system-out><![CDATA[Date Range: 2011/09/07 - 2016/04/19
Date Range: 2012/01/01 - 2012/02/02
Date Range: 2011/09/07 - 2016/04/19
]]></system-out></testcase><testcase classname="openemory.harvest.tests.HarvestRecordTest" name="test_as_publication_article" time="0.482"><system-out><![CDATA[[]
]]></system-out></testcase><testcase classname="openemory.harvest.tests.HarvestRecordTest" name="test_ingestable" time="0.186"></testcase><testcase classname="openemory.harvest.tests.HarvestRecordTest" name="test_init_from_fetched_article" time="0.217"></testcase><testcase classname="openemory.harvest.tests.HarvestRecordTest" name="test_mark_ignored" time="0.194"></testcase><testcase classname="openemory.harvest.tests.HarvestRecordTest" name="test_mark_ingested" time="0.189"></testcase><testcase classname="openemory.harvest.tests.HarvestViewsTest" name="test_queue" time="0.545"></testcase><testcase classname="openemory.harvest.tests.HarvestViewsTest" name="test_queue_ajax" time="0.427"></testcase><testcase classname="openemory.harvest.tests.HarvestViewsTest" name="test_record_delete" time="0.538"></testcase></testsuite>