<?xml version="1.0" encoding="UTF-8"?><testsuite name="nosetests" tests="158" errors="19" failures="18" skip="3"><testcase classname="openemory.accounts.tests.AccountViewsTest" name="test_dashboard" time="1.977"><error type="exceptions.AttributeError" message="assert_called_once&#10;-------------------- &gt;&gt; begin captured logging &lt;&lt; --------------------&#10;eulfedora.server: DEBUG: Connecting to fedora at https://libfedqa1.library.emory.edu:8443/fedora/ as fedoraAdmin&#10;requests.packages.urllib3.connectionpool: INFO: Starting new HTTPS connection (1): libfedqa1.library.emory.edu&#10;py.warnings: WARNING: /Users/azotov/VirtualEnv/open-emory/lib/python2.7/site-packages/requests/packages/urllib3/util/ssl_.py:90: InsecurePlatformWarning: A true SSLContext object is not available. This prevents urllib3 from configuring SSL appropriately and may cause certain SSL connections to fail. For more information, see https://urllib3.readthedocs.org/en/latest/security.html#insecureplatformwarning.&#10;  InsecurePlatformWarning&#10;&#10;requests.packages.urllib3.connectionpool: DEBUG: &quot;GET /fedora/objects?query=pid~oe-zo-test%3A%2A&amp;pid=true&amp;resultFormat=xml HTTP/1.1&quot; 200 None&#10;eulfedora.api: DEBUG: GET objects=&gt;200: 0.076604 sec&#10;eulfedora.server: DEBUG: Connecting to fedora at https://libfedqa1.library.emory.edu:8443/fedora/ as fedoraAdmin&#10;eulfedora.models: DEBUG: openemory.common.fedora.DigitalObject has no content models&#10;eulfedora.models: DEBUG: cmodel for openemory.publication.models.Chapter is info:fedora/emory-control:PublishedChapter-1.0&#10;requests.packages.urllib3.connectionpool: DEBUG: &quot;GET /fedora/objects/emory-control:PublishedChapter-1.0?format=xml HTTP/1.1&quot; 200 None&#10;eulfedora.api: DEBUG: GET objects/emory-control:PublishedChapter-1.0=&gt;200: 0.036809 sec&#10;eulfedora.models: DEBUG: info:fedora/emory-control:PublishedChapter-1.0 already exists&#10;eulfedora.models: DEBUG: cmodel for eulfedora.models.ContentModel is info:fedora/fedora-system:ContentModel-3.0&#10;requests.packages.urllib3.connectionpool: DEBUG: &quot;GET /fedora/objects/fedora-system:ContentModel-3.0?format=xml HTTP/1.1&quot; 200 None&#10;eulfedora.api: DEBUG: GET objects/fedora-system:ContentModel-3.0=&gt;200: 0.032281 sec&#10;eulfedora.models: DEBUG: info:fedora/fedora-system:ContentModel-3.0 already exists&#10;eulfedora.models: DEBUG: cmodel for openemory.publication.models.Book is info:fedora/emory-control:PublishedBook-1.0&#10;requests.packages.urllib3.connectionpool: DEBUG: &quot;GET /fedora/objects/emory-control:PublishedBook-1.0?format=xml HTTP/1.1&quot; 200 None&#10;eulfedora.api: DEBUG: GET objects/emory-control:PublishedBook-1.0=&gt;200: 0.029732 sec&#10;eulfedora.models: DEBUG: info:fedora/emory-control:PublishedBook-1.0 already exists&#10;eulfedora.models: DEBUG: openemory.publication.models.Publication has no content models&#10;eulfedora.models: DEBUG: cmodel for openemory.publication.models.Article is info:fedora/emory-control:PublishedArticle-1.0&#10;requests.packages.urllib3.connectionpool: DEBUG: &quot;GET /fedora/objects/emory-control:PublishedArticle-1.0?format=xml HTTP/1.1&quot; 200 None&#10;eulfedora.api: DEBUG: GET objects/emory-control:PublishedArticle-1.0=&gt;200: 0.037563 sec&#10;eulfedora.models: DEBUG: info:fedora/emory-control:PublishedArticle-1.0 already exists&#10;eulfedora.models: DEBUG: eulfedora.models.DigitalObject has no content models&#10;requests.packages.urllib3.connectionpool: DEBUG: &quot;POST /fedora/objects/new?logMessage=loaded+from+fixture HTTP/1.1&quot; 500 171&#10;eulfedora.api: DEBUG: POST objects/new=&gt;500: 0.045829 sec&#10;eulfedora.server: DEBUG: Connecting to fedora at https://libfedqa1.library.emory.edu:8443/fedora/ as fedoraAdmin&#10;py.warnings: WARNING: /Users/azotov/VirtualEnv/open-emory/lib/python2.7/site-packages/django/conf/urls/defaults.py:3: DeprecationWarning: django.conf.urls.defaults is deprecated; use django.conf.urls instead&#10;  DeprecationWarning)&#10;&#10;pidservices.clients: DEBUG: Request: POST https://testpid.library.emory.edu/ark/ {'Content-Length': 3, 'Content-type': 'application/x-www-form-urlencoded', 'Accept': 'text/plain'} &lt;![BODY[{'domain': 'http://testpid.library.emory.edu/domains/34/', 'name': 'A very scholarly article', 'target_uri': u'http://example.com/publications/oe-zo-test:{%PID%}/'}]]&gt;&#10;requests.packages.urllib3.connectionpool: INFO: Starting new HTTPS connection (1): testpid.library.emory.edu&#10;py.warnings: WARNING: /Users/azotov/VirtualEnv/open-emory/lib/python2.7/site-packages/requests/packages/urllib3/util/ssl_.py:90: InsecurePlatformWarning: A true SSLContext object is not available. This prevents urllib3 from configuring SSL appropriately and may cause certain SSL connections to fail. For more information, see https://urllib3.readthedocs.org/en/latest/security.html#insecureplatformwarning.&#10;  InsecurePlatformWarning&#10;&#10;requests.packages.urllib3.connectionpool: DEBUG: &quot;POST /ark/ HTTP/1.1&quot; 201 None&#10;requests.packages.urllib3.connectionpool: INFO: Resetting dropped connection: libfedqa1.library.emory.edu&#10;py.warnings: WARNING: /Users/azotov/VirtualEnv/open-emory/lib/python2.7/site-packages/requests/packages/urllib3/util/ssl_.py:90: InsecurePlatformWarning: A true SSLContext object is not available. This prevents urllib3 from configuring SSL appropriately and may cause certain SSL connections to fail. For more information, see https://urllib3.readthedocs.org/en/latest/security.html#insecureplatformwarning.&#10;  InsecurePlatformWarning&#10;&#10;requests.packages.urllib3.connectionpool: DEBUG: &quot;POST /fedora/upload HTTP/1.1&quot; 202 17&#10;eulfedora.api: DEBUG: POST upload=&gt;202: 0.061110 sec&#10;requests.packages.urllib3.connectionpool: DEBUG: &quot;POST /fedora/upload HTTP/1.1&quot; 202 17&#10;eulfedora.api: DEBUG: POST upload=&gt;202: 0.020100 sec&#10;requests.packages.urllib3.connectionpool: DEBUG: &quot;POST /fedora/upload HTTP/1.1&quot; 202 17&#10;eulfedora.api: DEBUG: POST upload=&gt;202: 0.018276 sec&#10;requests.packages.urllib3.connectionpool: DEBUG: &quot;POST /fedora/upload HTTP/1.1&quot; 202 17&#10;eulfedora.api: DEBUG: POST upload=&gt;202: 0.017552 sec&#10;requests.packages.urllib3.connectionpool: DEBUG: &quot;POST /fedora/objects/new HTTP/1.1&quot; 201 16&#10;eulfedora.api: DEBUG: POST objects/new=&gt;201: 0.707423 sec&#10;tracking.middleware: INFO: Updating untracked user agent cache&#10;tracking.middleware: DEBUG: Created a new visitor: {'session_key': u'127.0.0.1:', 'ip_address': '127.0.0.1'}&#10;tracking.middleware: DEBUG: Using existing visitor for IP 127.0.0.1 / UA : 1&#10;requests.packages.urllib3.connectionpool: DEBUG: &quot;DELETE /fedora/objects/oe-zo-test:r3vv0 HTTP/1.1&quot; 200 24&#10;eulfedora.api: DEBUG: DELETE objects/oe-zo-test:r3vv0=&gt;200: 0.248082 sec&#10;--------------------- &gt;&gt; end captured logging &lt;&lt; ---------------------"><![CDATA[  File "/Users/azotov/VirtualEnv/open-emory/lib/python2.7/site-packages/unittest2/case.py", line 67, in testPartExecutor
    yield
  File "/Users/azotov/VirtualEnv/open-emory/lib/python2.7/site-packages/unittest2/case.py", line 625, in run
    testMethod()
  File "/Users/azotov/VirtualEnv/open-emory/lib/python2.7/site-packages/mock/mock.py", line 1305, in patched
    return func(*args, **keywargs)
  File "/Users/azotov/OpenEmory/openemory/accounts/tests.py", line 435, in test_dashboard
    mockprofile.recent_articles.assert_called_once()
  File "/Users/azotov/VirtualEnv/open-emory/lib/python2.7/site-packages/mock/mock.py", line 721, in __getattr__
    raise AttributeError(name)
'assert_called_once\n-------------------- >> begin captured logging << --------------------\neulfedora.server: DEBUG: Connecting to fedora at https://libfedqa1.library.emory.edu:8443/fedora/ as fedoraAdmin\nrequests.packages.urllib3.connectionpool: INFO: Starting new HTTPS connection (1): libfedqa1.library.emory.edu\npy.warnings: WARNING: /Users/azotov/VirtualEnv/open-emory/lib/python2.7/site-packages/requests/packages/urllib3/util/ssl_.py:90: InsecurePlatformWarning: A true SSLContext object is not available. This prevents urllib3 from configuring SSL appropriately and may cause certain SSL connections to fail. For more information, see https://urllib3.readthedocs.org/en/latest/security.html#insecureplatformwarning.\n  InsecurePlatformWarning\n\nrequests.packages.urllib3.connectionpool: DEBUG: "GET /fedora/objects?query=pid~oe-zo-test%3A%2A&pid=true&resultFormat=xml HTTP/1.1" 200 None\neulfedora.api: DEBUG: GET objects=>200: 0.076604 sec\neulfedora.server: DEBUG: Connecting to fedora at https://libfedqa1.library.emory.edu:8443/fedora/ as fedoraAdmin\neulfedora.models: DEBUG: openemory.common.fedora.DigitalObject has no content models\neulfedora.models: DEBUG: cmodel for openemory.publication.models.Chapter is info:fedora/emory-control:PublishedChapter-1.0\nrequests.packages.urllib3.connectionpool: DEBUG: "GET /fedora/objects/emory-control:PublishedChapter-1.0?format=xml HTTP/1.1" 200 None\neulfedora.api: DEBUG: GET objects/emory-control:PublishedChapter-1.0=>200: 0.036809 sec\neulfedora.models: DEBUG: info:fedora/emory-control:PublishedChapter-1.0 already exists\neulfedora.models: DEBUG: cmodel for eulfedora.models.ContentModel is info:fedora/fedora-system:ContentModel-3.0\nrequests.packages.urllib3.connectionpool: DEBUG: "GET /fedora/objects/fedora-system:ContentModel-3.0?format=xml HTTP/1.1" 200 None\neulfedora.api: DEBUG: GET objects/fedora-system:ContentModel-3.0=>200: 0.032281 sec\neulfedora.models: DEBUG: info:fedora/fedora-system:ContentModel-3.0 already exists\neulfedora.models: DEBUG: cmodel for openemory.publication.models.Book is info:fedora/emory-control:PublishedBook-1.0\nrequests.packages.urllib3.connectionpool: DEBUG: "GET /fedora/objects/emory-control:PublishedBook-1.0?format=xml HTTP/1.1" 200 None\neulfedora.api: DEBUG: GET objects/emory-control:PublishedBook-1.0=>200: 0.029732 sec\neulfedora.models: DEBUG: info:fedora/emory-control:PublishedBook-1.0 already exists\neulfedora.models: DEBUG: openemory.publication.models.Publication has no content models\neulfedora.models: DEBUG: cmodel for openemory.publication.models.Article is info:fedora/emory-control:PublishedArticle-1.0\nrequests.packages.urllib3.connectionpool: DEBUG: "GET /fedora/objects/emory-control:PublishedArticle-1.0?format=xml HTTP/1.1" 200 None\neulfedora.api: DEBUG: GET objects/emory-control:PublishedArticle-1.0=>200: 0.037563 sec\neulfedora.models: DEBUG: info:fedora/emory-control:PublishedArticle-1.0 already exists\neulfedora.models: DEBUG: eulfedora.models.DigitalObject has no content models\nrequests.packages.urllib3.connectionpool: DEBUG: "POST /fedora/objects/new?logMessage=loaded+from+fixture HTTP/1.1" 500 171\neulfedora.api: DEBUG: POST objects/new=>500: 0.045829 sec\neulfedora.server: DEBUG: Connecting to fedora at https://libfedqa1.library.emory.edu:8443/fedora/ as fedoraAdmin\npy.warnings: WARNING: /Users/azotov/VirtualEnv/open-emory/lib/python2.7/site-packages/django/conf/urls/defaults.py:3: DeprecationWarning: django.conf.urls.defaults is deprecated; use django.conf.urls instead\n  DeprecationWarning)\n\npidservices.clients: DEBUG: Request: POST https://testpid.library.emory.edu/ark/ {\'Content-Length\': 3, \'Content-type\': \'application/x-www-form-urlencoded\', \'Accept\': \'text/plain\'} <![BODY[{\'domain\': \'http://testpid.library.emory.edu/domains/34/\', \'name\': \'A very scholarly article\', \'target_uri\': u\'http://example.com/publications/oe-zo-test:{%PID%}/\'}]]>]]&gt;<![CDATA[\nrequests.packages.urllib3.connectionpool: INFO: Starting new HTTPS connection (1): testpid.library.emory.edu\npy.warnings: WARNING: /Users/azotov/VirtualEnv/open-emory/lib/python2.7/site-packages/requests/packages/urllib3/util/ssl_.py:90: InsecurePlatformWarning: A true SSLContext object is not available. This prevents urllib3 from configuring SSL appropriately and may cause certain SSL connections to fail. For more information, see https://urllib3.readthedocs.org/en/latest/security.html#insecureplatformwarning.\n  InsecurePlatformWarning\n\nrequests.packages.urllib3.connectionpool: DEBUG: "POST /ark/ HTTP/1.1" 201 None\nrequests.packages.urllib3.connectionpool: INFO: Resetting dropped connection: libfedqa1.library.emory.edu\npy.warnings: WARNING: /Users/azotov/VirtualEnv/open-emory/lib/python2.7/site-packages/requests/packages/urllib3/util/ssl_.py:90: InsecurePlatformWarning: A true SSLContext object is not available. This prevents urllib3 from configuring SSL appropriately and may cause certain SSL connections to fail. For more information, see https://urllib3.readthedocs.org/en/latest/security.html#insecureplatformwarning.\n  InsecurePlatformWarning\n\nrequests.packages.urllib3.connectionpool: DEBUG: "POST /fedora/upload HTTP/1.1" 202 17\neulfedora.api: DEBUG: POST upload=>202: 0.061110 sec\nrequests.packages.urllib3.connectionpool: DEBUG: "POST /fedora/upload HTTP/1.1" 202 17\neulfedora.api: DEBUG: POST upload=>202: 0.020100 sec\nrequests.packages.urllib3.connectionpool: DEBUG: "POST /fedora/upload HTTP/1.1" 202 17\neulfedora.api: DEBUG: POST upload=>202: 0.018276 sec\nrequests.packages.urllib3.connectionpool: DEBUG: "POST /fedora/upload HTTP/1.1" 202 17\neulfedora.api: DEBUG: POST upload=>202: 0.017552 sec\nrequests.packages.urllib3.connectionpool: DEBUG: "POST /fedora/objects/new HTTP/1.1" 201 16\neulfedora.api: DEBUG: POST objects/new=>201: 0.707423 sec\ntracking.middleware: INFO: Updating untracked user agent cache\ntracking.middleware: DEBUG: Created a new visitor: {\'session_key\': u\'127.0.0.1:\', \'ip_address\': \'127.0.0.1\'}\ntracking.middleware: DEBUG: Using existing visitor for IP 127.0.0.1 / UA : 1\nrequests.packages.urllib3.connectionpool: DEBUG: "DELETE /fedora/objects/oe-zo-test:r3vv0 HTTP/1.1" 200 24\neulfedora.api: DEBUG: DELETE objects/oe-zo-test:r3vv0=>200: 0.248082 sec\n--------------------- >> end captured logging << ---------------------']]></error></testcase><testcase classname="openemory.accounts.tests.AccountViewsTest" name="test_dashboard_announcements" time="1.318"></testcase><testcase classname="openemory.accounts.tests.AccountViewsTest" name="test_dashboard_stats" time="1.504"></testcase><testcase classname="openemory.accounts.tests.AccountViewsTest" name="test_degree_institutions_autocomplete" time="1.307"></testcase><testcase classname="openemory.accounts.tests.AccountViewsTest" name="test_edit_profile" time="3.374"></testcase><testcase classname="openemory.accounts.tests.AccountViewsTest" name="test_faculty_autocomplete" time="1.529"><system-out><![CDATA[[{'ad_name': 'Kohler, James J', 'username': 'jjkohle', 'first_name': 'James J', 'last_name': 'Kohler', 'department_name': 'SOM: Peds: VA Lab Biochem'}]
[{'ad_name': 'Kohler, James J', 'username': 'jjkohle', 'first_name': 'James J', 'last_name': 'Kohler', 'department_name': 'SOM: Peds: VA Lab Biochem'}]
[{'ad_name': 'Kohler, James J', 'username': 'jjkohle', 'last_name': 'Kohler', 'department_name': 'SOM: Peds: VA Lab Biochem'}]
]]></system-out></testcase><testcase classname="openemory.accounts.tests.AccountViewsTest" name="test_feedback" time="1.738"></testcase><testcase classname="openemory.accounts.tests.AccountViewsTest" name="test_get_profile_user" time="1.191"></testcase><testcase classname="openemory.accounts.tests.AccountViewsTest" name="test_grant_autocomplete" time="1.211"></testcase><testcase classname="openemory.accounts.tests.AccountViewsTest" name="test_interests_autocomplete" time="1.375"></testcase><testcase classname="openemory.accounts.tests.AccountViewsTest" name="test_list_departments" time="1.308"></testcase><testcase classname="openemory.accounts.tests.AccountViewsTest" name="test_login" time="1.531"></testcase><testcase classname="openemory.accounts.tests.AccountViewsTest" name="test_position_autocomplete" time="1.171"></testcase><testcase classname="openemory.accounts.tests.AccountViewsTest" name="test_profile" time="0.000"><skipped type="unittest.case.SkipTest" message="unmigrated remainder from of massive profile test"><![CDATA[SkipTest: unmigrated remainder from of massive profile test
]]></skipped></testcase><testcase classname="openemory.accounts.tests.AccountViewsTest" name="test_profile_rdf" time="1.280"><error type="eulfedora.util.PermissionDenied" message="401 &#10;-------------------- &gt;&gt; begin captured logging &lt;&lt; --------------------&#10;eulfedora.server: DEBUG: Connecting to fedora at https://libfedqa1.library.emory.edu:8443/fedora/ as fedoraAdmin&#10;pidservices.clients: DEBUG: Request: POST https://testpid.library.emory.edu/ark/ {'Content-Length': 3, 'Content-type': 'application/x-www-form-urlencoded', 'Accept': 'text/plain'} &lt;![BODY[{'domain': 'http://testpid.library.emory.edu/domains/34/', 'name': 'A very scholarly article', 'target_uri': u'http://example.com/publications/oe-zo-test:{%PID%}/'}]]&gt;&#10;requests.packages.urllib3.connectionpool: DEBUG: &quot;POST /ark/ HTTP/1.1&quot; 201 None&#10;requests.packages.urllib3.connectionpool: DEBUG: &quot;POST /fedora/upload HTTP/1.1&quot; 202 17&#10;eulfedora.api: DEBUG: POST upload=&gt;202: 0.018661 sec&#10;requests.packages.urllib3.connectionpool: DEBUG: &quot;POST /fedora/upload HTTP/1.1&quot; 202 17&#10;eulfedora.api: DEBUG: POST upload=&gt;202: 0.017439 sec&#10;requests.packages.urllib3.connectionpool: DEBUG: &quot;POST /fedora/upload HTTP/1.1&quot; 202 17&#10;eulfedora.api: DEBUG: POST upload=&gt;202: 0.018261 sec&#10;requests.packages.urllib3.connectionpool: DEBUG: &quot;POST /fedora/upload HTTP/1.1&quot; 202 17&#10;eulfedora.api: DEBUG: POST upload=&gt;202: 0.017522 sec&#10;requests.packages.urllib3.connectionpool: DEBUG: &quot;POST /fedora/objects/new HTTP/1.1&quot; 201 16&#10;eulfedora.api: DEBUG: POST objects/new=&gt;201: 0.472990 sec&#10;tracking.middleware: DEBUG: Created a new visitor: {'session_key': u'127.0.0.1:', 'ip_address': '127.0.0.1'}&#10;eulfedora.server: DEBUG: Connecting to fedora at https://libfedqa1.library.emory.edu:8443/fedora/ as guest&#10;requests.packages.urllib3.connectionpool: DEBUG: &quot;GET /fedora/objects/oe-zo-test:r3w9w/datastreams?format=xml HTTP/1.1&quot; 401 0&#10;eulfedora.api: DEBUG: GET objects/oe-zo-test:r3w9w/datastreams=&gt;401: 0.047292 sec&#10;openemory.publication.models: ERROR: Failed to determine number of pages for oe-zo-test:r3w9w : 401 &#10;requests.packages.urllib3.connectionpool: DEBUG: &quot;GET /fedora/objects/oe-zo-test:r3w9w/datastreams?format=xml HTTP/1.1&quot; 401 0&#10;eulfedora.api: DEBUG: GET objects/oe-zo-test:r3w9w/datastreams=&gt;401: 0.031636 sec&#10;django.request: ERROR: Internal Server Error: /profiles/jolson/&#10;Traceback (most recent call last):&#10;  File &quot;/Users/azotov/VirtualEnv/open-emory/lib/python2.7/site-packages/django/core/handlers/base.py&quot;, line 113, in get_response&#10;    response = callback(request, *callback_args, **callback_kwargs)&#10;  File &quot;/Users/azotov/VirtualEnv/open-emory/lib/python2.7/site-packages/eulcommon/djangoextras/http/decorators.py&quot;, line 86, in _wrapped&#10;    response = formats[content_type](request, *args, **kwargs)&#10;  File &quot;/Users/azotov/OpenEmory/openemory/accounts/views.py&quot;, line 211, in rdf_profile&#10;    rdf += obj.as_rdf(node=obj_node)&#10;  File &quot;/Users/azotov/OpenEmory/openemory/publication/models.py&quot;, line 1484, in as_rdf&#10;    pmcid = self.pmcid&#10;  File &quot;/Users/azotov/OpenEmory/openemory/publication/models.py&quot;, line 1678, in pmcid&#10;    for id in self.dc.content.identifier_list:&#10;  File &quot;/Users/azotov/VirtualEnv/open-emory/lib/python2.7/site-packages/eulfedora/models.py&quot;, line 507, in __get__&#10;    obj.dscache[self.id] = self._datastreamClass(obj, self.id, self.label, **self.datastream_args)&#10;  File &quot;/Users/azotov/VirtualEnv/open-emory/lib/python2.7/site-packages/eulfedora/models.py&quot;, line 541, in __init__&#10;    super(XmlDatastreamObject, self).__init__(obj, id, label, **kwargs)&#10;  File &quot;/Users/azotov/VirtualEnv/open-emory/lib/python2.7/site-packages/eulfedora/models.py&quot;, line 109, in __init__&#10;    if id in self.obj.ds_list:&#10;  File &quot;/Users/azotov/VirtualEnv/open-emory/lib/python2.7/site-packages/eulfedora/models.py&quot;, line 1801, in ds_list&#10;    self._ds_list = self._get_datastreams()&#10;  File &quot;/Users/azotov/VirtualEnv/open-emory/lib/python2.7/site-packages/eulfedora/models.py&quot;, line 1785, in _get_datastreams&#10;    r = self.api.listDatastreams(self.pid)&#10;  File &quot;/Users/azotov/VirtualEnv/open-emory/lib/python2.7/site-packages/eulfedora/api.py&quot;, line 256, in listDatastreams&#10;    params=self.format_xml)&#10;  File &quot;/Users/azotov/VirtualEnv/open-emory/lib/python2.7/site-packages/eulfedora/api.py&quot;, line 134, in get&#10;    return self._make_request(self.session.get, *args, **kwargs)&#10;  File &quot;/Users/azotov/VirtualEnv/open-emory/lib/python2.7/site-packages/eulfedora/api.py&quot;, line 120, in _make_request&#10;    raise PermissionDenied(response)&#10;PermissionDenied: 401 &#10;requests.packages.urllib3.connectionpool: DEBUG: &quot;DELETE /fedora/objects/oe-zo-test:r3w9w HTTP/1.1&quot; 200 24&#10;eulfedora.api: DEBUG: DELETE objects/oe-zo-test:r3w9w=&gt;200: 0.228292 sec&#10;--------------------- &gt;&gt; end captured logging &lt;&lt; ---------------------"><![CDATA[  File "/Users/azotov/VirtualEnv/open-emory/lib/python2.7/site-packages/unittest2/case.py", line 67, in testPartExecutor
    yield
  File "/Users/azotov/VirtualEnv/open-emory/lib/python2.7/site-packages/unittest2/case.py", line 625, in run
    testMethod()
  File "/Users/azotov/VirtualEnv/open-emory/lib/python2.7/site-packages/mock/mock.py", line 1305, in patched
    return func(*args, **keywargs)
  File "/Users/azotov/OpenEmory/openemory/accounts/tests.py", line 692, in test_profile_rdf
    response = self.client.get(profile_url, HTTP_ACCEPT='application/rdf+xml')
  File "/Users/azotov/VirtualEnv/open-emory/lib/python2.7/site-packages/django/test/client.py", line 453, in get
    response = super(Client, self).get(path, data=data, **extra)
  File "/Users/azotov/VirtualEnv/open-emory/lib/python2.7/site-packages/django/test/client.py", line 279, in get
    return self.request(**r)
  File "/Users/azotov/VirtualEnv/open-emory/lib/python2.7/site-packages/django/test/client.py", line 424, in request
    six.reraise(*exc_info)
  File "/Users/azotov/VirtualEnv/open-emory/lib/python2.7/site-packages/django/core/handlers/base.py", line 113, in get_response
    response = callback(request, *callback_args, **callback_kwargs)
  File "/Users/azotov/VirtualEnv/open-emory/lib/python2.7/site-packages/eulcommon/djangoextras/http/decorators.py", line 86, in _wrapped
    response = formats[content_type](request, *args, **kwargs)
  File "/Users/azotov/OpenEmory/openemory/accounts/views.py", line 211, in rdf_profile
    rdf += obj.as_rdf(node=obj_node)
  File "/Users/azotov/OpenEmory/openemory/publication/models.py", line 1484, in as_rdf
    pmcid = self.pmcid
  File "/Users/azotov/OpenEmory/openemory/publication/models.py", line 1678, in pmcid
    for id in self.dc.content.identifier_list:
  File "/Users/azotov/VirtualEnv/open-emory/lib/python2.7/site-packages/eulfedora/models.py", line 507, in __get__
    obj.dscache[self.id] = self._datastreamClass(obj, self.id, self.label, **self.datastream_args)
  File "/Users/azotov/VirtualEnv/open-emory/lib/python2.7/site-packages/eulfedora/models.py", line 541, in __init__
    super(XmlDatastreamObject, self).__init__(obj, id, label, **kwargs)
  File "/Users/azotov/VirtualEnv/open-emory/lib/python2.7/site-packages/eulfedora/models.py", line 109, in __init__
    if id in self.obj.ds_list:
  File "/Users/azotov/VirtualEnv/open-emory/lib/python2.7/site-packages/eulfedora/models.py", line 1801, in ds_list
    self._ds_list = self._get_datastreams()
  File "/Users/azotov/VirtualEnv/open-emory/lib/python2.7/site-packages/eulfedora/models.py", line 1785, in _get_datastreams
    r = self.api.listDatastreams(self.pid)
  File "/Users/azotov/VirtualEnv/open-emory/lib/python2.7/site-packages/eulfedora/api.py", line 256, in listDatastreams
    params=self.format_xml)
  File "/Users/azotov/VirtualEnv/open-emory/lib/python2.7/site-packages/eulfedora/api.py", line 134, in get
    return self._make_request(self.session.get, *args, **kwargs)
  File "/Users/azotov/VirtualEnv/open-emory/lib/python2.7/site-packages/eulfedora/api.py", line 120, in _make_request
    raise PermissionDenied(response)
'401 \n-------------------- >> begin captured logging << --------------------\neulfedora.server: DEBUG: Connecting to fedora at https://libfedqa1.library.emory.edu:8443/fedora/ as fedoraAdmin\npidservices.clients: DEBUG: Request: POST https://testpid.library.emory.edu/ark/ {\'Content-Length\': 3, \'Content-type\': \'application/x-www-form-urlencoded\', \'Accept\': \'text/plain\'} <![BODY[{\'domain\': \'http://testpid.library.emory.edu/domains/34/\', \'name\': \'A very scholarly article\', \'target_uri\': u\'http://example.com/publications/oe-zo-test:{%PID%}/\'}]]>]]&gt;<![CDATA[\nrequests.packages.urllib3.connectionpool: DEBUG: "POST /ark/ HTTP/1.1" 201 None\nrequests.packages.urllib3.connectionpool: DEBUG: "POST /fedora/upload HTTP/1.1" 202 17\neulfedora.api: DEBUG: POST upload=>202: 0.018661 sec\nrequests.packages.urllib3.connectionpool: DEBUG: "POST /fedora/upload HTTP/1.1" 202 17\neulfedora.api: DEBUG: POST upload=>202: 0.017439 sec\nrequests.packages.urllib3.connectionpool: DEBUG: "POST /fedora/upload HTTP/1.1" 202 17\neulfedora.api: DEBUG: POST upload=>202: 0.018261 sec\nrequests.packages.urllib3.connectionpool: DEBUG: "POST /fedora/upload HTTP/1.1" 202 17\neulfedora.api: DEBUG: POST upload=>202: 0.017522 sec\nrequests.packages.urllib3.connectionpool: DEBUG: "POST /fedora/objects/new HTTP/1.1" 201 16\neulfedora.api: DEBUG: POST objects/new=>201: 0.472990 sec\ntracking.middleware: DEBUG: Created a new visitor: {\'session_key\': u\'127.0.0.1:\', \'ip_address\': \'127.0.0.1\'}\neulfedora.server: DEBUG: Connecting to fedora at https://libfedqa1.library.emory.edu:8443/fedora/ as guest\nrequests.packages.urllib3.connectionpool: DEBUG: "GET /fedora/objects/oe-zo-test:r3w9w/datastreams?format=xml HTTP/1.1" 401 0\neulfedora.api: DEBUG: GET objects/oe-zo-test:r3w9w/datastreams=>401: 0.047292 sec\nopenemory.publication.models: ERROR: Failed to determine number of pages for oe-zo-test:r3w9w : 401 \nrequests.packages.urllib3.connectionpool: DEBUG: "GET /fedora/objects/oe-zo-test:r3w9w/datastreams?format=xml HTTP/1.1" 401 0\neulfedora.api: DEBUG: GET objects/oe-zo-test:r3w9w/datastreams=>401: 0.031636 sec\ndjango.request: ERROR: Internal Server Error: /profiles/jolson/\nTraceback (most recent call last):\n  File "/Users/azotov/VirtualEnv/open-emory/lib/python2.7/site-packages/django/core/handlers/base.py", line 113, in get_response\n    response = callback(request, *callback_args, **callback_kwargs)\n  File "/Users/azotov/VirtualEnv/open-emory/lib/python2.7/site-packages/eulcommon/djangoextras/http/decorators.py", line 86, in _wrapped\n    response = formats[content_type](request, *args, **kwargs)\n  File "/Users/azotov/OpenEmory/openemory/accounts/views.py", line 211, in rdf_profile\n    rdf += obj.as_rdf(node=obj_node)\n  File "/Users/azotov/OpenEmory/openemory/publication/models.py", line 1484, in as_rdf\n    pmcid = self.pmcid\n  File "/Users/azotov/OpenEmory/openemory/publication/models.py", line 1678, in pmcid\n    for id in self.dc.content.identifier_list:\n  File "/Users/azotov/VirtualEnv/open-emory/lib/python2.7/site-packages/eulfedora/models.py", line 507, in __get__\n    obj.dscache[self.id] = self._datastreamClass(obj, self.id, self.label, **self.datastream_args)\n  File "/Users/azotov/VirtualEnv/open-emory/lib/python2.7/site-packages/eulfedora/models.py", line 541, in __init__\n    super(XmlDatastreamObject, self).__init__(obj, id, label, **kwargs)\n  File "/Users/azotov/VirtualEnv/open-emory/lib/python2.7/site-packages/eulfedora/models.py", line 109, in __init__\n    if id in self.obj.ds_list:\n  File "/Users/azotov/VirtualEnv/open-emory/lib/python2.7/site-packages/eulfedora/models.py", line 1801, in ds_list\n    self._ds_list = self._get_datastreams()\n  File "/Users/azotov/VirtualEnv/open-emory/lib/python2.7/site-packages/eulfedora/models.py", line 1785, in _get_datastreams\n    r = self.api.listDatastreams(self.pid)\n  File "/Users/azotov/VirtualEnv/open-emory/lib/python2.7/site-packages/eulfedora/api.py", line 256, in listDatastreams\n    params=self.format_xml)\n  File "/Users/azotov/VirtualEnv/open-emory/lib/python2.7/site-packages/eulfedora/api.py", line 134, in get\n    return self._make_request(self.session.get, *args, **kwargs)\n  File "/Users/azotov/VirtualEnv/open-emory/lib/python2.7/site-packages/eulfedora/api.py", line 120, in _make_request\n    raise PermissionDenied(response)\nPermissionDenied: 401 \nrequests.packages.urllib3.connectionpool: DEBUG: "DELETE /fedora/objects/oe-zo-test:r3w9w HTTP/1.1" 200 24\neulfedora.api: DEBUG: DELETE objects/oe-zo-test:r3w9w=>200: 0.228292 sec\n--------------------- >> end captured logging << ---------------------']]></error></testcase><testcase classname="openemory.accounts.tests.AccountViewsTest" name="test_profiles_by_interest" time="1.537"></testcase><testcase classname="openemory.accounts.tests.AccountViewsTest" name="test_public_profile_docs" time="1.329"><error type="exceptions.AttributeError" message="assert_called_once&#10;-------------------- &gt;&gt; begin captured logging &lt;&lt; --------------------&#10;eulfedora.server: DEBUG: Connecting to fedora at https://libfedqa1.library.emory.edu:8443/fedora/ as fedoraAdmin&#10;pidservices.clients: DEBUG: Request: POST https://testpid.library.emory.edu/ark/ {'Content-Length': 3, 'Content-type': 'application/x-www-form-urlencoded', 'Accept': 'text/plain'} &lt;![BODY[{'domain': 'http://testpid.library.emory.edu/domains/34/', 'name': 'A very scholarly article', 'target_uri': u'http://example.com/publications/oe-zo-test:{%PID%}/'}]]&gt;&#10;requests.packages.urllib3.connectionpool: DEBUG: &quot;POST /ark/ HTTP/1.1&quot; 201 None&#10;requests.packages.urllib3.connectionpool: DEBUG: &quot;POST /fedora/upload HTTP/1.1&quot; 202 17&#10;eulfedora.api: DEBUG: POST upload=&gt;202: 0.020149 sec&#10;requests.packages.urllib3.connectionpool: DEBUG: &quot;POST /fedora/upload HTTP/1.1&quot; 202 17&#10;eulfedora.api: DEBUG: POST upload=&gt;202: 0.016960 sec&#10;requests.packages.urllib3.connectionpool: DEBUG: &quot;POST /fedora/upload HTTP/1.1&quot; 202 17&#10;eulfedora.api: DEBUG: POST upload=&gt;202: 0.019410 sec&#10;requests.packages.urllib3.connectionpool: DEBUG: &quot;POST /fedora/upload HTTP/1.1&quot; 202 17&#10;eulfedora.api: DEBUG: POST upload=&gt;202: 0.017971 sec&#10;requests.packages.urllib3.connectionpool: DEBUG: &quot;POST /fedora/objects/new HTTP/1.1&quot; 201 16&#10;eulfedora.api: DEBUG: POST objects/new=&gt;201: 0.526311 sec&#10;tracking.middleware: DEBUG: Created a new visitor: {'session_key': u'127.0.0.1:', 'ip_address': '127.0.0.1'}&#10;requests.packages.urllib3.connectionpool: DEBUG: &quot;DELETE /fedora/objects/oe-zo-test:r3wc5 HTTP/1.1&quot; 200 24&#10;eulfedora.api: DEBUG: DELETE objects/oe-zo-test:r3wc5=&gt;200: 0.251461 sec&#10;--------------------- &gt;&gt; end captured logging &lt;&lt; ---------------------"><![CDATA[  File "/Users/azotov/VirtualEnv/open-emory/lib/python2.7/site-packages/unittest2/case.py", line 67, in testPartExecutor
    yield
  File "/Users/azotov/VirtualEnv/open-emory/lib/python2.7/site-packages/unittest2/case.py", line 625, in run
    testMethod()
  File "/Users/azotov/VirtualEnv/open-emory/lib/python2.7/site-packages/mock/mock.py", line 1305, in patched
    return func(*args, **keywargs)
  File "/Users/azotov/OpenEmory/openemory/accounts/tests.py", line 601, in test_public_profile_docs
    mockprofile.recent_articles.assert_called_once()
  File "/Users/azotov/VirtualEnv/open-emory/lib/python2.7/site-packages/mock/mock.py", line 721, in __getattr__
    raise AttributeError(name)
'assert_called_once\n-------------------- >> begin captured logging << --------------------\neulfedora.server: DEBUG: Connecting to fedora at https://libfedqa1.library.emory.edu:8443/fedora/ as fedoraAdmin\npidservices.clients: DEBUG: Request: POST https://testpid.library.emory.edu/ark/ {\'Content-Length\': 3, \'Content-type\': \'application/x-www-form-urlencoded\', \'Accept\': \'text/plain\'} <![BODY[{\'domain\': \'http://testpid.library.emory.edu/domains/34/\', \'name\': \'A very scholarly article\', \'target_uri\': u\'http://example.com/publications/oe-zo-test:{%PID%}/\'}]]>]]&gt;<![CDATA[\nrequests.packages.urllib3.connectionpool: DEBUG: "POST /ark/ HTTP/1.1" 201 None\nrequests.packages.urllib3.connectionpool: DEBUG: "POST /fedora/upload HTTP/1.1" 202 17\neulfedora.api: DEBUG: POST upload=>202: 0.020149 sec\nrequests.packages.urllib3.connectionpool: DEBUG: "POST /fedora/upload HTTP/1.1" 202 17\neulfedora.api: DEBUG: POST upload=>202: 0.016960 sec\nrequests.packages.urllib3.connectionpool: DEBUG: "POST /fedora/upload HTTP/1.1" 202 17\neulfedora.api: DEBUG: POST upload=>202: 0.019410 sec\nrequests.packages.urllib3.connectionpool: DEBUG: "POST /fedora/upload HTTP/1.1" 202 17\neulfedora.api: DEBUG: POST upload=>202: 0.017971 sec\nrequests.packages.urllib3.connectionpool: DEBUG: "POST /fedora/objects/new HTTP/1.1" 201 16\neulfedora.api: DEBUG: POST objects/new=>201: 0.526311 sec\ntracking.middleware: DEBUG: Created a new visitor: {\'session_key\': u\'127.0.0.1:\', \'ip_address\': \'127.0.0.1\'}\nrequests.packages.urllib3.connectionpool: DEBUG: "DELETE /fedora/objects/oe-zo-test:r3wc5 HTTP/1.1" 200 24\neulfedora.api: DEBUG: DELETE objects/oe-zo-test:r3wc5=>200: 0.251461 sec\n--------------------- >> end captured logging << ---------------------']]></error></testcase><testcase classname="openemory.accounts.tests.AccountViewsTest" name="test_public_profile_info" time="1.634"></testcase><testcase classname="openemory.accounts.tests.AccountViewsTest" name="test_statistics_processor" time="1.429"></testcase><testcase classname="openemory.accounts.tests.AccountViewsTest" name="test_tag_autocomplete" time="1.738"></testcase><testcase classname="openemory.accounts.tests.AccountViewsTest" name="test_tag_object_GET" time="1.450"></testcase><testcase classname="openemory.accounts.tests.AccountViewsTest" name="test_tag_object_PUT" time="1.617"></testcase><testcase classname="openemory.accounts.tests.AccountViewsTest" name="test_tag_profile_GET" time="1.459"></testcase><testcase classname="openemory.accounts.tests.AccountViewsTest" name="test_tag_profile_POST" time="1.649"></testcase><testcase classname="openemory.accounts.tests.AccountViewsTest" name="test_tag_profile_PUT" time="1.486"></testcase><testcase classname="openemory.accounts.tests.AccountViewsTest" name="test_tagged_items" time="1.739"><failure type="exceptions.AssertionError" message="False is not true : response includes total number of articles: Couldn't find '2 articles' in response&#10;-------------------- &gt;&gt; begin captured logging &lt;&lt; --------------------&#10;eulfedora.server: DEBUG: Connecting to fedora at https://libfedqa1.library.emory.edu:8443/fedora/ as fedoraAdmin&#10;pidservices.clients: DEBUG: Request: POST https://testpid.library.emory.edu/ark/ {'Content-Length': 3, 'Content-type': 'application/x-www-form-urlencoded', 'Accept': 'text/plain'} &lt;![BODY[{'domain': 'http://testpid.library.emory.edu/domains/34/', 'name': 'A very scholarly article', 'target_uri': u'http://example.com/publications/oe-zo-test:{%PID%}/'}]]&gt;&#10;requests.packages.urllib3.connectionpool: DEBUG: &quot;POST /ark/ HTTP/1.1&quot; 201 None&#10;requests.packages.urllib3.connectionpool: DEBUG: &quot;POST /fedora/upload HTTP/1.1&quot; 202 17&#10;eulfedora.api: DEBUG: POST upload=&gt;202: 0.023876 sec&#10;requests.packages.urllib3.connectionpool: DEBUG: &quot;POST /fedora/upload HTTP/1.1&quot; 202 17&#10;eulfedora.api: DEBUG: POST upload=&gt;202: 0.018680 sec&#10;requests.packages.urllib3.connectionpool: DEBUG: &quot;POST /fedora/upload HTTP/1.1&quot; 202 17&#10;eulfedora.api: DEBUG: POST upload=&gt;202: 0.019193 sec&#10;requests.packages.urllib3.connectionpool: DEBUG: &quot;POST /fedora/upload HTTP/1.1&quot; 202 17&#10;eulfedora.api: DEBUG: POST upload=&gt;202: 0.017791 sec&#10;requests.packages.urllib3.connectionpool: DEBUG: &quot;POST /fedora/objects/new HTTP/1.1&quot; 201 16&#10;eulfedora.api: DEBUG: POST objects/new=&gt;201: 0.539625 sec&#10;tracking.middleware: DEBUG: Created a new visitor: {'session_key': u'127.0.0.1:', 'ip_address': '127.0.0.1'}&#10;tracking.middleware: DEBUG: Using existing visitor for IP 127.0.0.1 / UA : 23&#10;requests.packages.urllib3.connectionpool: DEBUG: &quot;DELETE /fedora/objects/oe-zo-test:r3wpd HTTP/1.1&quot; 200 24&#10;eulfedora.api: DEBUG: DELETE objects/oe-zo-test:r3wpd=&gt;200: 0.477271 sec&#10;--------------------- &gt;&gt; end captured logging &lt;&lt; ---------------------"><![CDATA[  File "/Users/azotov/VirtualEnv/open-emory/lib/python2.7/site-packages/unittest2/case.py", line 67, in testPartExecutor
    yield
  File "/Users/azotov/VirtualEnv/open-emory/lib/python2.7/site-packages/unittest2/case.py", line 625, in run
    testMethod()
  File "/Users/azotov/VirtualEnv/open-emory/lib/python2.7/site-packages/mock/mock.py", line 1305, in patched
    return func(*args, **keywargs)
  File "/Users/azotov/OpenEmory/openemory/accounts/tests.py", line 1762, in test_tagged_items
    msg_prefix='response includes total number of articles')
  File "/Users/azotov/VirtualEnv/open-emory/lib/python2.7/site-packages/django/test/testcases.py", line 664, in assertContains
    msg_prefix + "Couldn't find %s in response" % text_repr)
  File "/Users/azotov/VirtualEnv/open-emory/lib/python2.7/site-packages/unittest2/case.py", line 702, in assertTrue
    raise self.failureException(msg)
'False is not true : response includes total number of articles: Couldn\'t find \'2 articles\' in response\n-------------------- >> begin captured logging << --------------------\neulfedora.server: DEBUG: Connecting to fedora at https://libfedqa1.library.emory.edu:8443/fedora/ as fedoraAdmin\npidservices.clients: DEBUG: Request: POST https://testpid.library.emory.edu/ark/ {\'Content-Length\': 3, \'Content-type\': \'application/x-www-form-urlencoded\', \'Accept\': \'text/plain\'} <![BODY[{\'domain\': \'http://testpid.library.emory.edu/domains/34/\', \'name\': \'A very scholarly article\', \'target_uri\': u\'http://example.com/publications/oe-zo-test:{%PID%}/\'}]]>]]&gt;<![CDATA[\nrequests.packages.urllib3.connectionpool: DEBUG: "POST /ark/ HTTP/1.1" 201 None\nrequests.packages.urllib3.connectionpool: DEBUG: "POST /fedora/upload HTTP/1.1" 202 17\neulfedora.api: DEBUG: POST upload=>202: 0.023876 sec\nrequests.packages.urllib3.connectionpool: DEBUG: "POST /fedora/upload HTTP/1.1" 202 17\neulfedora.api: DEBUG: POST upload=>202: 0.018680 sec\nrequests.packages.urllib3.connectionpool: DEBUG: "POST /fedora/upload HTTP/1.1" 202 17\neulfedora.api: DEBUG: POST upload=>202: 0.019193 sec\nrequests.packages.urllib3.connectionpool: DEBUG: "POST /fedora/upload HTTP/1.1" 202 17\neulfedora.api: DEBUG: POST upload=>202: 0.017791 sec\nrequests.packages.urllib3.connectionpool: DEBUG: "POST /fedora/objects/new HTTP/1.1" 201 16\neulfedora.api: DEBUG: POST objects/new=>201: 0.539625 sec\ntracking.middleware: DEBUG: Created a new visitor: {\'session_key\': u\'127.0.0.1:\', \'ip_address\': \'127.0.0.1\'}\ntracking.middleware: DEBUG: Using existing visitor for IP 127.0.0.1 / UA : 23\nrequests.packages.urllib3.connectionpool: DEBUG: "DELETE /fedora/objects/oe-zo-test:r3wpd HTTP/1.1" 200 24\neulfedora.api: DEBUG: DELETE objects/oe-zo-test:r3wpd=>200: 0.477271 sec\n--------------------- >> end captured logging << ---------------------']]></failure></testcase><testcase classname="openemory.accounts.tests.AccountViewsTest" name="test_tags_in_sidebar" time="0.000"><skipped type="unittest.case.SkipTest" message="tags do not appear in contracted design"><![CDATA[SkipTest: tags do not appear in contracted design
]]></skipped></testcase><testcase classname="openemory.accounts.tests.AccountViewsTest" name="test_view_department" time="1.411"></testcase><testcase classname="openemory.accounts.tests.ArticlesByTagTest" name="test_articles_by_tag" time="0.029"></testcase><testcase classname="openemory.accounts.tests.ArticlesByTagTest" name="test_pids_by_tag" time="0.026"></testcase><testcase classname="openemory.accounts.tests.EsdPersonTest" name="test_first_name" time="0.211"></testcase><testcase classname="openemory.accounts.tests.EsdPersonTest" name="test_index_data" time="0.204"></testcase><testcase classname="openemory.accounts.tests.FacultyOrLocalAdminBackendTest" name="test_authenticate_esd_faculty" time="0.214"></testcase><testcase classname="openemory.accounts.tests.FacultyOrLocalAdminBackendTest" name="test_authenticate_local" time="0.213"></testcase><testcase classname="openemory.accounts.tests.LoginRequiredTest" name="test_anonymous" time="0.172"></testcase><testcase classname="openemory.accounts.tests.LoginRequiredTest" name="test_logged_in" time="0.137"></testcase><testcase classname="openemory.accounts.tests.LoginRequiredTest" name="test_wraps" time="0.138"></testcase><testcase classname="openemory.accounts.tests.PermissionRequiredTest" name="test_anonymous" time="0.159"></testcase><testcase classname="openemory.accounts.tests.PermissionRequiredTest" name="test_logged_in_allowed" time="0.137"></testcase><testcase classname="openemory.accounts.tests.PermissionRequiredTest" name="test_logged_in_notallowed" time="0.183"></testcase><testcase classname="openemory.accounts.tests.PermissionRequiredTest" name="test_wraps" time="0.138"></testcase><testcase classname="openemory.accounts.tests.ResarchersByInterestTestCase" name="test_researchers_by_interest" time="0.049"></testcase><testcase classname="openemory.accounts.tests.TagsTemplateFilterTest" name="test_anonymous" time="0.134"></testcase><testcase classname="openemory.accounts.tests.TagsTemplateFilterTest" name="test_bookmark" time="0.158"></testcase><testcase classname="openemory.accounts.tests.TagsTemplateFilterTest" name="test_no_bookmark" time="0.132"></testcase><testcase classname="openemory.accounts.tests.TagsTemplateFilterTest" name="test_no_pid" time="0.133"></testcase><testcase classname="openemory.accounts.tests.UserProfileTest" name="test_esd_data" time="0.217"></testcase><testcase classname="openemory.accounts.tests.UserProfileTest" name="test_find_articles" time="0.209"></testcase><testcase classname="openemory.accounts.tests.UserProfileTest" name="test_has_profile_page" time="0.218"></testcase><testcase classname="openemory.accounts.tests.UserProfileTest" name="test_recent_articles" time="0.204"><error type="exceptions.AttributeError" message="assert_called_once"><![CDATA[Traceback (most recent call last):
  File "/Users/azotov/VirtualEnv/open-emory/lib/python2.7/site-packages/unittest2/case.py", line 67, in testPartExecutor
    yield
  File "/Users/azotov/VirtualEnv/open-emory/lib/python2.7/site-packages/unittest2/case.py", line 625, in run
    testMethod()
  File "/Users/azotov/VirtualEnv/open-emory/lib/python2.7/site-packages/mock/mock.py", line 1305, in patched
    return func(*args, **keywargs)
  File "/Users/azotov/OpenEmory/openemory/accounts/tests.py", line 2092, in test_recent_articles
    self.mocksolr.query.execute.assert_called_once()
  File "/Users/azotov/VirtualEnv/open-emory/lib/python2.7/site-packages/mock/mock.py", line 721, in __getattr__
    raise AttributeError(name)
AttributeError: assert_called_once
]]></error></testcase><testcase classname="openemory.accounts.tests.UserProfileTest" name="test_suppress_esd_data" time="0.216"></testcase><testcase classname="openemory.accounts.tests.UserProfileTest" name="test_unpublished_articles" time="0.204"><error type="exceptions.AttributeError" message="assert_called_once"><![CDATA[Traceback (most recent call last):
  File "/Users/azotov/VirtualEnv/open-emory/lib/python2.7/site-packages/unittest2/case.py", line 67, in testPartExecutor
    yield
  File "/Users/azotov/VirtualEnv/open-emory/lib/python2.7/site-packages/unittest2/case.py", line 625, in run
    testMethod()
  File "/Users/azotov/VirtualEnv/open-emory/lib/python2.7/site-packages/mock/mock.py", line 1305, in patched
    return func(*args, **keywargs)
  File "/Users/azotov/OpenEmory/openemory/accounts/tests.py", line 2099, in test_unpublished_articles
    self.mocksolr.query.execute.assert_called_once()
  File "/Users/azotov/VirtualEnv/open-emory/lib/python2.7/site-packages/mock/mock.py", line 721, in __getattr__
    raise AttributeError(name)
AttributeError: assert_called_once
]]></error></testcase><testcase classname="openemory.common.tests.DigitalObjectTests" name="test_absolutize_url" time="0.002"></testcase><testcase classname="openemory.common.tests.DigitalObjectTests" name="test_get_default_pid" time="0.003"></testcase><testcase classname="openemory.common.tests.DigitalObjectTests" name="test_noid" time="0.000"></testcase><testcase classname="openemory.common.tests.RomeoTests" name="test_search_journal_issn_no_publisher" time="0.001"><error type="exceptions.AttributeError" message="assert_called_once"><![CDATA[Traceback (most recent call last):
  File "/Users/azotov/VirtualEnv/open-emory/lib/python2.7/site-packages/unittest2/case.py", line 67, in testPartExecutor
    yield
  File "/Users/azotov/VirtualEnv/open-emory/lib/python2.7/site-packages/unittest2/case.py", line 625, in run
    testMethod()
  File "/Users/azotov/VirtualEnv/open-emory/lib/python2.7/site-packages/mock/mock.py", line 1305, in patched
    return func(*args, **keywargs)
  File "/Users/azotov/OpenEmory/openemory/common/tests.py", line 228, in test_search_journal_issn_no_publisher
    mock_urlopen.assert_called_once()
  File "/Users/azotov/VirtualEnv/open-emory/lib/python2.7/site-packages/mock/mock.py", line 721, in __getattr__
    raise AttributeError(name)
AttributeError: assert_called_once
]]></error></testcase><testcase classname="openemory.common.tests.RomeoTests" name="test_search_journal_issn_with_journal" time="0.002"><error type="exceptions.AttributeError" message="assert_called_once"><![CDATA[Traceback (most recent call last):
  File "/Users/azotov/VirtualEnv/open-emory/lib/python2.7/site-packages/unittest2/case.py", line 67, in testPartExecutor
    yield
  File "/Users/azotov/VirtualEnv/open-emory/lib/python2.7/site-packages/unittest2/case.py", line 625, in run
    testMethod()
  File "/Users/azotov/VirtualEnv/open-emory/lib/python2.7/site-packages/mock/mock.py", line 1305, in patched
    return func(*args, **keywargs)
  File "/Users/azotov/OpenEmory/openemory/common/tests.py", line 203, in test_search_journal_issn_with_journal
    mock_urlopen.assert_called_once()
  File "/Users/azotov/VirtualEnv/open-emory/lib/python2.7/site-packages/mock/mock.py", line 721, in __getattr__
    raise AttributeError(name)
AttributeError: assert_called_once
]]></error></testcase><testcase classname="openemory.common.tests.RomeoTests" name="test_search_journal_title_multiple_example" time="0.002"><error type="exceptions.AttributeError" message="assert_called_once"><![CDATA[Traceback (most recent call last):
  File "/Users/azotov/VirtualEnv/open-emory/lib/python2.7/site-packages/unittest2/case.py", line 67, in testPartExecutor
    yield
  File "/Users/azotov/VirtualEnv/open-emory/lib/python2.7/site-packages/unittest2/case.py", line 625, in run
    testMethod()
  File "/Users/azotov/VirtualEnv/open-emory/lib/python2.7/site-packages/mock/mock.py", line 1305, in patched
    return func(*args, **keywargs)
  File "/Users/azotov/OpenEmory/openemory/common/tests.py", line 155, in test_search_journal_title_multiple_example
    mock_urlopen.assert_called_once()
  File "/Users/azotov/VirtualEnv/open-emory/lib/python2.7/site-packages/mock/mock.py", line 721, in __getattr__
    raise AttributeError(name)
AttributeError: assert_called_once
]]></error></testcase><testcase classname="openemory.common.tests.RomeoTests" name="test_search_journal_title_no_match" time="0.003"><error type="exceptions.AttributeError" message="assert_called_once"><![CDATA[Traceback (most recent call last):
  File "/Users/azotov/VirtualEnv/open-emory/lib/python2.7/site-packages/unittest2/case.py", line 67, in testPartExecutor
    yield
  File "/Users/azotov/VirtualEnv/open-emory/lib/python2.7/site-packages/unittest2/case.py", line 625, in run
    testMethod()
  File "/Users/azotov/VirtualEnv/open-emory/lib/python2.7/site-packages/mock/mock.py", line 1305, in patched
    return func(*args, **keywargs)
  File "/Users/azotov/OpenEmory/openemory/common/tests.py", line 248, in test_search_journal_title_no_match
    mock_urlopen.assert_called_once()
  File "/Users/azotov/VirtualEnv/open-emory/lib/python2.7/site-packages/mock/mock.py", line 721, in __getattr__
    raise AttributeError(name)
AttributeError: assert_called_once
]]></error></testcase><testcase classname="openemory.common.tests.RomeoTests" name="test_search_journal_title_single_example" time="0.002"><error type="exceptions.AttributeError" message="assert_called_once"><![CDATA[Traceback (most recent call last):
  File "/Users/azotov/VirtualEnv/open-emory/lib/python2.7/site-packages/unittest2/case.py", line 67, in testPartExecutor
    yield
  File "/Users/azotov/VirtualEnv/open-emory/lib/python2.7/site-packages/unittest2/case.py", line 625, in run
    testMethod()
  File "/Users/azotov/VirtualEnv/open-emory/lib/python2.7/site-packages/mock/mock.py", line 1305, in patched
    return func(*args, **keywargs)
  File "/Users/azotov/OpenEmory/openemory/common/tests.py", line 180, in test_search_journal_title_single_example
    mock_urlopen.assert_called_once()
  File "/Users/azotov/VirtualEnv/open-emory/lib/python2.7/site-packages/mock/mock.py", line 721, in __getattr__
    raise AttributeError(name)
AttributeError: assert_called_once
]]></error></testcase><testcase classname="openemory.common.tests.RomeoTests" name="test_search_publisher_id_example" time="0.001"><error type="exceptions.AttributeError" message="assert_called_once"><![CDATA[Traceback (most recent call last):
  File "/Users/azotov/VirtualEnv/open-emory/lib/python2.7/site-packages/unittest2/case.py", line 67, in testPartExecutor
    yield
  File "/Users/azotov/VirtualEnv/open-emory/lib/python2.7/site-packages/unittest2/case.py", line 625, in run
    testMethod()
  File "/Users/azotov/VirtualEnv/open-emory/lib/python2.7/site-packages/mock/mock.py", line 1305, in patched
    return func(*args, **keywargs)
  File "/Users/azotov/OpenEmory/openemory/common/tests.py", line 134, in test_search_publisher_id_example
    mock_urlopen.assert_called_once()
  File "/Users/azotov/VirtualEnv/open-emory/lib/python2.7/site-packages/mock/mock.py", line 721, in __getattr__
    raise AttributeError(name)
AttributeError: assert_called_once
]]></error></testcase><testcase classname="openemory.common.tests.RomeoTests" name="test_search_publisher_name_example" time="0.001"><error type="exceptions.AttributeError" message="assert_called_once"><![CDATA[Traceback (most recent call last):
  File "/Users/azotov/VirtualEnv/open-emory/lib/python2.7/site-packages/unittest2/case.py", line 67, in testPartExecutor
    yield
  File "/Users/azotov/VirtualEnv/open-emory/lib/python2.7/site-packages/unittest2/case.py", line 625, in run
    testMethod()
  File "/Users/azotov/VirtualEnv/open-emory/lib/python2.7/site-packages/mock/mock.py", line 1305, in patched
    return func(*args, **keywargs)
  File "/Users/azotov/OpenEmory/openemory/common/tests.py", line 94, in test_search_publisher_name_example
    mock_urlopen.assert_called_once()
  File "/Users/azotov/VirtualEnv/open-emory/lib/python2.7/site-packages/mock/mock.py", line 721, in __getattr__
    raise AttributeError(name)
AttributeError: assert_called_once
]]></error></testcase><testcase classname="openemory.publication.tests.ArticleModsForm" name="test__license_desc" time="3.414"><failure type="exceptions.AssertionError" message="'distribution of derivative works' not found in u'This is an Open Access work distributed under the terms of the Creative Commons Attribution 3.0 Unported License (http://creativecommons.org/licenses/by/3.0/).'&#10;-------------------- &gt;&gt; begin captured logging &lt;&lt; --------------------&#10;py.warnings: WARNING: /Users/azotov/VirtualEnv/open-emory/lib/python2.7/site-packages/eulxml/xmlmap/core.py:98: UserWarning: Loading schema http://www.loc.gov/standards/mods/v3/mods-3-4.xsd without a web proxy may introduce significant network resource usage as well as instability if that server becomes inaccessible. The HTTP_PROXY environment variable is required for loading schemas.  Schema validation will be disabled.&#10;  warnings.warn(message, UserWarning)&#10;&#10;rdflib.plugins.parsers.pyRdfa: INFO: Current options:&#10;&#9;&#9;preserve space                         : True&#10;&#9;&#9;output processor graph                 : True&#10;&#9;&#9;output default graph                   : True&#10;&#9;&#9;host language                          : HTML5+RDFa&#10;&#9;&#9;accept embedded RDF                    : False&#10;&#9;&#9;check rdfa lite                        : False&#10;&#9;&#9;cache vocabulary graphs                : False&#10;&#9;&#9;&#10;rdflib.plugins.parsers.pyRdfa: INFO: Current options:&#10;&#9;&#9;preserve space                         : True&#10;&#9;&#9;output processor graph                 : True&#10;&#9;&#9;output default graph                   : True&#10;&#9;&#9;host language                          : HTML5+RDFa&#10;&#9;&#9;accept embedded RDF                    : False&#10;&#9;&#9;check rdfa lite                        : False&#10;&#9;&#9;cache vocabulary graphs                : False&#10;&#9;&#9;&#10;--------------------- &gt;&gt; end captured logging &lt;&lt; ---------------------"><![CDATA[  File "/Users/azotov/VirtualEnv/open-emory/lib/python2.7/site-packages/unittest2/case.py", line 67, in testPartExecutor
    yield
  File "/Users/azotov/VirtualEnv/open-emory/lib/python2.7/site-packages/unittest2/case.py", line 625, in run
    testMethod()
  File "/Users/azotov/OpenEmory/openemory/publication/tests.py", line 3817, in test__license_desc
    self.assertIn('distribution of derivative works', result)
  File "/Users/azotov/VirtualEnv/open-emory/lib/python2.7/site-packages/unittest2/case.py", line 1097, in assertIn
    self.fail(self._formatMessage(msg, standardMsg))
  File "/Users/azotov/VirtualEnv/open-emory/lib/python2.7/site-packages/unittest2/case.py", line 690, in fail
    raise self.failureException(msg)
"'distribution of derivative works' not found in u'This is an Open Access work distributed under the terms of the Creative Commons Attribution 3.0 Unported License (http://creativecommons.org/licenses/by/3.0/).'\n-------------------- >> begin captured logging << --------------------\npy.warnings: WARNING: /Users/azotov/VirtualEnv/open-emory/lib/python2.7/site-packages/eulxml/xmlmap/core.py:98: UserWarning: Loading schema http://www.loc.gov/standards/mods/v3/mods-3-4.xsd without a web proxy may introduce significant network resource usage as well as instability if that server becomes inaccessible. The HTTP_PROXY environment variable is required for loading schemas.  Schema validation will be disabled.\n  warnings.warn(message, UserWarning)\n\nrdflib.plugins.parsers.pyRdfa: INFO: Current options:\n\t\tpreserve space                         : True\n\t\toutput processor graph                 : True\n\t\toutput default graph                   : True\n\t\thost language                          : HTML5+RDFa\n\t\taccept embedded RDF                    : False\n\t\tcheck rdfa lite                        : False\n\t\tcache vocabulary graphs                : False\n\t\t\nrdflib.plugins.parsers.pyRdfa: INFO: Current options:\n\t\tpreserve space                         : True\n\t\toutput processor graph                 : True\n\t\toutput default graph                   : True\n\t\thost language                          : HTML5+RDFa\n\t\taccept embedded RDF                    : False\n\t\tcheck rdfa lite                        : False\n\t\tcache vocabulary graphs                : False\n\t\t\n--------------------- >> end captured logging << ---------------------"]]></failure></testcase><testcase classname="openemory.publication.tests.ArticleModsTest" name="test_access_fields" time="0.002"></testcase><testcase classname="openemory.publication.tests.ArticleModsTest" name="test_author_name" time="0.002"></testcase><testcase classname="openemory.publication.tests.ArticleModsTest" name="test_author_note" time="0.001"></testcase><testcase classname="openemory.publication.tests.ArticleModsTest" name="test_calculate_embargo_end" time="0.002"><error type="exceptions.AttributeError" message="'NoneType' object has no attribute 'split'"><![CDATA[Traceback (most recent call last):
  File "/Users/azotov/VirtualEnv/open-emory/lib/python2.7/site-packages/unittest2/case.py", line 67, in testPartExecutor
    yield
  File "/Users/azotov/VirtualEnv/open-emory/lib/python2.7/site-packages/unittest2/case.py", line 625, in run
    testMethod()
  File "/Users/azotov/OpenEmory/openemory/publication/tests.py", line 3415, in test_calculate_embargo_end
    mymods.calculate_embargo_end()
  File "/Users/azotov/OpenEmory/openemory/publication/models.py", line 471, in calculate_embargo_end
    date_parts = self.publication_date.split('-')
AttributeError: 'NoneType' object has no attribute 'split'
]]></error></testcase><testcase classname="openemory.publication.tests.ArticleModsTest" name="test_create_mods_from_scratch" time="0.007"></testcase><testcase classname="openemory.publication.tests.ArticleModsTest" name="test_embargo" time="0.001"></testcase><testcase classname="openemory.publication.tests.ArticleModsTest" name="test_final_version" time="0.002"></testcase><testcase classname="openemory.publication.tests.ArticleModsTest" name="test_funding_group" time="0.002"></testcase><testcase classname="openemory.publication.tests.ArticleModsTest" name="test_keyword" time="0.000"></testcase><testcase classname="openemory.publication.tests.ArticleModsTest" name="test_publication_date" time="0.001"></testcase><testcase classname="openemory.publication.tests.ArticleModsTest" name="test_relateditem_isempty" time="0.005"></testcase><testcase classname="openemory.publication.tests.ArticleModsTest" name="test_researchfield" time="0.001"></testcase><testcase classname="openemory.publication.tests.ArticleModsTest" name="test_supplementalMaterial" time="0.001"></testcase><testcase classname="openemory.publication.tests.ArticlePremisTest" name="test_init_object" time="0.001"></testcase><testcase classname="openemory.publication.tests.ArticlePremisTest" name="test_premis_event" time="0.003"><error type="exceptions.Exception" message="No XSD schema is defined, cannot validate document&#10;-------------------- &gt;&gt; begin captured logging &lt;&lt; --------------------&#10;py.warnings: WARNING: /Users/azotov/VirtualEnv/open-emory/lib/python2.7/site-packages/eulxml/xmlmap/core.py:98: UserWarning: Loading schema http://www.loc.gov/standards/premis/v2/premis-v2-1.xsd without a web proxy may introduce significant network resource usage as well as instability if that server becomes inaccessible. The HTTP_PROXY environment variable is required for loading schemas.  Schema validation will be disabled.&#10;  warnings.warn(message, UserWarning)&#10;&#10;--------------------- &gt;&gt; end captured logging &lt;&lt; ---------------------"><![CDATA[  File "/Users/azotov/VirtualEnv/open-emory/lib/python2.7/site-packages/unittest2/case.py", line 67, in testPartExecutor
    yield
  File "/Users/azotov/VirtualEnv/open-emory/lib/python2.7/site-packages/unittest2/case.py", line 625, in run
    testMethod()
  File "/Users/azotov/OpenEmory/openemory/publication/tests.py", line 3661, in test_premis_event
    self.assertTrue(pr.schema_valid())
  File "/Users/azotov/VirtualEnv/open-emory/lib/python2.7/site-packages/eulxml/xmlmap/core.py", line 549, in schema_valid
    raise Exception('No XSD schema is defined, cannot validate document')
'No XSD schema is defined, cannot validate document\n-------------------- >> begin captured logging << --------------------\npy.warnings: WARNING: /Users/azotov/VirtualEnv/open-emory/lib/python2.7/site-packages/eulxml/xmlmap/core.py:98: UserWarning: Loading schema http://www.loc.gov/standards/premis/v2/premis-v2-1.xsd without a web proxy may introduce significant network resource usage as well as instability if that server becomes inaccessible. The HTTP_PROXY environment variable is required for loading schemas.  Schema validation will be disabled.\n  warnings.warn(message, UserWarning)\n\n--------------------- >> end captured logging << ---------------------']]></error></testcase><testcase classname="openemory.publication.tests.ArticlePremisTest" name="test_review_event" time="0.002"></testcase><testcase classname="openemory.publication.tests.ArticleTest" name="test__mods_to_dc" time="2.324"></testcase><testcase classname="openemory.publication.tests.ArticleTest" name="test__prep_dc_for_oai" time="2.379"></testcase><testcase classname="openemory.publication.tests.ArticleTest" name="test_as_rdf" time="2.249"></testcase><testcase classname="openemory.publication.tests.ArticleTest" name="test_as_symp" time="2.252"><failure type="exceptions.AssertionError" message="['Article', 'Book', 'Chapter', 'Conference', 'Poster', 'Dataset'] != ['Article']&#10;-------------------- &gt;&gt; begin captured logging &lt;&lt; --------------------&#10;eulfedora.server: DEBUG: Connecting to fedora at https://libfedqa1.library.emory.edu:8443/fedora/ as fedoraAdmin&#10;pidservices.clients: DEBUG: Request: POST https://testpid.library.emory.edu/ark/ {'Content-Length': 3, 'Content-type': 'application/x-www-form-urlencoded', 'Accept': 'text/plain'} &lt;![BODY[{'domain': 'http://testpid.library.emory.edu/domains/34/', 'name': 'A very scholarly article', 'target_uri': u'http://example.com/publications/oe-zo-test:{%PID%}/'}]]&gt;&#10;requests.packages.urllib3.connectionpool: DEBUG: &quot;POST /ark/ HTTP/1.1&quot; 201 None&#10;requests.packages.urllib3.connectionpool: DEBUG: &quot;POST /fedora/upload HTTP/1.1&quot; 202 17&#10;eulfedora.api: DEBUG: POST upload=&gt;202: 0.017916 sec&#10;requests.packages.urllib3.connectionpool: DEBUG: &quot;POST /fedora/upload HTTP/1.1&quot; 202 17&#10;eulfedora.api: DEBUG: POST upload=&gt;202: 0.018567 sec&#10;requests.packages.urllib3.connectionpool: DEBUG: &quot;POST /fedora/upload HTTP/1.1&quot; 202 17&#10;eulfedora.api: DEBUG: POST upload=&gt;202: 0.055481 sec&#10;requests.packages.urllib3.connectionpool: DEBUG: &quot;POST /fedora/upload HTTP/1.1&quot; 202 17&#10;eulfedora.api: DEBUG: POST upload=&gt;202: 0.017921 sec&#10;requests.packages.urllib3.connectionpool: DEBUG: &quot;POST /fedora/objects/new HTTP/1.1&quot; 201 16&#10;eulfedora.api: DEBUG: POST objects/new=&gt;201: 0.534501 sec&#10;pidservices.clients: DEBUG: Request: POST https://testpid.library.emory.edu/ark/ {'Content-Length': 3, 'Content-type': 'application/x-www-form-urlencoded', 'Accept': 'text/plain'} &lt;![BODY[{'domain': 'http://testpid.library.emory.edu/domains/34/', 'name': 'A snazzy article from PubMed', 'target_uri': u'http://example.com/publications/oe-zo-test:{%PID%}/'}]]&gt;&#10;requests.packages.urllib3.connectionpool: DEBUG: &quot;POST /ark/ HTTP/1.1&quot; 201 None&#10;requests.packages.urllib3.connectionpool: DEBUG: &quot;POST /fedora/upload HTTP/1.1&quot; 202 17&#10;eulfedora.api: DEBUG: POST upload=&gt;202: 0.021218 sec&#10;requests.packages.urllib3.connectionpool: DEBUG: &quot;POST /fedora/upload HTTP/1.1&quot; 202 17&#10;eulfedora.api: DEBUG: POST upload=&gt;202: 0.018695 sec&#10;requests.packages.urllib3.connectionpool: DEBUG: &quot;POST /fedora/upload HTTP/1.1&quot; 202 17&#10;eulfedora.api: DEBUG: POST upload=&gt;202: 0.019145 sec&#10;requests.packages.urllib3.connectionpool: DEBUG: &quot;POST /fedora/upload HTTP/1.1&quot; 202 17&#10;eulfedora.api: DEBUG: POST upload=&gt;202: 0.044246 sec&#10;requests.packages.urllib3.connectionpool: DEBUG: &quot;POST /fedora/objects/new HTTP/1.1&quot; 201 16&#10;eulfedora.api: DEBUG: POST objects/new=&gt;201: 0.541924 sec&#10;requests.packages.urllib3.connectionpool: DEBUG: &quot;GET /fedora/objects/oe-zo-test:r3wzh/datastreams?format=xml HTTP/1.1&quot; 200 None&#10;eulfedora.api: DEBUG: GET objects/oe-zo-test:r3wzh/datastreams=&gt;200: 0.042834 sec&#10;requests.packages.urllib3.connectionpool: DEBUG: &quot;GET /fedora/objects/oe-zo-test:r3wzh/datastreams/descMetadata/content HTTP/1.1&quot; 200 302&#10;eulfedora.api: DEBUG: GET objects/oe-zo-test:r3wzh/datastreams/descMetadata/content=&gt;200: 0.024047 sec&#10;requests.packages.urllib3.connectionpool: DEBUG: &quot;GET /fedora/objects/oe-zo-test:r3wzh/datastreams/DC/content HTTP/1.1&quot; 200 650&#10;eulfedora.api: DEBUG: GET objects/oe-zo-test:r3wzh/datastreams/DC/content=&gt;200: 0.026112 sec&#10;requests.packages.urllib3.connectionpool: DEBUG: &quot;DELETE /fedora/objects/oe-zo-test:r3wzh HTTP/1.1&quot; 200 24&#10;eulfedora.api: DEBUG: DELETE objects/oe-zo-test:r3wzh=&gt;200: 0.251052 sec&#10;requests.packages.urllib3.connectionpool: DEBUG: &quot;DELETE /fedora/objects/oe-zo-test:r3x0r HTTP/1.1&quot; 200 24&#10;eulfedora.api: DEBUG: DELETE objects/oe-zo-test:r3x0r=&gt;200: 0.251891 sec&#10;--------------------- &gt;&gt; end captured logging &lt;&lt; ---------------------"><![CDATA[  File "/Users/azotov/VirtualEnv/open-emory/lib/python2.7/site-packages/unittest2/case.py", line 67, in testPartExecutor
    yield
  File "/Users/azotov/VirtualEnv/open-emory/lib/python2.7/site-packages/unittest2/case.py", line 625, in run
    testMethod()
  File "/Users/azotov/OpenEmory/openemory/publication/tests.py", line 854, in test_as_symp
    self.assertEqual(pub.types, ['Article'])
  File "/Users/azotov/VirtualEnv/open-emory/lib/python2.7/site-packages/unittest2/case.py", line 836, in assertEqual
    assertion_func(first, second, msg=msg)
  File "/Users/azotov/VirtualEnv/open-emory/lib/python2.7/site-packages/unittest2/case.py", line 829, in _baseAssertEqual
    raise self.failureException(msg)
'[\'Article\', \'Book\', \'Chapter\', \'Conference\', \'Poster\', \'Dataset\'] != [\'Article\']\n-------------------- >> begin captured logging << --------------------\neulfedora.server: DEBUG: Connecting to fedora at https://libfedqa1.library.emory.edu:8443/fedora/ as fedoraAdmin\npidservices.clients: DEBUG: Request: POST https://testpid.library.emory.edu/ark/ {\'Content-Length\': 3, \'Content-type\': \'application/x-www-form-urlencoded\', \'Accept\': \'text/plain\'} <![BODY[{\'domain\': \'http://testpid.library.emory.edu/domains/34/\', \'name\': \'A very scholarly article\', \'target_uri\': u\'http://example.com/publications/oe-zo-test:{%PID%}/\'}]]>]]&gt;<![CDATA[\nrequests.packages.urllib3.connectionpool: DEBUG: "POST /ark/ HTTP/1.1" 201 None\nrequests.packages.urllib3.connectionpool: DEBUG: "POST /fedora/upload HTTP/1.1" 202 17\neulfedora.api: DEBUG: POST upload=>202: 0.017916 sec\nrequests.packages.urllib3.connectionpool: DEBUG: "POST /fedora/upload HTTP/1.1" 202 17\neulfedora.api: DEBUG: POST upload=>202: 0.018567 sec\nrequests.packages.urllib3.connectionpool: DEBUG: "POST /fedora/upload HTTP/1.1" 202 17\neulfedora.api: DEBUG: POST upload=>202: 0.055481 sec\nrequests.packages.urllib3.connectionpool: DEBUG: "POST /fedora/upload HTTP/1.1" 202 17\neulfedora.api: DEBUG: POST upload=>202: 0.017921 sec\nrequests.packages.urllib3.connectionpool: DEBUG: "POST /fedora/objects/new HTTP/1.1" 201 16\neulfedora.api: DEBUG: POST objects/new=>201: 0.534501 sec\npidservices.clients: DEBUG: Request: POST https://testpid.library.emory.edu/ark/ {\'Content-Length\': 3, \'Content-type\': \'application/x-www-form-urlencoded\', \'Accept\': \'text/plain\'} <![BODY[{\'domain\': \'http://testpid.library.emory.edu/domains/34/\', \'name\': \'A snazzy article from PubMed\', \'target_uri\': u\'http://example.com/publications/oe-zo-test:{%PID%}/\'}]]>]]&gt;<![CDATA[\nrequests.packages.urllib3.connectionpool: DEBUG: "POST /ark/ HTTP/1.1" 201 None\nrequests.packages.urllib3.connectionpool: DEBUG: "POST /fedora/upload HTTP/1.1" 202 17\neulfedora.api: DEBUG: POST upload=>202: 0.021218 sec\nrequests.packages.urllib3.connectionpool: DEBUG: "POST /fedora/upload HTTP/1.1" 202 17\neulfedora.api: DEBUG: POST upload=>202: 0.018695 sec\nrequests.packages.urllib3.connectionpool: DEBUG: "POST /fedora/upload HTTP/1.1" 202 17\neulfedora.api: DEBUG: POST upload=>202: 0.019145 sec\nrequests.packages.urllib3.connectionpool: DEBUG: "POST /fedora/upload HTTP/1.1" 202 17\neulfedora.api: DEBUG: POST upload=>202: 0.044246 sec\nrequests.packages.urllib3.connectionpool: DEBUG: "POST /fedora/objects/new HTTP/1.1" 201 16\neulfedora.api: DEBUG: POST objects/new=>201: 0.541924 sec\nrequests.packages.urllib3.connectionpool: DEBUG: "GET /fedora/objects/oe-zo-test:r3wzh/datastreams?format=xml HTTP/1.1" 200 None\neulfedora.api: DEBUG: GET objects/oe-zo-test:r3wzh/datastreams=>200: 0.042834 sec\nrequests.packages.urllib3.connectionpool: DEBUG: "GET /fedora/objects/oe-zo-test:r3wzh/datastreams/descMetadata/content HTTP/1.1" 200 302\neulfedora.api: DEBUG: GET objects/oe-zo-test:r3wzh/datastreams/descMetadata/content=>200: 0.024047 sec\nrequests.packages.urllib3.connectionpool: DEBUG: "GET /fedora/objects/oe-zo-test:r3wzh/datastreams/DC/content HTTP/1.1" 200 650\neulfedora.api: DEBUG: GET objects/oe-zo-test:r3wzh/datastreams/DC/content=>200: 0.026112 sec\nrequests.packages.urllib3.connectionpool: DEBUG: "DELETE /fedora/objects/oe-zo-test:r3wzh HTTP/1.1" 200 24\neulfedora.api: DEBUG: DELETE objects/oe-zo-test:r3wzh=>200: 0.251052 sec\nrequests.packages.urllib3.connectionpool: DEBUG: "DELETE /fedora/objects/oe-zo-test:r3x0r HTTP/1.1" 200 24\neulfedora.api: DEBUG: DELETE objects/oe-zo-test:r3x0r=>200: 0.251891 sec\n--------------------- >> end captured logging << ---------------------']]></failure></testcase><testcase classname="openemory.publication.tests.ArticleTest" name="test_embargo_end_date" time="2.456"></testcase><testcase classname="openemory.publication.tests.ArticleTest" name="test_from_symp" time="10.935"><failure type="exceptions.AssertionError" message="'PUBLIC LIBRARY SCIENCE' != 'Public Library of Science'&#10;-------------------- &gt;&gt; begin captured stdout &lt;&lt; ---------------------&#10;emory-control:OpenEmory-collection&#10;info:fedora/emory-control:OpenEmory-collection&#10;&lt;?xml version=&quot;1.0&quot; encoding=&quot;UTF-8&quot;?&gt;&#10;&lt;rdf:RDF&#10;   xmlns:fedora-rels-ext=&quot;info:fedora/fedora-system:def/relations-external#&quot;&#10;   xmlns:rdf=&quot;http://www.w3.org/1999/02/22-rdf-syntax-ns#&quot;&#10;&gt;&#10;  &lt;rdf:Description rdf:about=&quot;info:fedora/oe-zo-test:r3x35&quot;&gt;&#10;    &lt;fedora-rels-ext:isMemberOfCollection rdf:resource=&quot;info:fedora/emory-control:OpenEmory-collection&quot;/&gt;&#10;  &lt;/rdf:Description&gt;&#10;&lt;/rdf:RDF&gt;&#10;&#10;PLoS ONE&#10;book got here 2&#10;emory-control:OpenEmory-collection&#10;emory-control:OpenEmory-collection&#10;&lt;?xml version=&quot;1.0&quot; encoding=&quot;UTF-8&quot;?&gt;&#10;&lt;rdf:RDF&#10;   xmlns:fedora-model=&quot;info:fedora/fedora-system:def/model#&quot;&#10;   xmlns:fedora-rels-ext=&quot;info:fedora/fedora-system:def/relations-external#&quot;&#10;   xmlns:rdf=&quot;http://www.w3.org/1999/02/22-rdf-syntax-ns#&quot;&#10;&gt;&#10;  &lt;rdf:Description rdf:about=&quot;info:fedora/oe-zo-test:r3x35&quot;&gt;&#10;    &lt;fedora-model:hasModel rdf:resource=&quot;info:fedora/emory-control:PublishedArticle-1.0&quot;/&gt;&#10;    &lt;fedora-model:hasModel rdf:resource=&quot;info:fedora/emory-control:PublishedPublication-1.0&quot;/&gt;&#10;    &lt;fedora-rels-ext:isMemberOfCollection rdf:resource=&quot;info:fedora/emory-control:OpenEmory-collection&quot;/&gt;&#10;  &lt;/rdf:Description&gt;&#10;&lt;/rdf:RDF&gt;&#10;&#10;PLoS ONE&#10;book got here 2&#10;&#10;--------------------- &gt;&gt; end captured stdout &lt;&lt; ----------------------&#10;-------------------- &gt;&gt; begin captured logging &lt;&lt; --------------------&#10;eulfedora.server: DEBUG: Connecting to fedora at https://libfedqa1.library.emory.edu:8443/fedora/ as fedoraAdmin&#10;pidservices.clients: DEBUG: Request: POST https://testpid.library.emory.edu/ark/ {'Content-Length': 3, 'Content-type': 'application/x-www-form-urlencoded', 'Accept': 'text/plain'} &lt;![BODY[{'domain': 'http://testpid.library.emory.edu/domains/34/', 'name': 'A very scholarly article', 'target_uri': u'http://example.com/publications/oe-zo-test:{%PID%}/'}]]&gt;&#10;requests.packages.urllib3.connectionpool: DEBUG: &quot;POST /ark/ HTTP/1.1&quot; 201 None&#10;requests.packages.urllib3.connectionpool: DEBUG: &quot;POST /fedora/upload HTTP/1.1&quot; 202 17&#10;eulfedora.api: DEBUG: POST upload=&gt;202: 0.019328 sec&#10;requests.packages.urllib3.connectionpool: DEBUG: &quot;POST /fedora/upload HTTP/1.1&quot; 202 17&#10;eulfedora.api: DEBUG: POST upload=&gt;202: 0.021541 sec&#10;requests.packages.urllib3.connectionpool: DEBUG: &quot;POST /fedora/upload HTTP/1.1&quot; 202 17&#10;eulfedora.api: DEBUG: POST upload=&gt;202: 0.018049 sec&#10;requests.packages.urllib3.connectionpool: DEBUG: &quot;POST /fedora/upload HTTP/1.1&quot; 202 17&#10;eulfedora.api: DEBUG: POST upload=&gt;202: 0.019475 sec&#10;requests.packages.urllib3.connectionpool: DEBUG: &quot;POST /fedora/objects/new HTTP/1.1&quot; 201 16&#10;eulfedora.api: DEBUG: POST objects/new=&gt;201: 0.745745 sec&#10;pidservices.clients: DEBUG: Request: POST https://testpid.library.emory.edu/ark/ {'Content-Length': 3, 'Content-type': 'application/x-www-form-urlencoded', 'Accept': 'text/plain'} &lt;![BODY[{'domain': 'http://testpid.library.emory.edu/domains/34/', 'name': 'A snazzy article from PubMed', 'target_uri': u'http://example.com/publications/oe-zo-test:{%PID%}/'}]]&gt;&#10;requests.packages.urllib3.connectionpool: DEBUG: &quot;POST /ark/ HTTP/1.1&quot; 201 None&#10;requests.packages.urllib3.connectionpool: DEBUG: &quot;POST /fedora/upload HTTP/1.1&quot; 202 17&#10;eulfedora.api: DEBUG: POST upload=&gt;202: 0.029732 sec&#10;requests.packages.urllib3.connectionpool: DEBUG: &quot;POST /fedora/upload HTTP/1.1&quot; 202 17&#10;eulfedora.api: DEBUG: POST upload=&gt;202: 0.062246 sec&#10;requests.packages.urllib3.connectionpool: DEBUG: &quot;POST /fedora/upload HTTP/1.1&quot; 202 17&#10;eulfedora.api: DEBUG: POST upload=&gt;202: 0.040666 sec&#10;requests.packages.urllib3.connectionpool: DEBUG: &quot;POST /fedora/upload HTTP/1.1&quot; 202 17&#10;eulfedora.api: DEBUG: POST upload=&gt;202: 0.106193 sec&#10;requests.packages.urllib3.connectionpool: DEBUG: &quot;POST /fedora/objects/new HTTP/1.1&quot; 201 16&#10;eulfedora.api: DEBUG: POST objects/new=&gt;201: 0.731944 sec&#10;requests.packages.urllib3.connectionpool: DEBUG: &quot;GET /fedora/objects/oe-zo-test:r3x35/datastreams?format=xml HTTP/1.1&quot; 200 None&#10;eulfedora.api: DEBUG: GET objects/oe-zo-test:r3x35/datastreams=&gt;200: 0.057939 sec&#10;eulfedora.server: DEBUG: Connecting to fedora at https://libfedqa1.library.emory.edu:8443/fedora/ as fedoraAdmin&#10;requests.packages.urllib3.connectionpool: DEBUG: &quot;GET /fedora/objects/oe-zo-test:r3x35/datastreams/descMetadata/content HTTP/1.1&quot; 200 302&#10;eulfedora.api: DEBUG: GET objects/oe-zo-test:r3x35/datastreams/descMetadata/content=&gt;200: 0.025527 sec&#10;requests.packages.urllib3.connectionpool: DEBUG: &quot;GET /fedora/objects/oe-zo-test:r3x35?format=xml HTTP/1.1&quot; 200 None&#10;eulfedora.api: DEBUG: GET objects/oe-zo-test:r3x35=&gt;200: 0.016645 sec&#10;requests.packages.urllib3.connectionpool: DEBUG: &quot;GET /fedora/objects/oe-zo-test:r3x35/datastreams/RELS-EXT/content HTTP/1.1&quot; 200 78&#10;eulfedora.api: DEBUG: GET objects/oe-zo-test:r3x35/datastreams/RELS-EXT/content=&gt;200: 0.014323 sec&#10;requests.packages.urllib3.connectionpool: DEBUG: &quot;GET /fedora/objects/oe-zo-test:r3x35/datastreams/descMetadata?format=xml HTTP/1.1&quot; 200 None&#10;eulfedora.api: DEBUG: GET objects/oe-zo-test:r3x35/datastreams/descMetadata=&gt;200: 0.013978 sec&#10;requests.packages.urllib3.connectionpool: DEBUG: &quot;GET /fedora/objects/oe-zo-test:r3x35/datastreams/DC/content HTTP/1.1&quot; 200 650&#10;eulfedora.api: DEBUG: GET objects/oe-zo-test:r3x35/datastreams/DC/content=&gt;200: 0.025814 sec&#10;eulfedora.server: DEBUG: Connecting to fedora at https://libfedqa1.library.emory.edu:8443/fedora/ as fedoraAdmin&#10;requests.packages.urllib3.connectionpool: DEBUG: &quot;DELETE /fedora/objects/oe-zo-test:r3x35 HTTP/1.1&quot; 200 24&#10;eulfedora.api: DEBUG: DELETE objects/oe-zo-test:r3x35=&gt;200: 0.316088 sec&#10;requests.packages.urllib3.connectionpool: DEBUG: &quot;DELETE /fedora/objects/oe-zo-test:r3x49 HTTP/1.1&quot; 200 24&#10;eulfedora.api: DEBUG: DELETE objects/oe-zo-test:r3x49=&gt;200: 0.284364 sec&#10;--------------------- &gt;&gt; end captured logging &lt;&lt; ---------------------"><![CDATA[  File "/Users/azotov/VirtualEnv/open-emory/lib/python2.7/site-packages/unittest2/case.py", line 67, in testPartExecutor
    yield
  File "/Users/azotov/VirtualEnv/open-emory/lib/python2.7/site-packages/unittest2/case.py", line 625, in run
    testMethod()
  File "/Users/azotov/OpenEmory/openemory/publication/tests.py", line 906, in test_from_symp
    self.assertEqual(mods.journal.publisher, 'Public Library of Science')
  File "/Users/azotov/VirtualEnv/open-emory/lib/python2.7/site-packages/unittest2/case.py", line 836, in assertEqual
    assertion_func(first, second, msg=msg)
  File "/Users/azotov/VirtualEnv/open-emory/lib/python2.7/site-packages/unittest2/case.py", line 829, in _baseAssertEqual
    raise self.failureException(msg)
'\'PUBLIC LIBRARY SCIENCE\' != \'Public Library of Science\'\n-------------------- >> begin captured stdout << ---------------------\nemory-control:OpenEmory-collection\ninfo:fedora/emory-control:OpenEmory-collection\n<?xml version="1.0" encoding="UTF-8"?>\n<rdf:RDF\n   xmlns:fedora-rels-ext="info:fedora/fedora-system:def/relations-external#"\n   xmlns:rdf="http://www.w3.org/1999/02/22-rdf-syntax-ns#"\n>\n  <rdf:Description rdf:about="info:fedora/oe-zo-test:r3x35">\n    <fedora-rels-ext:isMemberOfCollection rdf:resource="info:fedora/emory-control:OpenEmory-collection"/>\n  </rdf:Description>\n</rdf:RDF>\n\nPLoS ONE\nbook got here 2\nemory-control:OpenEmory-collection\nemory-control:OpenEmory-collection\n<?xml version="1.0" encoding="UTF-8"?>\n<rdf:RDF\n   xmlns:fedora-model="info:fedora/fedora-system:def/model#"\n   xmlns:fedora-rels-ext="info:fedora/fedora-system:def/relations-external#"\n   xmlns:rdf="http://www.w3.org/1999/02/22-rdf-syntax-ns#"\n>\n  <rdf:Description rdf:about="info:fedora/oe-zo-test:r3x35">\n    <fedora-model:hasModel rdf:resource="info:fedora/emory-control:PublishedArticle-1.0"/>\n    <fedora-model:hasModel rdf:resource="info:fedora/emory-control:PublishedPublication-1.0"/>\n    <fedora-rels-ext:isMemberOfCollection rdf:resource="info:fedora/emory-control:OpenEmory-collection"/>\n  </rdf:Description>\n</rdf:RDF>\n\nPLoS ONE\nbook got here 2\n\n--------------------- >> end captured stdout << ----------------------\n-------------------- >> begin captured logging << --------------------\neulfedora.server: DEBUG: Connecting to fedora at https://libfedqa1.library.emory.edu:8443/fedora/ as fedoraAdmin\npidservices.clients: DEBUG: Request: POST https://testpid.library.emory.edu/ark/ {\'Content-Length\': 3, \'Content-type\': \'application/x-www-form-urlencoded\', \'Accept\': \'text/plain\'} <![BODY[{\'domain\': \'http://testpid.library.emory.edu/domains/34/\', \'name\': \'A very scholarly article\', \'target_uri\': u\'http://example.com/publications/oe-zo-te
[...]
ographic></mods:subject><mods:subject authority="keywords"><mods:name><mods:namePart>William</mods:namePart><mods:namePart>Shakespeare</mods:namePart></mods:name></mods:subject><mods:subject authority="keywords"><mods:topic>rumba</mods:topic></mods:subject><mods:subject authority="keywords"><mods:titleInfo><mods:title>Divine Comedy, The</mods:title></mods:titleInfo></mods:subject><mods:relatedItem type="otherVersion" displayLabel="Final Published Version"><mods:identifier type="doi" displayLabel="DOI">doi:42.1234/1-2-3-4</mods:identifier></mods:relatedItem><mods:language><mods:languageTerm type="text">English</mods:languageTerm></mods:language></mods:mods>\nDo we get here 7???\nDo we get here 3???\nDo we get here 5???\nDo we get here 8???\n<oai_dc:dc xmlns:oai_dc="http://www.openarchives.org/OAI/2.0/oai_dc/" xmlns:dc="http://purl.org/dc/elements/1.1/" xmlns:xsi="http://www.w3.org/2001/XMLSchema-instance" xsi:schemaLocation="http://www.openarchives.org/OAI/2.0/oai_dc/ http://www.openarchives.org/OAI/2.0/oai_dc.xsd">\n  <dc:title>A very scholarly article: A love story</dc:title>\n  <dc:description>An overly complicated description of a very scholarly article</dc:description>\n  <dc:type>text</dc:type>\n  <dc:type>article</dc:type>\n  <dc:identifier>oe-zo-test:r3zj2</dc:identifier>\n  <dc:identifier>http://testpid.library.emory.edu/ark:/25593/r3zj2</dc:identifier>\n  <dc:source>Journal of Important Things Volume 11 Issue 5 Date 2011-08-24 Pages 1742-2637</dc:source>\n<dc:contributor>Mickey Mouse</dc:contributor><dc:contributor>Minnie Mouse</dc:contributor><dc:language>English</dc:language><dc:subject/><dc:subject/><dc:subject>rumba</dc:subject><dc:subject/></oai_dc:dc>\nDo we get here 7???\n\n--------------------- >> end captured stdout << ----------------------\n-------------------- >> begin captured logging << --------------------\neulfedora.server: DEBUG: Connecting to fedora at https://libfedqa1.library.emory.edu:8443/fedora/ as fedoraAdmin\neulfedora.server: DEBUG: Connecting to fedora at https://libfedqa1.library.emory.edu:8443/fedora/ as fedoraAdmin\npidservices.clients: DEBUG: Request: POST https://testpid.library.emory.edu/ark/ {\'Content-Length\': 3, \'Content-type\': \'application/x-www-form-urlencoded\', \'Accept\': \'text/plain\'} <![BODY[{\'domain\': \'http://testpid.library.emory.edu/domains/34/\', \'name\': \'A very scholarly article\', \'target_uri\': u\'http://example.com/publications/oe-zo-test:{%PID%}/\'}]]>]]&gt;<![CDATA[\nrequests.packages.urllib3.connectionpool: DEBUG: "POST /ark/ HTTP/1.1" 201 None\nrequests.packages.urllib3.connectionpool: DEBUG: "POST /fedora/upload HTTP/1.1" 202 17\neulfedora.api: DEBUG: POST upload=>202: 0.023772 sec\nrequests.packages.urllib3.connectionpool: DEBUG: "POST /fedora/upload HTTP/1.1" 202 17\neulfedora.api: DEBUG: POST upload=>202: 0.017796 sec\nrequests.packages.urllib3.connectionpool: DEBUG: "POST /fedora/upload HTTP/1.1" 202 17\neulfedora.api: DEBUG: POST upload=>202: 0.024002 sec\nrequests.packages.urllib3.connectionpool: DEBUG: "POST /fedora/upload HTTP/1.1" 202 17\neulfedora.api: DEBUG: POST upload=>202: 0.017810 sec\nrequests.packages.urllib3.connectionpool: DEBUG: "POST /fedora/objects/new HTTP/1.1" 201 16\neulfedora.api: DEBUG: POST objects/new=>201: 0.468154 sec\nrequests.packages.urllib3.connectionpool: DEBUG: "GET /fedora/objects/oe-zo-test:r3zj2/datastreams?format=xml HTTP/1.1" 200 None\neulfedora.api: DEBUG: GET objects/oe-zo-test:r3zj2/datastreams=>200: 0.028679 sec\nrequests.packages.urllib3.connectionpool: DEBUG: "GET /fedora/objects/oe-zo-test:r3zj2/datastreams/descMetadata/content HTTP/1.1" 200 532\neulfedora.api: DEBUG: GET objects/oe-zo-test:r3zj2/datastreams/descMetadata/content=>200: 0.025872 sec\nrequests.packages.urllib3.connectionpool: DEBUG: "GET /fedora/objects/oe-zo-test:r3zj2/datastreams/DC/content HTTP/1.1" 200 690\neulfedora.api: DEBUG: GET objects/oe-zo-test:r3zj2/datastreams/DC/content=>200: 0.021345 sec\nrequests.packages.urllib3.connectionpool: DEBUG: "GET /fedora/objects/oe-zo-test:r3zj2/datastreams/descMetadata?format=xml HTTP/1.1" 200 None\neulfedora.api: DEBUG: GET objects/oe-zo-test:r3zj2/datastreams/descMetadata=>200: 0.013325 sec\nrequests.packages.urllib3.connectionpool: DEBUG: "PUT /fedora/objects/oe-zo-test:r3zj2/datastreams/descMetadata?mimeType=text%2Fxml HTTP/1.1" 200 None\neulfedora.api: DEBUG: PUT objects/oe-zo-test:r3zj2/datastreams/descMetadata=>200: 0.261144 sec\nrequests.packages.urllib3.connectionpool: DEBUG: "GET /fedora/objects/oe-zo-test:r3zj2/datastreams/DC?format=xml HTTP/1.1" 200 None\neulfedora.api: DEBUG: GET objects/oe-zo-test:r3zj2/datastreams/DC=>200: 0.012929 sec\nrequests.packages.urllib3.connectionpool: DEBUG: "PUT /fedora/objects/oe-zo-test:r3zj2/datastreams/DC?mimeType=text%2Fxml HTTP/1.1" 200 None\neulfedora.api: DEBUG: PUT objects/oe-zo-test:r3zj2/datastreams/DC=>200: 0.340366 sec\ntracking.middleware: DEBUG: Created a new visitor: {\'session_key\': u\'127.0.0.1:\', \'ip_address\': \'127.0.0.1\'}\neulfedora.server: DEBUG: Connecting to fedora at https://libfedqa1.library.emory.edu:8443/fedora/ as guest\nrequests.packages.urllib3.connectionpool: DEBUG: "GET /fedora/objects/oe-zo-test:r3zj2?format=xml HTTP/1.1" 401 0\neulfedora.api: DEBUG: GET objects/oe-zo-test:r3zj2=>401: 0.033440 sec\ndjango.request: WARNING: Not Found: /publications/oe-zo-test:r3zj2/biblio/\nrequests.packages.urllib3.connectionpool: DEBUG: "DELETE /fedora/objects/oe-zo-test:r3zj2 HTTP/1.1" 200 24\neulfedora.api: DEBUG: DELETE objects/oe-zo-test:r3zj2=>200: 0.295978 sec\n--------------------- >> end captured logging << ---------------------']]></failure><system-out><![CDATA[Do we get here 3???
Do we get here 5???
Do we get here 8???
<mods:mods xmlns:mods="http://www.loc.gov/mods/v3"><mods:titleInfo><mods:title>A very scholarly article</mods:title><mods:subTitle>A love story</mods:subTitle></mods:titleInfo><mods:abstract>An overly complicated description of a very scholarly article</mods:abstract><mods:relatedItem type="host"><mods:originInfo><mods:publisher>Big Deal Publications</mods:publisher></mods:originInfo><mods:titleInfo><mods:title>Journal of Important Things</mods:title></mods:titleInfo><mods:part><mods:detail type="volume"><mods:number>11</mods:number></mods:detail><mods:detail type="number"><mods:number>5</mods:number></mods:detail><mods:extent unit="pages"><mods:start>1742</mods:start><mods:end>2637</mods:end></mods:extent></mods:part></mods:relatedItem><mods:identifier type="uri">http://testpid.library.emory.edu/ark:/25593/r3zj2</mods:identifier><mods:identifier type="ark">ark:/25593/r3zj2</mods:identifier><mods:name type="personal"><mods:namePart type="family">Mouse</mods:namePart><mods:namePart type="given">Mickey</mods:namePart><mods:role><mods:roleTerm type="text">author</mods:roleTerm></mods:role></mods:name><mods:name type="personal"><mods:namePart type="family">Mouse</mods:namePart><mods:namePart type="given">Minnie</mods:namePart><mods:role><mods:roleTerm type="text">author</mods:roleTerm></mods:role></mods:name><mods:originInfo><mods:dateIssued encoding="w3cdtf" keyDate="yes">2011-08-24</mods:dateIssued></mods:originInfo><mods:subject authority="keywords"><mods:geographic>Atlanta</mods:geographic></mods:subject><mods:subject authority="keywords"><mods:name><mods:namePart>William</mods:namePart><mods:namePart>Shakespeare</mods:namePart></mods:name></mods:subject><mods:subject authority="keywords"><mods:topic>rumba</mods:topic></mods:subject><mods:subject authority="keywords"><mods:titleInfo><mods:title>Divine Comedy, The</mods:title></mods:titleInfo></mods:subject><mods:relatedItem type="otherVersion" displayLabel="Final Published Version"><mods:identifier type="doi" displayLabel="DOI">doi:42.1234/1-2-3-4</mods:identifier></mods:relatedItem><mods:language><mods:languageTerm type="text">English</mods:languageTerm></mods:language></mods:mods>
Do we get here 7???
Do we get here 3???
Do we get here 5???
Do we get here 8???
<oai_dc:dc xmlns:oai_dc="http://www.openarchives.org/OAI/2.0/oai_dc/" xmlns:dc="http://purl.org/dc/elements/1.1/" xmlns:xsi="http://www.w3.org/2001/XMLSchema-instance" xsi:schemaLocation="http://www.openarchives.org/OAI/2.0/oai_dc/ http://www.openarchives.org/OAI/2.0/oai_dc.xsd">
  <dc:title>A very scholarly article: A love story</dc:title>
  <dc:description>An overly complicated description of a very scholarly article</dc:description>
  <dc:type>text</dc:type>
  <dc:type>article</dc:type>
  <dc:identifier>oe-zo-test:r3zj2</dc:identifier>
  <dc:identifier>http://testpid.library.emory.edu/ark:/25593/r3zj2</dc:identifier>
  <dc:source>Journal of Important Things Volume 11 Issue 5 Date 2011-08-24 Pages 1742-2637</dc:source>
<dc:contributor>Mickey Mouse</dc:contributor><dc:contributor>Minnie Mouse</dc:contributor><dc:language>English</dc:language><dc:subject/><dc:subject/><dc:subject>rumba</dc:subject><dc:subject/></oai_dc:dc>
Do we get here 7???
]]></system-out></testcase><testcase classname="openemory.publication.tests.PublicationViewsTest" name="test_view_article_license" time="1.387"><failure type="exceptions.AssertionError" message="404 != 200 : record with no NLM permissions does not display copyright info: Couldn't retrieve content: Response code was 404 (expected 200)&#10;-------------------- &gt;&gt; begin captured logging &lt;&lt; --------------------&#10;eulfedora.server: DEBUG: Connecting to fedora at https://libfedqa1.library.emory.edu:8443/fedora/ as fedoraAdmin&#10;eulfedora.server: DEBUG: Connecting to fedora at https://libfedqa1.library.emory.edu:8443/fedora/ as fedoraAdmin&#10;pidservices.clients: DEBUG: Request: POST https://testpid.library.emory.edu/ark/ {'Content-Length': 3, 'Content-type': 'application/x-www-form-urlencoded', 'Accept': 'text/plain'} &lt;![BODY[{'domain': 'http://testpid.library.emory.edu/domains/34/', 'name': 'A very scholarly article', 'target_uri': u'http://example.com/publications/oe-zo-test:{%PID%}/'}]]&gt;&#10;requests.packages.urllib3.connectionpool: DEBUG: &quot;POST /ark/ HTTP/1.1&quot; 201 None&#10;requests.packages.urllib3.connectionpool: DEBUG: &quot;POST /fedora/upload HTTP/1.1&quot; 202 17&#10;eulfedora.api: DEBUG: POST upload=&gt;202: 0.019177 sec&#10;requests.packages.urllib3.connectionpool: DEBUG: &quot;POST /fedora/upload HTTP/1.1&quot; 202 17&#10;eulfedora.api: DEBUG: POST upload=&gt;202: 0.017454 sec&#10;requests.packages.urllib3.connectionpool: DEBUG: &quot;POST /fedora/upload HTTP/1.1&quot; 202 17&#10;eulfedora.api: DEBUG: POST upload=&gt;202: 0.018151 sec&#10;requests.packages.urllib3.connectionpool: DEBUG: &quot;POST /fedora/upload HTTP/1.1&quot; 202 17&#10;eulfedora.api: DEBUG: POST upload=&gt;202: 0.016941 sec&#10;requests.packages.urllib3.connectionpool: DEBUG: &quot;POST /fedora/objects/new HTTP/1.1&quot; 201 16&#10;eulfedora.api: DEBUG: POST objects/new=&gt;201: 0.559012 sec&#10;tracking.middleware: DEBUG: Created a new visitor: {'session_key': u'127.0.0.1:', 'ip_address': '127.0.0.1'}&#10;eulfedora.server: DEBUG: Connecting to fedora at https://libfedqa1.library.emory.edu:8443/fedora/ as guest&#10;requests.packages.urllib3.connectionpool: DEBUG: &quot;GET /fedora/objects/oe-zo-test:r3zk6?format=xml HTTP/1.1&quot; 401 0&#10;eulfedora.api: DEBUG: GET objects/oe-zo-test:r3zk6=&gt;401: 0.039413 sec&#10;eulfedora.server: DEBUG: Connecting to fedora at https://libfedqa1.library.emory.edu:8443/fedora/ as fedoraAdmin&#10;eulfedora.server: DEBUG: Connecting to fedora at https://libfedqa1.library.emory.edu:8443/fedora/ as guest&#10;requests.packages.urllib3.connectionpool: DEBUG: &quot;GET /fedora/objects/oe-zo-test:r3zk6?format=xml HTTP/1.1&quot; 401 0&#10;eulfedora.api: DEBUG: GET objects/oe-zo-test:r3zk6=&gt;401: 0.028521 sec&#10;django.request: WARNING: Not Found: /publications/oe-zo-test:r3zk6/&#10;requests.packages.urllib3.connectionpool: DEBUG: &quot;DELETE /fedora/objects/oe-zo-test:r3zk6 HTTP/1.1&quot; 200 23&#10;eulfedora.api: DEBUG: DELETE objects/oe-zo-test:r3zk6=&gt;200: 0.219114 sec&#10;--------------------- &gt;&gt; end captured logging &lt;&lt; ---------------------"><![CDATA[  File "/Users/azotov/VirtualEnv/open-emory/lib/python2.7/site-packages/unittest2/case.py", line 67, in testPartExecutor
    yield
  File "/Users/azotov/VirtualEnv/open-emory/lib/python2.7/site-packages/unittest2/case.py", line 625, in run
    testMethod()
  File "/Users/azotov/OpenEmory/openemory/publication/tests.py", line 2676, in test_view_article_license
    msg_prefix='record with no NLM permissions does not display copyright info')
  File "/Users/azotov/VirtualEnv/open-emory/lib/python2.7/site-packages/django/test/testcases.py", line 685, in assertNotContains
    " (expected %d)" % (response.status_code, status_code))
  File "/Users/azotov/VirtualEnv/open-emory/lib/python2.7/site-packages/unittest2/case.py", line 836, in assertEqual
    assertion_func(first, second, msg=msg)
  File "/Users/azotov/VirtualEnv/open-emory/lib/python2.7/site-packages/unittest2/case.py", line 829, in _baseAssertEqual
    raise self.failureException(msg)
'404 != 200 : record with no NLM permissions does not display copyright info: Couldn\'t retrieve content: Response code was 404 (expected 200)\n-------------------- >> begin captured logging << --------------------\neulfedora.server: DEBUG: Connecting to fedora at https://libfedqa1.library.emory.edu:8443/fedora/ as fedoraAdmin\neulfedora.server: DEBUG: Connecting to fedora at https://libfedqa1.library.emory.edu:8443/fedora/ as fedoraAdmin\npidservices.clients: DEBUG: Request: POST https://testpid.library.emory.edu/ark/ {\'Content-Length\': 3, \'Content-type\': \'application/x-www-form-urlencoded\', \'Accept\': \'text/plain\'} <![BODY[{\'domain\': \'http://testpid.library.emory.edu/domains/34/\', \'name\': \'A very scholarly article\', \'target_uri\': u\'http://example.com/publications/oe-zo-test:{%PID%}/\'}]]>]]&gt;<![CDATA[\nrequests.packages.urllib3.connectionpool: DEBUG: "POST /ark/ HTTP/1.1" 201 None\nrequests.packages.urllib3.connectionpool: DEBUG: "POST /fedora/upload HTTP/1.1" 202 17\neulfedora.api: DEBUG: POST upload=>202: 0.019177 sec\nrequests.packages.urllib3.connectionpool: DEBUG: "POST /fedora/upload HTTP/1.1" 202 17\neulfedora.api: DEBUG: POST upload=>202: 0.017454 sec\nrequests.packages.urllib3.connectionpool: DEBUG: "POST /fedora/upload HTTP/1.1" 202 17\neulfedora.api: DEBUG: POST upload=>202: 0.018151 sec\nrequests.packages.urllib3.connectionpool: DEBUG: "POST /fedora/upload HTTP/1.1" 202 17\neulfedora.api: DEBUG: POST upload=>202: 0.016941 sec\nrequests.packages.urllib3.connectionpool: DEBUG: "POST /fedora/objects/new HTTP/1.1" 201 16\neulfedora.api: DEBUG: POST objects/new=>201: 0.559012 sec\ntracking.middleware: DEBUG: Created a new visitor: {\'session_key\': u\'127.0.0.1:\', \'ip_address\': \'127.0.0.1\'}\neulfedora.server: DEBUG: Connecting to fedora at https://libfedqa1.library.emory.edu:8443/fedora/ as guest\nrequests.packages.urllib3.connectionpool: DEBUG: "GET /fedora/objects/oe-zo-test:r3zk6?format=xml HTTP/1.1" 401 0\neulfedora.api: DEBUG: GET objects/oe-zo-test:r3zk6=>401: 0.039413 sec\neulfedora.server: DEBUG: Connecting to fedora at https://libfedqa1.library.emory.edu:8443/fedora/ as fedoraAdmin\neulfedora.server: DEBUG: Connecting to fedora at https://libfedqa1.library.emory.edu:8443/fedora/ as guest\nrequests.packages.urllib3.connectionpool: DEBUG: "GET /fedora/objects/oe-zo-test:r3zk6?format=xml HTTP/1.1" 401 0\neulfedora.api: DEBUG: GET objects/oe-zo-test:r3zk6=>401: 0.028521 sec\ndjango.request: WARNING: Not Found: /publications/oe-zo-test:r3zk6/\nrequests.packages.urllib3.connectionpool: DEBUG: "DELETE /fedora/objects/oe-zo-test:r3zk6 HTTP/1.1" 200 23\neulfedora.api: DEBUG: DELETE objects/oe-zo-test:r3zk6=>200: 0.219114 sec\n--------------------- >> end captured logging << ---------------------']]></failure></testcase><testcase classname="openemory.publication.tests.QuarterlyCommandTest" name="test_get_article_data" time="0.008"></testcase><testcase classname="openemory.publication.tests.QuarterlyCommandTest" name="test_send_mail" time="0.008"><system-out><![CDATA[No Mail Sent
Mail Sent
]]></system-out></testcase><testcase classname="openemory.publication.tests.ResearchFieldsTest" name="test_choices" time="0.014"></testcase><testcase classname="openemory.publication.tests.ResearchFieldsTest" name="test_get_choices" time="0.011"></testcase><testcase classname="openemory.publication.tests.ResearchFieldsTest" name="test_init" time="0.000"></testcase><testcase classname="openemory.publication.tests.ResearchFieldsTest" name="test_label" time="0.000"></testcase><testcase classname="openemory.publication.tests.TestExpireEmbargoCommand" name="test_expire_embargo" time="0.000"><skipped type="unittest.case.SkipTest" message="acting differently on local and jenkins"><![CDATA[SkipTest: acting differently on local and jenkins
]]></skipped></testcase><testcase classname="openemory.publication.tests.TestFileTypeValidator" name="test_memory_file" time="0.027"></testcase><testcase classname="openemory.publication.tests.TestFileTypeValidator" name="test_temporary_file" time="0.003"></testcase><testcase classname="openemory.publication.tests.TestSympDS" name="test_basic_fields" time="0.003"></testcase><testcase classname="openemory.publication.tests.TestSympDS" name="test_properties" time="0.372"></testcase><testcase classname="openemory.publication.tests.TestUtil" name="test_percent_match" time="0.001"></testcase><testcase classname="openemory.publication.tests.ValidateNetidTest" name="test_validate_netid" time="0.016"><error type="exceptions.AttributeError" message="assert_called"><![CDATA[Traceback (most recent call last):
  File "/Users/azotov/VirtualEnv/open-emory/lib/python2.7/site-packages/unittest2/case.py", line 67, in testPartExecutor
    yield
  File "/Users/azotov/VirtualEnv/open-emory/lib/python2.7/site-packages/unittest2/case.py", line 625, in run
    testMethod()
  File "/Users/azotov/VirtualEnv/open-emory/lib/python2.7/site-packages/mock/mock.py", line 1305, in patched
    return func(*args, **keywargs)
  File "/Users/azotov/OpenEmory/openemory/publication/tests.py", line 926, in test_validate_netid
    mockldap.return_value.find_user.assert_called
  File "/Users/azotov/VirtualEnv/open-emory/lib/python2.7/site-packages/mock/mock.py", line 721, in __getattr__
    raise AttributeError(name)
AttributeError: assert_called
]]></error></testcase><testcase classname="openemory.harvest.tests.ArticleQuerySetTest" name="test_query_set_requests" time="0.010"></testcase><testcase classname="openemory.harvest.tests.ArticleQuerySetTest" name="test_slicing" time="0.010"></testcase><testcase classname="openemory.harvest.tests.EntrezTest" name="test_get_emory_articles" time="0.012"></testcase><testcase classname="openemory.harvest.tests.FetchPMCMetadataTest" name="test_date_opts" time="0.199"><system-out><![CDATA[Date Range: 2011/09/07 - 2016/03/22
Date Range: 2012/01/01 - 2012/02/02
Date Range: 2011/09/07 - 2016/03/22
]]></system-out></testcase><testcase classname="openemory.harvest.tests.HarvestRecordTest" name="test_as_publication_article" time="0.501"><system-out><![CDATA[[]
]]></system-out></testcase><testcase classname="openemory.harvest.tests.HarvestRecordTest" name="test_ingestable" time="0.189"></testcase><testcase classname="openemory.harvest.tests.HarvestRecordTest" name="test_init_from_fetched_article" time="0.227"></testcase><testcase classname="openemory.harvest.tests.HarvestRecordTest" name="test_mark_ignored" time="0.190"></testcase><testcase classname="openemory.harvest.tests.HarvestRecordTest" name="test_mark_ingested" time="0.202"></testcase><testcase classname="openemory.harvest.tests.HarvestViewsTest" name="test_queue" time="0.589"></testcase><testcase classname="openemory.harvest.tests.HarvestViewsTest" name="test_queue_ajax" time="0.455"></testcase><testcase classname="openemory.harvest.tests.HarvestViewsTest" name="test_record_delete" time="0.571"></testcase></testsuite>